Run Information
========================
NewVision.intelligent.test.scripter.engine : 1.0
java.runtime.name    : Java(TM) SE Runtime Environment
java.version         : 20.0.1
java.home            : C:\Program Files\Java\jdk-20
os.name              : Windows 11
os.arch              : amd64
os.version           : 10.0
file.encoding        : UTF-8
========================
Run Started on Mon Aug 21 14:48:01 IST 2023
Loading Browser Profile
Loading RunManager
[Scenario:To Do scenario] [TestCase: To do Dashbord] [Description: To do Dashbord] [Browser: Chrome] [BrowserVersion: Default] [Platform: ANY][ExistingBrowser: false]
[Scenario:To Do scenario] [TestCase: To Do Type] [Description: To Do Type] [Browser: Chrome] [BrowserVersion: Default] [Platform: ANY][ExistingBrowser: false]
[Scenario:To Do scenario] [TestCase: to do entry] [Description: to do entry] [Browser: Chrome] [BrowserVersion: Default] [Platform: ANY][ExistingBrowser: false]
[Scenario:To Do scenario] [TestCase: TO Do List] [Description: TO Do List] [Browser: Chrome] [BrowserVersion: Default] [Platform: ANY][ExistingBrowser: false]
[Scenario:To Do scenario] [TestCase: To do search] [Description: To do search] [Browser: Chrome] [BrowserVersion: Default] [Platform: ANY][ExistingBrowser: false]
[Scenario:To Do scenario] [TestCase: To do Summary] [Description: To do Summary] [Browser: Chrome] [BrowserVersion: Default] [Platform: ANY][ExistingBrowser: false]
----------------------------------------------------------
[6] TestCases selected for execution from [//Execution list/TS_01]
----------------------------------------------------------
Initializing Report
[Thread-122] INFO com.NewVision.InnoVision.engine.core.TMIntegration - TM integration disabled for the testset
ApiLink not available!!
testset : TS_01
Run Manager true
Continue Execution true
Shutting Down Thread as there is no need for SelectiveThreading
Running Iteration 1
Launching Chrome
Launching Local Driver
[pool-50-thread-1] ERROR io.github.bonigarcia.wdm.online.HttpClient - Error HTTP 404 executing https://chromedriver.storage.googleapis.com/LATEST_RELEASE_115
[pool-50-thread-1] WARN io.github.bonigarcia.wdm.versions.VersionDetector - Exception reading https://chromedriver.storage.googleapis.com/LATEST_RELEASE_115 to get latest version of chromedriver (Error HTTP 404 executing https://chromedriver.storage.googleapis.com/LATEST_RELEASE_115)
[pool-50-thread-1] INFO io.github.bonigarcia.wdm.WebDriverManager - Exporting webdriver.chrome.driver as C:\Users\shailja.rajak\.cache\selenium\chromedriver\win32\114.0.5735.90\chromedriver.exe
Starting ChromeDriver 114.0.5735.90 (386bc09e8f4f2e025eddae123f36f6263096ae49-refs/branch-heads/5735@{#1052}) on port 9551
Only local connections are allowed.
Please see https://chromedriver.chromium.org/security-considerations for suggestions on keeping ChromeDriver safe.
ChromeDriver was started successfully.
[1692609484.477][WARNING]: This version of ChromeDriver has not been tested with Chrome version 115.
2023-08-21 14:48:04:08S +0530 [INFO] org.openqa.selenium.remote.ProtocolHandshake createSession:Detected dialect: W3C
Chrome Launched
Step:1   | Object: Browser | Action: Open | Input:*********  | Conditon:  | @21-Aug-2023 14:48:04.004
%Login_Link% changed to http://172.40.0.60:8009/ouaf/cis.jsp
[DONE]   | Opened Url: http://172.40.0.60:8009/ouaf/cis.jsp

===================================================================================================

Step:2   | Object: j_username | Action: Click | Input:*********  | Conditon:  | @21-Aug-2023 14:48:06.006
Using @name [j_username], Object 'j_username' Found in 40 ms
[DONE]   | Clicking on j_username

===================================================================================================

Step:3   | Object: j_username | Action: Set | Input:*********  | Conditon:  | @21-Aug-2023 14:48:06.006
Using @name [j_username], Object 'j_username' Found in 24 ms
[DONE]   | Entered Text 'SYSUSER' on 'j_username'

===================================================================================================

Step:4   | Object: j_password | Action: Click | Input:*********  | Conditon:  | @21-Aug-2023 14:48:06.006
Using @name [j_password], Object 'j_password' Found in 18 ms
[DONE]   | Clicking on j_password

===================================================================================================

Step:5   | Object: j_password | Action: Set | Input:*********  | Conditon:  | @21-Aug-2023 14:48:06.006
Using @name [j_password], Object 'j_password' Found in 17 ms
[DONE]   | Entered Text 'sysuser00' on 'j_password'

===================================================================================================

Step:6   | Object: Login | Action: Click | Input:*********  | Conditon:  | @21-Aug-2023 14:48:06.006
Using @id [loginButton], Object 'Login' Found in 23 ms
[DONE]   | Clicking on Login

===================================================================================================

Step:2   | Object: Menu | Action: Click | Input:*********  | Conditon:  | @21-Aug-2023 14:48:06.006
Using @id [IM_menuButton], Object 'Menu' Found in 10190 ms
[DONE]   | Clicking on Menu

===================================================================================================

Step:3   | Object: To Do | Action: mouseOverElement | Input:*********  | Conditon:  | @21-Aug-2023 14:48:17.017
Using @relative_xpath [(//*[normalize-space(text())='To Do'])[1]], Object 'To Do' Found in 85 ms
[DONE]   | Mouse Over to Element 'To Do

===================================================================================================

Step:4   | Object: To Do Dashboard | Action: Click | Input:*********  | Conditon:  | @21-Aug-2023 14:48:17.017
Using @id [CI_TODO_subMenuItem0x3], Object 'To Do Dashboard' Found in 80 ms
[DONE]   | Clicking on To Do Dashboard

===================================================================================================

Step:5   | Object: Browser | Action: scrollToBottom | Input:*********  | Conditon:  | @21-Aug-2023 14:48:17.017
[DONE]   | Browser Scrolled to []

===================================================================================================

Step:1   | Object: Browser | Action: pause | Input:*********  | Conditon:  | @21-Aug-2023 14:48:17.017
[DONE]   | Thread sleep for '30000

===================================================================================================

Step:7   | Object: Browser | Action: verifyTextPresentInPage | Input:*********  | Conditon:  | @21-Aug-2023 14:48:47.047
[PASS]   | Expected text To Do Dashboard is present in the page

===================================================================================================

Step:8   | Object: Browser | Action: pause | Input:*********  | Conditon:  | @21-Aug-2023 14:48:49.049
[DONE]   | Thread sleep for '5000

===================================================================================================

Step:1   | Object: Browser | Action: pause | Input:*********  | Conditon:  | @21-Aug-2023 14:48:54.054
[DONE]   | Thread sleep for '1000

===================================================================================================

Step:2   | Object: Browser | Action: takeScreenshot | Input:*********  | Conditon:  | @21-Aug-2023 14:48:55.055
[PASS]   | Screenshot is taken

===================================================================================================


---------------------------------------------------
Testcase Name        : To Do scenario:To do Dashbord
Executed Steps       : 15
Passed Steps         : 15
Failed Steps         : 0
Time Taken           : 00:00:55
-----------------------------------------------------

Running Iteration 1
Launching Chrome
Launching Local Driver
[pool-50-thread-1] ERROR io.github.bonigarcia.wdm.online.HttpClient - Error HTTP 404 executing https://chromedriver.storage.googleapis.com/LATEST_RELEASE_115
[pool-50-thread-1] WARN io.github.bonigarcia.wdm.versions.VersionDetector - Exception reading https://chromedriver.storage.googleapis.com/LATEST_RELEASE_115 to get latest version of chromedriver (Error HTTP 404 executing https://chromedriver.storage.googleapis.com/LATEST_RELEASE_115)
[pool-50-thread-1] INFO io.github.bonigarcia.wdm.WebDriverManager - Exporting webdriver.chrome.driver as C:\Users\shailja.rajak\.cache\selenium\chromedriver\win32\114.0.5735.90\chromedriver.exe
Starting ChromeDriver 114.0.5735.90 (386bc09e8f4f2e025eddae123f36f6263096ae49-refs/branch-heads/5735@{#1052}) on port 46150
Only local connections are allowed.
Please see https://chromedriver.chromium.org/security-considerations for suggestions on keeping ChromeDriver safe.
ChromeDriver was started successfully.
[1692609539.751][WARNING]: This version of ChromeDriver has not been tested with Chrome version 115.
2023-08-21 14:49:00:08S +0530 [INFO] org.openqa.selenium.remote.ProtocolHandshake createSession:Detected dialect: W3C
Chrome Launched
Step:1   | Object: Browser | Action: Open | Input:*********  | Conditon:  | @21-Aug-2023 14:49:00.000
%Login_Link% changed to http://172.40.0.60:8009/ouaf/cis.jsp
[DONE]   | Opened Url: http://172.40.0.60:8009/ouaf/cis.jsp

===================================================================================================

Step:2   | Object: j_username | Action: Click | Input:*********  | Conditon:  | @21-Aug-2023 14:49:02.002
Using @name [j_username], Object 'j_username' Found in 38 ms
[DONE]   | Clicking on j_username

===================================================================================================

Step:3   | Object: j_username | Action: Set | Input:*********  | Conditon:  | @21-Aug-2023 14:49:02.002
Using @name [j_username], Object 'j_username' Found in 35 ms
[DONE]   | Entered Text 'SYSUSER' on 'j_username'

===================================================================================================

Step:4   | Object: j_password | Action: Click | Input:*********  | Conditon:  | @21-Aug-2023 14:49:03.003
Using @name [j_password], Object 'j_password' Found in 32 ms
[DONE]   | Clicking on j_password

===================================================================================================

Step:5   | Object: j_password | Action: Set | Input:*********  | Conditon:  | @21-Aug-2023 14:49:03.003
Using @name [j_password], Object 'j_password' Found in 24 ms
[DONE]   | Entered Text 'sysuser00' on 'j_password'

===================================================================================================

Step:6   | Object: Login | Action: Click | Input:*********  | Conditon:  | @21-Aug-2023 14:49:03.003
Using @id [loginButton], Object 'Login' Found in 20 ms
[DONE]   | Clicking on Login

===================================================================================================

Step:1   | Object: Browser | Action: pause | Input:*********  | Conditon:  | @21-Aug-2023 14:49:04.004
[DONE]   | Thread sleep for '2000

===================================================================================================

Step:3   | Object: Admin | Action: Click | Input:*********  | Conditon:  | @21-Aug-2023 14:49:06.006
Using @id [IM_adminButton], Object 'Admin' Found in 1710 ms
[DONE]   | Clicking on Admin

===================================================================================================

Step:4   | Object: T | Action: Click | Input:*********  | Conditon:  | @21-Aug-2023 14:49:11.011
Using @relative_xpath [//*[normalize-space(text())='T']], Object 'T' Found in 52 ms
[DONE]   | Clicking on T

===================================================================================================

Step:5   | Object: To Do Type | Action: Click | Input:*********  | Conditon:  | @21-Aug-2023 14:49:11.011
Using @id [CI_SG_ADMIN_T_subMenuItem1x11], Object 'To Do Type' Found in 58 ms
[DONE]   | Clicking on To Do Type

===================================================================================================

Step:6   | Object: Add1 | Action: Click | Input:*********  | Conditon:  | @21-Aug-2023 14:49:11.011
Using @relative_xpath [//*[normalize-space(text())='Add']], Object 'Add1' Found in 53 ms
[DONE]   | Clicking on Add1

===================================================================================================

Step:7   | Object: Browser | Action: switchToFrame | Input:*********  | Conditon:  | @21-Aug-2023 14:49:11.011
[DONE]   | Webdriver switched to new frame by name[tabPage]

===================================================================================================

Step:8   | Object: To Do Type Page | Action: Click | Input:*********  | Conditon:  | @21-Aug-2023 14:49:11.011
Using @name [TD_TYPE_CD], Object 'To Do Type Page' Found in 4255 ms
[DONE]   | Clicking on To Do Type Page

===================================================================================================

Step:9   | Object: To Do Type Page | Action: Set | Input:*********  | Conditon:  | @21-Aug-2023 14:49:16.016
Using @name [TD_TYPE_CD], Object 'To Do Type Page' Found in 20 ms
[DONE]   | Entered Text 'Water_2' on 'To Do Type Page'

===================================================================================================

Step:10  | Object: Description | Action: Click | Input:*********  | Conditon:  | @21-Aug-2023 14:49:16.016
Using @name [DESCR], Object 'Description' Found in 56 ms
[DONE]   | Clicking on Description

===================================================================================================

Step:11  | Object: Description | Action: setByJS | Input:*********  | Conditon:  | @21-Aug-2023 14:49:16.016
Using @name [DESCR], Object 'Description' Found in 28 ms
[DONE]   | Entered Text 'Water High Bill Consumption' on 'Description'

===================================================================================================

Step:13  | Object: TD_PRIORITY_FLG | Action: Click | Input:*********  | Conditon:  | @21-Aug-2023 14:49:16.016
Using @name [TD_PRIORITY_FLG], Object 'TD_PRIORITY_FLG' Found in 32 ms
[DONE]   | Clicking on TD_PRIORITY_FLG

===================================================================================================

Step:14  | Object: TD_PRIORITY_FLG | Action: selectByVisibleText | Input:*********  | Conditon:  | @21-Aug-2023 14:49:16.016
Using @name [TD_PRIORITY_FLG], Object 'TD_PRIORITY_FLG' Found in 21 ms
[DONE]   | Item/s 'Priority 20' is/are selected from list TD_PRIORITY_FLG

===================================================================================================

Step:15  | Object: TD_USAGE_TYPE_FLG | Action: Click | Input:*********  | Conditon:  | @21-Aug-2023 14:49:16.016
Using @name [TD_USAGE_TYPE_FLG], Object 'TD_USAGE_TYPE_FLG' Found in 28 ms
[DONE]   | Clicking on TD_USAGE_TYPE_FLG

===================================================================================================

Step:16  | Object: TD_USAGE_TYPE_FLG | Action: selectByVisibleText | Input:*********  | Conditon:  | @21-Aug-2023 14:49:16.016
Using @name [TD_USAGE_TYPE_FLG], Object 'TD_USAGE_TYPE_FLG' Found in 23 ms
[DONE]   | Item/s 'Manual' is/are selected from list TD_USAGE_TYPE_FLG

===================================================================================================

Step:1   | Object: Browser | Action: pause | Input:*********  | Conditon:  | @21-Aug-2023 14:49:17.017
[DONE]   | Thread sleep for '1000

===================================================================================================

Step:2   | Object: Browser | Action: takeScreenshot | Input:*********  | Conditon:  | @21-Aug-2023 14:49:18.018
[PASS]   | Screenshot is taken

===================================================================================================

Step:18  | Object: Search for Navigation Option | Action: Click | Input:*********  | Conditon:  | @21-Aug-2023 14:49:19.019
Using @name [IM_NAV_OPT_CD], Object 'Search for Navigation Option' Found in 34 ms
[DONE]   | Clicking on Search for Navigation Option

===================================================================================================

Step:1   | Object: Browser | Action: pause | Input:*********  | Conditon:  | @21-Aug-2023 14:49:19.019
[DONE]   | Thread sleep for '2000

===================================================================================================

Step:20  | Object: Browser | Action: switchToWindowByTitle | Input:*********  | Conditon:  | @21-Aug-2023 14:49:21.021
[DONE]   | Webdriver switched to new window by title[Navigation Option Search]

===================================================================================================

Step:21  | Object: Search | Action: clickByJS | Input:*********  | Conditon:  | @21-Aug-2023 14:49:22.022
Using @name [BU_section01_sec01_03], Object 'Search' Found in 22 ms
[DONE]   | Clicked on Search

===================================================================================================

Step:1   | Object: Browser | Action: pause | Input:*********  | Conditon:  | @21-Aug-2023 14:49:22.022
[DONE]   | Thread sleep for '2000

===================================================================================================

Step:23  | Object: Browser | Action: switchToFrame | Input:*********  | Conditon:  | @21-Aug-2023 14:49:24.024
[DONE]   | Webdriver switched to new frame by name[dataframe]

===================================================================================================

Step:24  | Object: Rebate Claim | Action: Click | Input:*********  | Conditon:  | @21-Aug-2023 14:49:24.024
Using @id [SEARCH_RESULTS:25$DESCR], Object 'Rebate Claim' Found in 24 ms
[DONE]   | Clicking on Rebate Claim

===================================================================================================

Step:1   | Object: Browser | Action: pause | Input:*********  | Conditon:  | @21-Aug-2023 14:49:24.024
[DONE]   | Thread sleep for '2000

===================================================================================================

Step:26  | Object: Browser | Action: switchToWindowByIndex | Input:*********  | Conditon:  | @21-Aug-2023 14:49:26.026
[DONE]   | Webdriver switched to new window            

===================================================================================================

Step:27  | Object: Browser | Action: switchToDefaultContent | Input:*********  | Conditon:  | @21-Aug-2023 14:49:26.026
[DONE]   | Webdriver switched to default content

===================================================================================================

Step:28  | Object: Browser | Action: waitForTitleToBe | Input:*********  | Conditon:  | @21-Aug-2023 14:49:26.026
[DONE]   | Title Equals 'To Do Type' in stipulated Time

===================================================================================================

Step:29  | Object: Browser | Action: switchToDefaultContent | Input:*********  | Conditon:  | @21-Aug-2023 14:49:26.026
[DONE]   | Webdriver switched to default content

===================================================================================================

Step:30  | Object: Browser | Action: switchToFrame | Input:*********  | Conditon:  | @21-Aug-2023 14:49:26.026
[DONE]   | Webdriver switched to new frame by name[main]

===================================================================================================

Step:31  | Object: Browser | Action: switchToFrame | Input:*********  | Conditon:  | @21-Aug-2023 14:49:26.026
[DONE]   | Webdriver switched to new frame by name[tabPage]

===================================================================================================

Step:1   | Object: Browser | Action: pause | Input:*********  | Conditon:  | @21-Aug-2023 14:49:26.026
[DONE]   | Thread sleep for '2000

===================================================================================================

Step:33  | Object: Message Category | Action: Click | Input:*********  | Conditon:  | @21-Aug-2023 14:49:28.028
Using @name [MESSAGE_CAT_NBR], Object 'Message Category' Found in 28 ms
[DONE]   | Clicking on Message Category

===================================================================================================

Step:34  | Object: Message Category | Action: setByJS | Input:*********  | Conditon:  | @21-Aug-2023 14:49:28.028
Using @name [MESSAGE_CAT_NBR], Object 'Message Category' Found in 25 ms
[DONE]   | Entered Text '6' on 'Message Category'

===================================================================================================

Step:1   | Object: Browser | Action: pause | Input:*********  | Conditon:  | @21-Aug-2023 14:49:28.028
[DONE]   | Thread sleep for '2000

===================================================================================================

Step:36  | Object: Routing Process | Action: Click | Input:*********  | Conditon:  | @21-Aug-2023 14:49:30.030
Using @name [RTE_BATCH_CD], Object 'Routing Process' Found in 30 ms
[DONE]   | Clicking on Routing Process

===================================================================================================

Step:37  | Object: to do meassage text | Action: Click | Input:*********  | Conditon:  | @21-Aug-2023 14:49:30.030
Using @xpath [//*[@id="MESSAGE_NBR"]], Object 'to do meassage text' Found in 36 ms
[DONE]   | Clicking on to do meassage text

===================================================================================================

Step:38  | Object: to do meassage text | Action: setByJS | Input:*********  | Conditon:  | @21-Aug-2023 14:49:32.032
Using @xpath [//*[@id="MESSAGE_NBR"]], Object 'to do meassage text' Found in 25 ms
[DONE]   | Entered Text '2' on 'to do meassage text'

===================================================================================================

Step:1   | Object: Browser | Action: pause | Input:*********  | Conditon:  | @21-Aug-2023 14:49:32.032
[DONE]   | Thread sleep for '2000

===================================================================================================

Step:40  | Object: Routing Process | Action: Click | Input:*********  | Conditon:  | @21-Aug-2023 14:49:34.034
Using @name [RTE_BATCH_CD], Object 'Routing Process' Found in 20 ms
[DONE]   | Clicking on Routing Process

===================================================================================================

Step:1   | Object: Browser | Action: pause | Input:*********  | Conditon:  | @21-Aug-2023 14:49:34.034
[DONE]   | Thread sleep for '1000

===================================================================================================

Step:2   | Object: Browser | Action: takeScreenshot | Input:*********  | Conditon:  | @21-Aug-2023 14:49:35.035
[PASS]   | Screenshot is taken

===================================================================================================

Step:1   | Object: Browser | Action: pause | Input:*********  | Conditon:  | @21-Aug-2023 14:49:37.037
[DONE]   | Thread sleep for '30000

===================================================================================================

Step:43  | Object: Browser | Action: switchToDefaultContent | Input:*********  | Conditon:  | @21-Aug-2023 14:50:07.007
[DONE]   | Webdriver switched to default content

===================================================================================================

Step:44  | Object: Browser | Action: switchToFrame | Input:*********  | Conditon:  | @21-Aug-2023 14:50:07.007
[DONE]   | Webdriver switched to new frame by name[main]

===================================================================================================

Step:45  | Object: Browser | Action: switchToFrame | Input:*********  | Conditon:  | @21-Aug-2023 14:50:07.007
[DONE]   | Webdriver switched to new frame by name[tabMenu]

===================================================================================================

Step:46  | Object: Roles1 | Action: clickByJS | Input:*********  | Conditon:  | @21-Aug-2023 14:50:07.007
Using @relative_xpath [//td[@title='Roles']], Object 'Roles1' Found in 38 ms
[DONE]   | Clicked on Roles1

===================================================================================================

Step:1   | Object: Browser | Action: pause | Input:*********  | Conditon:  | @21-Aug-2023 14:50:07.007
[DONE]   | Thread sleep for '2000

===================================================================================================

Step:48  | Object: Browser | Action: switchToDefaultContent | Input:*********  | Conditon:  | @21-Aug-2023 14:50:09.009
[DONE]   | Webdriver switched to default content

===================================================================================================

Step:49  | Object: Browser | Action: switchToFrame | Input:*********  | Conditon:  | @21-Aug-2023 14:50:09.009
[DONE]   | Webdriver switched to new frame by name[main]

===================================================================================================

Step:50  | Object: Browser | Action: switchToFrame | Input:*********  | Conditon:  | @21-Aug-2023 14:50:09.009
[DONE]   | Webdriver switched to new frame by name[tabPage]

===================================================================================================

Step:51  | Object: Browser | Action: switchToFrame | Input:*********  | Conditon:  | @21-Aug-2023 14:50:09.009
[DONE]   | Webdriver switched to new frame by name[roleGrid]

===================================================================================================

Step:1   | Object: Browser | Action: pause | Input:*********  | Conditon:  | @21-Aug-2023 14:50:09.009
[DONE]   | Thread sleep for '2000

===================================================================================================

Step:53  | Object: TD_TYPE_ROLE:0$ROLE_ID | Action: Click | Input:*********  | Conditon:  | @21-Aug-2023 14:50:11.011
Using @name [TD_TYPE_ROLE:0$ROLE_ID], Object 'TD_TYPE_ROLE:0$ROLE_ID' Found in 32 ms
[DONE]   | Clicking on TD_TYPE_ROLE:0$ROLE_ID

===================================================================================================

Step:54  | Object: TD_TYPE_ROLE:0$ROLE_ID | Action: setByJS | Input:*********  | Conditon:  | @21-Aug-2023 14:50:12.012
Using @name [TD_TYPE_ROLE:0$ROLE_ID], Object 'TD_TYPE_ROLE:0$ROLE_ID' Found in 27 ms
[DONE]   | Entered Text 'BILLERR' on 'TD_TYPE_ROLE:0$ROLE_ID'

===================================================================================================

Step:55  | Object: TD_TYPE_ROLE:0$DEFAULT_SW | Action: clickByJS | Input:*********  | Conditon:  | @21-Aug-2023 14:50:12.012
Using @name [TD_TYPE_ROLE:0$DEFAULT_SW], Object 'TD_TYPE_ROLE:0$DEFAULT_SW' Found in 29 ms
[DONE]   | Clicked on TD_TYPE_ROLE:0$DEFAULT_SW

===================================================================================================

Step:1   | Object: Browser | Action: pause | Input:*********  | Conditon:  | @21-Aug-2023 14:50:12.012
[DONE]   | Thread sleep for '2000

===================================================================================================

Step:1   | Object: Browser | Action: pause | Input:*********  | Conditon:  | @21-Aug-2023 14:50:14.014
[DONE]   | Thread sleep for '1000

===================================================================================================

Step:2   | Object: Browser | Action: takeScreenshot | Input:*********  | Conditon:  | @21-Aug-2023 14:50:15.015
[PASS]   | Screenshot is taken

===================================================================================================

Step:58  | Object: Browser | Action: switchToDefaultContent | Input:*********  | Conditon:  | @21-Aug-2023 14:50:18.018
[DONE]   | Webdriver switched to default content

===================================================================================================

Step:59  | Object: Browser | Action: switchToFrame | Input:*********  | Conditon:  | @21-Aug-2023 14:50:18.018
[DONE]   | Webdriver switched to new frame by name[main]

===================================================================================================

Step:60  | Object: Browser | Action: switchToFrame | Input:*********  | Conditon:  | @21-Aug-2023 14:50:18.018
[DONE]   | Webdriver switched to new frame by name[tabMenu]

===================================================================================================

Step:61  | Object: Sort Keys | Action: Click | Input:*********  | Conditon:  | @21-Aug-2023 14:50:18.018
Using @relative_xpath [//td[@title='Sort Keys']], Object 'Sort Keys' Found in 41 ms
[DONE]   | Clicking on Sort Keys

===================================================================================================

Step:1   | Object: Browser | Action: pause | Input:*********  | Conditon:  | @21-Aug-2023 14:50:19.019
[DONE]   | Thread sleep for '2000

===================================================================================================

Step:63  | Object: Browser | Action: switchToDefaultContent | Input:*********  | Conditon:  | @21-Aug-2023 14:50:21.021
[DONE]   | Webdriver switched to default content

===================================================================================================

Step:64  | Object: Browser | Action: switchToFrame | Input:*********  | Conditon:  | @21-Aug-2023 14:50:21.021
[DONE]   | Webdriver switched to new frame by name[main]

===================================================================================================

Step:65  | Object: Browser | Action: switchToFrame | Input:*********  | Conditon:  | @21-Aug-2023 14:50:21.021
[DONE]   | Webdriver switched to new frame by name[tabPage]

===================================================================================================

Step:66  | Object: Browser | Action: switchToFrame | Input:*********  | Conditon:  | @21-Aug-2023 14:50:21.021
[DONE]   | Webdriver switched to new frame by name[sortKeyGrid]

===================================================================================================

Step:67  | Object: Sequence | Action: setByJS | Input:*********  | Conditon:  | @21-Aug-2023 14:50:21.021
Using @name [TD_TYPE_SRTKY:0$SEQ_NUM], Object 'Sequence' Found in 44 ms
[DONE]   | Entered Text '1' on 'Sequence'

===================================================================================================

Step:68  | Object: Sequence | Action: sendKeysToElement | Input:*********  | Conditon:  | @21-Aug-2023 14:50:21.021
Using @name [TD_TYPE_SRTKY:0$SEQ_NUM], Object 'Sequence' Found in 30 ms
[DONE]   | Keys Submitted

===================================================================================================

Step:69  | Object: Description | Action: setByJS | Input:*********  | Conditon:  | @21-Aug-2023 14:50:21.021
Using @name [TD_TYPE_SRTKY:0$DESCR], Object 'Description' Found in 36 ms
[DONE]   | Entered Text 'Water related issue' on 'Description'

===================================================================================================

Step:70  | Object: Use as a defoult | Action: clickByJS | Input:*********  | Conditon:  | @21-Aug-2023 14:50:21.021
Using @name [TD_TYPE_SRTKY:0$DEFAULT_SW], Object 'Use as a defoult' Found in 35 ms
[DONE]   | Clicked on Use as a defoult

===================================================================================================

Step:71  | Object: Sort order | Action: Click | Input:*********  | Conditon:  | @21-Aug-2023 14:50:21.021
Using @name [TD_TYPE_SRTKY:0$ORDER_FLG], Object 'Sort order' Found in 33 ms
[DONE]   | Clicking on Sort order

===================================================================================================

Step:72  | Object: Sort order | Action: selectByVisibleText | Input:*********  | Conditon:  | @21-Aug-2023 14:50:21.021
Using @name [TD_TYPE_SRTKY:0$ORDER_FLG], Object 'Sort order' Found in 24 ms
[DONE]   | Item/s 'Ascending' is/are selected from list Sort order

===================================================================================================

Step:1   | Object: Browser | Action: pause | Input:*********  | Conditon:  | @21-Aug-2023 14:50:21.021
[DONE]   | Thread sleep for '2000

===================================================================================================

Step:1   | Object: Browser | Action: pause | Input:*********  | Conditon:  | @21-Aug-2023 14:50:23.023
[DONE]   | Thread sleep for '1000

===================================================================================================

Step:2   | Object: Browser | Action: takeScreenshot | Input:*********  | Conditon:  | @21-Aug-2023 14:50:24.024
[PASS]   | Screenshot is taken

===================================================================================================

Step:75  | Object: Browser | Action: switchToDefaultContent | Input:*********  | Conditon:  | @21-Aug-2023 14:50:28.028
[DONE]   | Webdriver switched to default content

===================================================================================================

Step:76  | Object: Browser | Action: switchToFrame | Input:*********  | Conditon:  | @21-Aug-2023 14:50:28.028
[DONE]   | Webdriver switched to new frame by name[main]

===================================================================================================

Step:77  | Object: Browser | Action: switchToFrame | Input:*********  | Conditon:  | @21-Aug-2023 14:50:28.028
[DONE]   | Webdriver switched to new frame by name[tabMenu]

===================================================================================================

Step:78  | Object: Drill Keys | Action: Click | Input:*********  | Conditon:  | @21-Aug-2023 14:50:28.028
Using @xpath [//*[@id="DRILLKEYS_TLBL"]/table/tbody/tr[2]/td], Object 'Drill Keys' Found in 28 ms
[DONE]   | Clicking on Drill Keys

===================================================================================================

Step:1   | Object: Browser | Action: pause | Input:*********  | Conditon:  | @21-Aug-2023 14:50:28.028
[DONE]   | Thread sleep for '2000

===================================================================================================

Step:80  | Object: Browser | Action: switchToDefaultContent | Input:*********  | Conditon:  | @21-Aug-2023 14:50:30.030
[DONE]   | Webdriver switched to default content

===================================================================================================

Step:81  | Object: Browser | Action: switchToFrame | Input:*********  | Conditon:  | @21-Aug-2023 14:50:30.030
[DONE]   | Webdriver switched to new frame by name[main]

===================================================================================================

Step:82  | Object: Browser | Action: switchToFrame | Input:*********  | Conditon:  | @21-Aug-2023 14:50:30.030
[DONE]   | Webdriver switched to new frame by name[tabPage]

===================================================================================================

Step:83  | Object: Browser | Action: switchToFrame | Input:*********  | Conditon:  | @21-Aug-2023 14:50:30.030
[DONE]   | Webdriver switched to new frame by name[drillGrid]

===================================================================================================

Step:84  | Object: Sequence | Action: setByJS | Input:*********  | Conditon:  | @21-Aug-2023 14:50:30.030
Using @name [TD_TYPE_DRLKY:0$SEQ_NUM], Object 'Sequence' Found in 30 ms
[DONE]   | Entered Text '2' on 'Sequence'

===================================================================================================

Step:85  | Object: Table | Action: setByJS | Input:*********  | Conditon:  | @21-Aug-2023 14:50:30.030
Using @name [TD_TYPE_DRLKY:0$TBL_NAME], Object 'Table' Found in 38 ms
[DONE]   | Entered Text 'C1_BI_BILL_VW' on 'Table'

===================================================================================================

Step:86  | Object: Table | Action: sendKeysToElement | Input:*********  | Conditon:  | @21-Aug-2023 14:50:30.030
Using @name [TD_TYPE_DRLKY:0$TBL_NAME], Object 'Table' Found in 26 ms
[DONE]   | Keys Submitted

===================================================================================================

Step:87  | Object: Feild | Action: setByJS | Input:*********  | Conditon:  | @21-Aug-2023 14:50:30.030
Using @name [TD_TYPE_DRLKY:0$FLD_NAME], Object 'Feild' Found in 33 ms
[DONE]   | Entered Text 'BILL_AMT' on 'Feild'

===================================================================================================

Step:88  | Object: Feild | Action: sendKeysToElement | Input:*********  | Conditon:  | @21-Aug-2023 14:50:31.031
Using @name [TD_TYPE_DRLKY:0$FLD_NAME], Object 'Feild' Found in 252 ms
[DONE]   | Keys Submitted

===================================================================================================

Step:1   | Object: Browser | Action: pause | Input:*********  | Conditon:  | @21-Aug-2023 14:50:32.032
[DONE]   | Thread sleep for '2000

===================================================================================================

Step:1   | Object: Browser | Action: pause | Input:*********  | Conditon:  | @21-Aug-2023 14:50:34.034
[DONE]   | Thread sleep for '1000

===================================================================================================

Step:2   | Object: Browser | Action: takeScreenshot | Input:*********  | Conditon:  | @21-Aug-2023 14:50:35.035
[PASS]   | Screenshot is taken

===================================================================================================

Step:91  | Object: Browser | Action: switchToDefaultContent | Input:*********  | Conditon:  | @21-Aug-2023 14:50:38.038
[DONE]   | Webdriver switched to default content

===================================================================================================

Step:92  | Object: Browser | Action: switchToFrame | Input:*********  | Conditon:  | @21-Aug-2023 14:50:38.038
[DONE]   | Webdriver switched to new frame by name[main]

===================================================================================================

Step:93  | Object: Save | Action: Click | Input:*********  | Conditon:  | @21-Aug-2023 14:50:38.038
Using @name [Save], Object 'Save' Found in 36 ms
[DONE]   | Clicking on Save

===================================================================================================

Step:1   | Object: Browser | Action: pause | Input:*********  | Conditon:  | @21-Aug-2023 14:50:38.038
[DONE]   | Thread sleep for '2000

===================================================================================================

Step:1   | Object: Browser | Action: pause | Input:*********  | Conditon:  | @21-Aug-2023 14:50:40.040
[DONE]   | Thread sleep for '1000

===================================================================================================

Step:2   | Object: Browser | Action: takeScreenshot | Input:*********  | Conditon:  | @21-Aug-2023 14:50:41.041
[PASS]   | Screenshot is taken

===================================================================================================

Couldn't take ScreenShot Driver is closed or connection is lost with driver

---------------------------------------------------
Testcase Name        : To Do scenario:To Do Type
Executed Steps       : 105
Passed Steps         : 105
Failed Steps         : 0
Time Taken           : 00:01:45
-----------------------------------------------------

Running Iteration 1
Launching Chrome
Launching Local Driver
[pool-50-thread-1] ERROR io.github.bonigarcia.wdm.online.HttpClient - Error HTTP 404 executing https://chromedriver.storage.googleapis.com/LATEST_RELEASE_115
[pool-50-thread-1] WARN io.github.bonigarcia.wdm.versions.VersionDetector - Exception reading https://chromedriver.storage.googleapis.com/LATEST_RELEASE_115 to get latest version of chromedriver (Error HTTP 404 executing https://chromedriver.storage.googleapis.com/LATEST_RELEASE_115)
[pool-50-thread-1] INFO io.github.bonigarcia.wdm.WebDriverManager - Exporting webdriver.chrome.driver as C:\Users\shailja.rajak\.cache\selenium\chromedriver\win32\114.0.5735.90\chromedriver.exe
Starting ChromeDriver 114.0.5735.90 (386bc09e8f4f2e025eddae123f36f6263096ae49-refs/branch-heads/5735@{#1052}) on port 58444
Only local connections are allowed.
Please see https://chromedriver.chromium.org/security-considerations for suggestions on keeping ChromeDriver safe.
ChromeDriver was started successfully.
[1692609646.549][WARNING]: This version of ChromeDriver has not been tested with Chrome version 115.
2023-08-21 14:50:47:08S +0530 [INFO] org.openqa.selenium.remote.ProtocolHandshake createSession:Detected dialect: W3C
Chrome Launched
Step:1   | Object: Browser | Action: Open | Input:*********  | Conditon:  | @21-Aug-2023 14:50:47.047
%Login_Link% changed to http://172.40.0.60:8009/ouaf/cis.jsp
[DONE]   | Opened Url: http://172.40.0.60:8009/ouaf/cis.jsp

===================================================================================================

Step:2   | Object: j_username | Action: Click | Input:*********  | Conditon:  | @21-Aug-2023 14:50:48.048
Using @name [j_username], Object 'j_username' Found in 39 ms
[DONE]   | Clicking on j_username

===================================================================================================

Step:3   | Object: j_username | Action: Set | Input:*********  | Conditon:  | @21-Aug-2023 14:50:48.048
Using @name [j_username], Object 'j_username' Found in 20 ms
[DONE]   | Entered Text 'SYSUSER' on 'j_username'

===================================================================================================

Step:4   | Object: j_password | Action: Click | Input:*********  | Conditon:  | @21-Aug-2023 14:50:48.048
Using @name [j_password], Object 'j_password' Found in 19 ms
[DONE]   | Clicking on j_password

===================================================================================================

Step:5   | Object: j_password | Action: Set | Input:*********  | Conditon:  | @21-Aug-2023 14:50:48.048
Using @name [j_password], Object 'j_password' Found in 19 ms
[DONE]   | Entered Text 'sysuser00' on 'j_password'

===================================================================================================

Step:6   | Object: Login | Action: Click | Input:*********  | Conditon:  | @21-Aug-2023 14:50:48.048
Using @id [loginButton], Object 'Login' Found in 19 ms
[DONE]   | Clicking on Login

===================================================================================================

Step:2   | Object: Menu | Action: Click | Input:*********  | Conditon:  | @21-Aug-2023 14:50:49.049
Using @id [IM_menuButton], Object 'Menu' Found in 6450 ms
[DONE]   | Clicking on Menu

===================================================================================================

Step:3   | Object: To Do | Action: mouseOverElement | Input:*********  | Conditon:  | @21-Aug-2023 14:50:55.055
Using @relative_xpath [(//*[normalize-space(text())='To Do'])[1]], Object 'To Do' Found in 68 ms
[DONE]   | Mouse Over to Element 'To Do

===================================================================================================

Step:4   | Object: To Do Entry | Action: clickByJS | Input:*********  | Conditon:  | @21-Aug-2023 14:50:55.055
Using @relative_xpath [//*[normalize-space(text())='To Do Entry']], Object 'To Do Entry' Found in 164 ms
[DONE]   | Clicked on To Do Entry

===================================================================================================

Step:6   | Object: Add | Action: clickByJS | Input:*********  | Conditon:  | @21-Aug-2023 14:50:56.056
Using @relative_xpath [//*[normalize-space(text())='Add']], Object 'Add' Found in 155 ms
[DONE]   | Clicked on Add

===================================================================================================

Step:7   | Object: Browser | Action: switchToFrame | Input:*********  | Conditon:  | @21-Aug-2023 14:50:56.056
[DONE]   | Webdriver switched to new frame by name[uiMap]

===================================================================================================

Step:8   | Object: Frame To do select type | Action: highlight | Input:*********  | Conditon:  | @21-Aug-2023 14:50:56.056
Using @xpath [/html], Object 'Frame To do select type' Found in 31 ms
[PASS]   | Element Highlighted

===================================================================================================

2023-08-21 14:50:57:08S +0530 [SEVERE] com.NewVision.InnoVision.engine.reporting.util.ReportUtils takeScreenshot:null
java.lang.RuntimeException: Error making screenshot
	at com.NewVision.InnoVision.engine.drivers.SeleniumDriver.createNewScreenshot(SeleniumDriver.java:186)
	at com.NewVision.InnoVision.engine.drivers.SeleniumDriver.createScreenShot(SeleniumDriver.java:164)
	at com.NewVision.InnoVision.engine.reporting.util.ReportUtils.takeScreenshot(ReportUtils.java:86)
	at com.NewVision.InnoVision.engine.reporting.impl.extent.ExtentTestCaseHandler.takeSSAndPutDetail(ExtentTestCaseHandler.java:375)
	at com.NewVision.InnoVision.engine.reporting.impl.extent.ExtentTestCaseHandler.takeScreenShot(ExtentTestCaseHandler.java:336)
	at com.NewVision.InnoVision.engine.reporting.impl.extent.ExtentTestCaseHandler.putStatus(ExtentTestCaseHandler.java:313)
	at com.NewVision.InnoVision.engine.reporting.impl.extent.ExtentTestCaseHandler.updateTestLog(ExtentTestCaseHandler.java:181)
	at com.NewVision.InnoVision.engine.reporting.TestCaseReport.updateTestLog(TestCaseReport.java:206)
	at com.NewVision.InnoVision.engine.reporting.TestCaseReport.updateTestLog(TestCaseReport.java:164)
	at com.NewVision.InnoVision.engine.commands.Basic.highlight(Basic.java:349)
	at com.NewVision.InnoVision.engine.support.reflect.MethodExecutor.executeMethod(MethodExecutor.java:39)
	at com.NewVision.InnoVision.engine.execution.run.TestStepRunner.executeAction(TestStepRunner.java:165)
	at com.NewVision.InnoVision.engine.execution.run.TestStepRunner.executeStep(TestStepRunner.java:161)
	at com.NewVision.InnoVision.engine.execution.run.TestStepRunner.executeStep(TestStepRunner.java:147)
	at com.NewVision.InnoVision.engine.execution.run.TestStepRunner.run(TestStepRunner.java:66)
	at com.NewVision.InnoVision.engine.execution.run.TestCaseRunner.runStep(TestCaseRunner.java:397)
	at com.NewVision.InnoVision.engine.execution.run.TestCaseRunner.run(TestCaseRunner.java:348)
	at com.NewVision.InnoVision.engine.core.Task.runIteration(Task.java:127)
	at com.NewVision.InnoVision.engine.core.Task.run(Task.java:83)
	at java.base/java.util.concurrent.ThreadPoolExecutor.runWorker(ThreadPoolExecutor.java:1144)
	at java.base/java.util.concurrent.ThreadPoolExecutor$Worker.run(ThreadPoolExecutor.java:642)
	at java.base/java.lang.Thread.run(Thread.java:1623)
Caused by: java.lang.IllegalArgumentException: Width (1920) and height (0) cannot be <= 0
	at java.desktop/java.awt.image.DirectColorModel.createCompatibleWritableRaster(DirectColorModel.java:1016)
	at java.desktop/java.awt.image.BufferedImage.<init>(BufferedImage.java:324)
	at com.galenframework.utils.GalenUtils.makeFullScreenshot(GalenUtils.java:140)
	at com.NewVision.InnoVision.engine.drivers.SeleniumDriver.getScreenShotFromGalen(SeleniumDriver.java:197)
	at com.NewVision.InnoVision.engine.drivers.SeleniumDriver.createNewScreenshot(SeleniumDriver.java:183)
	... 21 more

2023-08-21 14:50:58:08S +0530 [SEVERE] com.NewVision.InnoVision.engine.reporting.util.ReportUtils takeScreenshot:null
java.lang.RuntimeException: Error making screenshot
	at com.NewVision.InnoVision.engine.drivers.SeleniumDriver.createNewScreenshot(SeleniumDriver.java:186)
	at com.NewVision.InnoVision.engine.drivers.SeleniumDriver.createScreenShot(SeleniumDriver.java:164)
	at com.NewVision.InnoVision.engine.reporting.util.ReportUtils.takeScreenshot(ReportUtils.java:86)
	at com.NewVision.InnoVision.engine.reporting.impl.html.HtmlTestCaseHandler.takeSSAndPutDetail(HtmlTestCaseHandler.java:291)
	at com.NewVision.InnoVision.engine.reporting.impl.html.HtmlTestCaseHandler.takeScreenShot(HtmlTestCaseHandler.java:252)
	at com.NewVision.InnoVision.engine.reporting.impl.html.HtmlTestCaseHandler.putStatus(HtmlTestCaseHandler.java:227)
	at com.NewVision.InnoVision.engine.reporting.impl.html.HtmlTestCaseHandler.updateTestLog(HtmlTestCaseHandler.java:115)
	at com.NewVision.InnoVision.engine.reporting.TestCaseReport.updateTestLog(TestCaseReport.java:206)
	at com.NewVision.InnoVision.engine.reporting.TestCaseReport.updateTestLog(TestCaseReport.java:164)
	at com.NewVision.InnoVision.engine.commands.Basic.highlight(Basic.java:349)
	at com.NewVision.InnoVision.engine.support.reflect.MethodExecutor.executeMethod(MethodExecutor.java:39)
	at com.NewVision.InnoVision.engine.execution.run.TestStepRunner.executeAction(TestStepRunner.java:165)
	at com.NewVision.InnoVision.engine.execution.run.TestStepRunner.executeStep(TestStepRunner.java:161)
	at com.NewVision.InnoVision.engine.execution.run.TestStepRunner.executeStep(TestStepRunner.java:147)
	at com.NewVision.InnoVision.engine.execution.run.TestStepRunner.run(TestStepRunner.java:66)
	at com.NewVision.InnoVision.engine.execution.run.TestCaseRunner.runStep(TestCaseRunner.java:397)
	at com.NewVision.InnoVision.engine.execution.run.TestCaseRunner.run(TestCaseRunner.java:348)
	at com.NewVision.InnoVision.engine.core.Task.runIteration(Task.java:127)
	at com.NewVision.InnoVision.engine.core.Task.run(Task.java:83)
	at java.base/java.util.concurrent.ThreadPoolExecutor.runWorker(ThreadPoolExecutor.java:1144)
	at java.base/java.util.concurrent.ThreadPoolExecutor$Worker.run(ThreadPoolExecutor.java:642)
	at java.base/java.lang.Thread.run(Thread.java:1623)
Caused by: java.lang.IllegalArgumentException: Width (1920) and height (0) cannot be <= 0
	at java.desktop/java.awt.image.DirectColorModel.createCompatibleWritableRaster(DirectColorModel.java:1016)
	at java.desktop/java.awt.image.BufferedImage.<init>(BufferedImage.java:324)
	at com.galenframework.utils.GalenUtils.makeFullScreenshot(GalenUtils.java:140)
	at com.NewVision.InnoVision.engine.drivers.SeleniumDriver.getScreenShotFromGalen(SeleniumDriver.java:197)
	at com.NewVision.InnoVision.engine.drivers.SeleniumDriver.createNewScreenshot(SeleniumDriver.java:183)
	... 21 more

Step:9   | Object: selectedType1 | Action: Click | Input:*********  | Conditon:  | @21-Aug-2023 14:50:58.058
Using @id [selectedType], Object 'selectedType1' Found in 4437 ms
[DONE]   | Clicking on selectedType1

===================================================================================================

Step:10  | Object: selectedType1 | Action: selectByVisibleText | Input:*********  | Conditon:  | @21-Aug-2023 14:51:02.002
Using @id [selectedType], Object 'selectedType1' Found in 20 ms
[DONE]   | Item/s 'Water High Bill Consumption' is/are selected from list selectedType1

===================================================================================================

Step:1   | Object: Browser | Action: pause | Input:*********  | Conditon:  | @21-Aug-2023 14:51:02.002
[DONE]   | Thread sleep for '2000

===================================================================================================

Step:12  | Object: OK button | Action: Click | Input:*********  | Conditon:  | @21-Aug-2023 14:51:04.004
Using @xpath [//*[@id="OK"]], Object 'OK button' Found in 30 ms
[DONE]   | Clicking on OK button

===================================================================================================

Step:1   | Object: Browser | Action: pause | Input:*********  | Conditon:  | @21-Aug-2023 14:51:05.005
[DONE]   | Thread sleep for '2000

===================================================================================================

Step:14  | Object: Subject text | Action: Set | Input:*********  | Conditon:  | @21-Aug-2023 14:51:07.007
Using @xpath [//*[@id="addGroup_subject"]], Object 'Subject text' Found in 515 ms
[DONE]   | Entered Text 'Water consumption ' on 'Subject text'

===================================================================================================

Step:1   | Object: Browser | Action: pause | Input:*********  | Conditon:  | @21-Aug-2023 14:51:08.008
[DONE]   | Thread sleep for '2000

===================================================================================================

Step:16  | Object: Comment text | Action: Set | Input:*********  | Conditon:  | @21-Aug-2023 14:51:10.010
Using @xpath [//*[@id="addGroup_addComments"]], Object 'Comment text' Found in 45 ms
[DONE]   | Entered Text 'water related issue ' on 'Comment text'

===================================================================================================

Step:17  | Object: Priority | Action: selectByVisibleText | Input:*********  | Conditon:  | @21-Aug-2023 14:51:10.010
Using @xpath [//*[@id="addGroup_overridePriority"]], Object 'Priority' Found in 23 ms
[DONE]   | Item/s 'Priority 20' is/are selected from list Priority

===================================================================================================

Step:18  | Object: Save | Action: clickByJS | Input:*********  | Conditon:  | @21-Aug-2023 14:51:10.010
Using @xpath [(/html/body/div[5]/div/input[1])[1]], Object 'Save' Found in 26 ms
[DONE]   | Clicked on Save

===================================================================================================

Step:1   | Object: Browser | Action: pause | Input:*********  | Conditon:  | @21-Aug-2023 14:51:10.010
[DONE]   | Thread sleep for '30000

===================================================================================================

Step:20  | Object: Browser | Action: switchToDefaultContent | Input:*********  | Conditon:  | @21-Aug-2023 14:51:40.040
[DONE]   | Webdriver switched to default content

===================================================================================================

Step:21  | Object: Browser | Action: switchToFrame | Input:*********  | Conditon:  | @21-Aug-2023 14:51:40.040
[DONE]   | Webdriver switched to new frame by name[main]

===================================================================================================

Step:22  | Object: Browser | Action: switchToFrame | Input:*********  | Conditon:  | @21-Aug-2023 14:51:40.040
[DONE]   | Webdriver switched to new frame by name[tabPage]

===================================================================================================

Step:23  | Object: Browser | Action: switchToFrame | Input:*********  | Conditon:  | @21-Aug-2023 14:51:40.040
[DONE]   | Webdriver switched to new frame by name[zoneMapFrame_1]

===================================================================================================

Step:1   | Object: Browser | Action: pause | Input:*********  | Conditon:  | @21-Aug-2023 14:51:40.040
[DONE]   | Thread sleep for '2000

===================================================================================================

Step:25  | Object: Expand (Record information) | Action: Click | Input:*********  | Conditon:  | @21-Aug-2023 14:51:42.042
Using @relative_xpath [//img[@title='Expand Section - Record Information']], Object 'Expand (Record information)' Found in 38 ms
[DONE]   | Clicking on Expand (Record information)

===================================================================================================

Step:1   | Object: Browser | Action: pause | Input:*********  | Conditon:  | @21-Aug-2023 14:51:43.043
[DONE]   | Thread sleep for '2000

===================================================================================================

Step:1   | Object: Browser | Action: pause | Input:*********  | Conditon:  | @21-Aug-2023 14:51:45.045
[DONE]   | Thread sleep for '1000

===================================================================================================

Step:2   | Object: Browser | Action: takeScreenshot | Input:*********  | Conditon:  | @21-Aug-2023 14:51:46.046
[PASS]   | Screenshot is taken

===================================================================================================

Step:28  | Object: To Do ID | Action: assertElementPresent | Input:*********  | Conditon:  | @21-Aug-2023 14:51:49.049
Using @relative_xpath [//*[normalize-space(text())='To Do ID']], Object 'To Do ID' Found in 28 ms
[PASS]   | Element [To Do ID] is Present

===================================================================================================

Step:29  | Object: to do id no | Action: storeTextinDataSheet | Input:*********  | Conditon:  | @21-Aug-2023 14:51:52.052
Element could not be identified with [relative_xpath] : [(//*[normalize-space(text())='00768598256151'])[1]]
Expected condition failed: waiting for presence of any elements located by By.xpath: (//*[normalize-space(text())='00768598256151'])[1] (tried for 10 second(s) with 500 milliseconds interval)

Using @xpath [(/html/body/div[2]/div[2]/div/div/span)[1]], Object 'to do id no' Found in 10334 ms
Updating value in SubIteration 1
[DONE]   | Element text [85989357920488] is stored in To Do:To do Id

===================================================================================================

Step:2   | Object: Menu | Action: Click | Input:*********  | Conditon:  | @21-Aug-2023 14:52:03.003
Using @id [IM_menuButton], Object 'Menu' Found in 66 ms
[DONE]   | Clicking on Menu

===================================================================================================

Step:3   | Object: To Do | Action: mouseOverElement | Input:*********  | Conditon:  | @21-Aug-2023 14:52:03.003
Using @relative_xpath [(//*[normalize-space(text())='To Do'])[1]], Object 'To Do' Found in 74 ms
[DONE]   | Mouse Over to Element 'To Do

===================================================================================================

Step:4   | Object: To Do Entry | Action: clickByJS | Input:*********  | Conditon:  | @21-Aug-2023 14:52:03.003
Using @relative_xpath [//*[normalize-space(text())='To Do Entry']], Object 'To Do Entry' Found in 70 ms
[DONE]   | Clicked on To Do Entry

===================================================================================================

Step:5   | Object: Search | Action: Click | Input:*********  | Conditon:  | @21-Aug-2023 14:52:03.003
Using @xpath [//*[@id="f1todoeqTabMenu"]], Object 'Search' Found in 71 ms
[DONE]   | Clicking on Search

===================================================================================================

Step:6   | Object: Browser | Action: switchToFrame | Input:*********  | Conditon:  | @21-Aug-2023 14:52:04.004
[DONE]   | Webdriver switched to new frame by name[tabPage]

===================================================================================================

Step:7   | Object: toDoType1 | Action: clickByJS | Input:*********  | Conditon:  | @21-Aug-2023 14:52:04.004
Using @id [toDoType], Object 'toDoType1' Found in 1137 ms
[DONE]   | Clicked on toDoType1

===================================================================================================

Step:8   | Object: toDoType1 | Action: selectByVisibleText | Input:*********  | Conditon:  | @21-Aug-2023 14:52:05.005
Using @id [toDoType], Object 'toDoType1' Found in 31 ms
[DONE]   | Item/s 'Water High Bill Consumption' is/are selected from list toDoType1

===================================================================================================

Step:9   | Object: Search | Action: Click | Input:*********  | Conditon:  | @21-Aug-2023 14:52:05.005
Object 'Search' Found in 15 ms
[DONE]   | Clicking on Search

===================================================================================================

Step:1   | Object: Browser | Action: pause | Input:*********  | Conditon:  | @21-Aug-2023 14:52:05.005
[DONE]   | Thread sleep for '1000

===================================================================================================

Step:2   | Object: Browser | Action: takeScreenshot | Input:*********  | Conditon:  | @21-Aug-2023 14:52:06.006
[PASS]   | Screenshot is taken

===================================================================================================

Step:1   | Object: Browser | Action: pause | Input:*********  | Conditon:  | @21-Aug-2023 14:52:10.010
[DONE]   | Thread sleep for '2000

===================================================================================================

Step:12  | Object: Browser | Action: takeScreenshot | Input:*********  | Conditon:  | @21-Aug-2023 14:52:12.012
[PASS]   | Screenshot is taken

===================================================================================================

Step:13  | Object: Water High Bill Consumption - | Action: Click | Input:*********  | Conditon:  | @21-Aug-2023 14:52:15.015
Using @relative_xpath [(//span[@title='Go To To Do Entry '])[1]], Object 'Water High Bill Consumption -' Found in 34 ms
[DONE]   | Clicking on Water High Bill Consumption -

===================================================================================================

Step:1   | Object: Browser | Action: pause | Input:*********  | Conditon:  | @21-Aug-2023 14:52:15.015
[DONE]   | Thread sleep for '30000

===================================================================================================

Step:15  | Object: Browser | Action: switchToFrame | Input:*********  | Conditon:  | @21-Aug-2023 14:52:45.045
[DONE]   | Webdriver switched to new frame by name[zoneMapFrame_1]

===================================================================================================

Step:16  | Object: Edit | Action: clickByJS | Input:*********  | Conditon:  | @21-Aug-2023 14:52:45.045
Using @id [EDIT], Object 'Edit' Found in 24 ms
[DONE]   | Clicked on Edit

===================================================================================================

Step:17  | Object: Browser | Action: switchToDefaultContent | Input:*********  | Conditon:  | @21-Aug-2023 14:52:45.045
[DONE]   | Webdriver switched to default content

===================================================================================================

Step:18  | Object: Browser | Action: switchToFrame | Input:*********  | Conditon:  | @21-Aug-2023 14:52:45.045
[DONE]   | Webdriver switched to new frame by name[main]

===================================================================================================

Step:19  | Object: Browser | Action: switchToFrame | Input:*********  | Conditon:  | @21-Aug-2023 14:52:45.045
[DONE]   | Webdriver switched to new frame by name[uiMap]

===================================================================================================

Step:20  | Object: boGroup_toDoPriority | Action: selectByVisibleText | Input:*********  | Conditon:  | @21-Aug-2023 14:52:45.045
Using @id [boGroup_toDoPriority], Object 'boGroup_toDoPriority' Found in 5629 ms
[DONE]   | Item/s 'Priority 30' is/are selected from list boGroup_toDoPriority

===================================================================================================

Step:21  | Object: Save1 | Action: Click | Input:*********  | Conditon:  | @21-Aug-2023 14:52:51.051
Using @id [SAVE_BTN_MP], Object 'Save1' Found in 24 ms
[DONE]   | Clicking on Save1

===================================================================================================

Step:1   | Object: Browser | Action: pause | Input:*********  | Conditon:  | @21-Aug-2023 14:52:51.051
[DONE]   | Thread sleep for '1000

===================================================================================================

Step:2   | Object: Browser | Action: takeScreenshot | Input:*********  | Conditon:  | @21-Aug-2023 14:52:52.052
[PASS]   | Screenshot is taken

===================================================================================================

2023-08-21 14:53:00:08S +0530 [SEVERE] com.NewVision.InnoVision.engine.reporting.util.ReportUtils takeScreenshot:null
java.lang.RuntimeException: Error making screenshot
	at com.NewVision.InnoVision.engine.drivers.SeleniumDriver.createNewScreenshot(SeleniumDriver.java:186)
	at com.NewVision.InnoVision.engine.drivers.SeleniumDriver.createScreenShot(SeleniumDriver.java:164)
	at com.NewVision.InnoVision.engine.reporting.util.ReportUtils.takeScreenshot(ReportUtils.java:86)
	at com.NewVision.InnoVision.engine.reporting.impl.html.HtmlTestCaseHandler.takeSSAndPutDetail(HtmlTestCaseHandler.java:291)
	at com.NewVision.InnoVision.engine.reporting.impl.html.HtmlTestCaseHandler.takeScreenShot(HtmlTestCaseHandler.java:252)
	at com.NewVision.InnoVision.engine.reporting.impl.html.HtmlTestCaseHandler.putStatus(HtmlTestCaseHandler.java:227)
	at com.NewVision.InnoVision.engine.reporting.impl.html.HtmlTestCaseHandler.updateTestLog(HtmlTestCaseHandler.java:115)
	at com.NewVision.InnoVision.engine.reporting.TestCaseReport.updateTestLog(TestCaseReport.java:206)
	at com.NewVision.InnoVision.engine.reporting.TestCaseReport.updateTestLog(TestCaseReport.java:164)
	at com.NewVision.InnoVision.engine.commands.CommonMethods.takeScreenshot(CommonMethods.java:284)
	at com.NewVision.InnoVision.engine.support.reflect.MethodExecutor.executeMethod(MethodExecutor.java:39)
	at com.NewVision.InnoVision.engine.execution.run.TestStepRunner.executeAction(TestStepRunner.java:165)
	at com.NewVision.InnoVision.engine.execution.run.TestStepRunner.executeStep(TestStepRunner.java:161)
	at com.NewVision.InnoVision.engine.execution.run.TestStepRunner.executeStep(TestStepRunner.java:147)
	at com.NewVision.InnoVision.engine.execution.run.TestStepRunner.run(TestStepRunner.java:66)
	at com.NewVision.InnoVision.engine.execution.run.TestCaseRunner.runStep(TestCaseRunner.java:397)
	at com.NewVision.InnoVision.engine.execution.run.TestCaseRunner.run(TestCaseRunner.java:348)
	at com.NewVision.InnoVision.engine.execution.run.TestCaseRunner.run(TestCaseRunner.java:389)
	at com.NewVision.InnoVision.engine.execution.run.TestStepRunner.executeTestCase(TestStepRunner.java:137)
	at com.NewVision.InnoVision.engine.execution.run.TestStepRunner.execute(TestStepRunner.java:118)
	at com.NewVision.InnoVision.engine.execution.run.TestStepRunner.run(TestStepRunner.java:63)
	at com.NewVision.InnoVision.engine.execution.run.TestCaseRunner.runStep(TestCaseRunner.java:397)
	at com.NewVision.InnoVision.engine.execution.run.TestCaseRunner.run(TestCaseRunner.java:348)
	at com.NewVision.InnoVision.engine.execution.run.TestCaseRunner.run(TestCaseRunner.java:389)
	at com.NewVision.InnoVision.engine.execution.run.TestStepRunner.executeTestCase(TestStepRunner.java:137)
	at com.NewVision.InnoVision.engine.execution.run.TestStepRunner.execute(TestStepRunner.java:118)
	at com.NewVision.InnoVision.engine.execution.run.TestStepRunner.run(TestStepRunner.java:63)
	at com.NewVision.InnoVision.engine.execution.run.TestCaseRunner.runStep(TestCaseRunner.java:397)
	at com.NewVision.InnoVision.engine.execution.run.TestCaseRunner.run(TestCaseRunner.java:348)
	at com.NewVision.InnoVision.engine.core.Task.runIteration(Task.java:127)
	at com.NewVision.InnoVision.engine.core.Task.run(Task.java:83)
	at java.base/java.util.concurrent.ThreadPoolExecutor.runWorker(ThreadPoolExecutor.java:1144)
	at java.base/java.util.concurrent.ThreadPoolExecutor$Worker.run(ThreadPoolExecutor.java:642)
	at java.base/java.lang.Thread.run(Thread.java:1623)
Caused by: java.lang.IllegalArgumentException: Width (1920) and height (0) cannot be <= 0
	at java.desktop/java.awt.image.DirectColorModel.createCompatibleWritableRaster(DirectColorModel.java:1016)
	at java.desktop/java.awt.image.BufferedImage.<init>(BufferedImage.java:324)
	at com.galenframework.utils.GalenUtils.makeFullScreenshot(GalenUtils.java:140)
	at com.NewVision.InnoVision.engine.drivers.SeleniumDriver.getScreenShotFromGalen(SeleniumDriver.java:197)
	at com.NewVision.InnoVision.engine.drivers.SeleniumDriver.createNewScreenshot(SeleniumDriver.java:183)
	... 33 more

Step:1   | Object: Browser | Action: pause | Input:*********  | Conditon:  | @21-Aug-2023 14:53:00.000
[DONE]   | Thread sleep for '2000

===================================================================================================

Step:24  | Object: Browser | Action: switchToDefaultContent | Input:*********  | Conditon:  | @21-Aug-2023 14:53:02.002
[DONE]   | Webdriver switched to default content

===================================================================================================

Step:25  | Object: Browser | Action: switchToFrame | Input:*********  | Conditon:  | @21-Aug-2023 14:53:02.002
[DONE]   | Webdriver switched to new frame by name[main]

===================================================================================================

Step:26  | Object: Browser | Action: switchToFrame | Input:*********  | Conditon:  | @21-Aug-2023 14:53:02.002
[DONE]   | Webdriver switched to new frame by name[tabPage]

===================================================================================================

Step:27  | Object: Browser | Action: switchToFrame | Input:*********  | Conditon:  | @21-Aug-2023 14:53:02.002
[DONE]   | Webdriver switched to new frame by name[zoneMapFrame_1]

===================================================================================================

Step:28  | Object: Forward | Action: clickByJS | Input:*********  | Conditon:  | @21-Aug-2023 14:53:02.002
Using @id [FORWARD], Object 'Forward' Found in 23 ms
[DONE]   | Clicked on Forward

===================================================================================================

Step:31  | Object: Browser | Action: switchToDefaultContent | Input:*********  | Conditon:  | @21-Aug-2023 14:53:02.002
[DONE]   | Webdriver switched to default content

===================================================================================================

Step:32  | Object: Browser | Action: switchToFrame | Input:*********  | Conditon:  | @21-Aug-2023 14:53:02.002
[DONE]   | Webdriver switched to new frame by name[main]

===================================================================================================

Step:33  | Object: Browser | Action: switchToFrame | Input:*********  | Conditon:  | @21-Aug-2023 14:53:03.003
[DONE]   | Webdriver switched to new frame by name[uiMap]

===================================================================================================

Step:34  | Object: details | Action: Click | Input:*********  | Conditon:  | @21-Aug-2023 14:53:03.003
Using @id [details], Object 'details' Found in 1175 ms
[DONE]   | Clicking on details

===================================================================================================

Step:35  | Object: details | Action: Set | Input:*********  | Conditon:  | @21-Aug-2023 14:53:04.004
Using @id [details], Object 'details' Found in 20 ms
[DONE]   | Entered Text 'water consumption' on 'details'

===================================================================================================

Step:1   | Object: Browser | Action: pause | Input:*********  | Conditon:  | @21-Aug-2023 14:53:04.004
[DONE]   | Thread sleep for '1000

===================================================================================================

Step:2   | Object: Browser | Action: takeScreenshot | Input:*********  | Conditon:  | @21-Aug-2023 14:53:05.005
[PASS]   | Screenshot is taken

===================================================================================================

Step:37  | Object: Save | Action: Click | Input:*********  | Conditon:  | @21-Aug-2023 14:53:08.008
Using @id [SAVE_BTN_MP], Object 'Save' Found in 20 ms
[DONE]   | Clicking on Save

===================================================================================================


---------------------------------------------------
Testcase Name        : To Do scenario:to do entry
Executed Steps       : 71
Passed Steps         : 71
Failed Steps         : 0
Time Taken           : 00:02:26
-----------------------------------------------------

Running Iteration 1
Launching Chrome
Launching Local Driver
[pool-50-thread-1] ERROR io.github.bonigarcia.wdm.online.HttpClient - Error HTTP 404 executing https://chromedriver.storage.googleapis.com/LATEST_RELEASE_115
[pool-50-thread-1] WARN io.github.bonigarcia.wdm.versions.VersionDetector - Exception reading https://chromedriver.storage.googleapis.com/LATEST_RELEASE_115 to get latest version of chromedriver (Error HTTP 404 executing https://chromedriver.storage.googleapis.com/LATEST_RELEASE_115)
[pool-50-thread-1] INFO io.github.bonigarcia.wdm.WebDriverManager - Exporting webdriver.chrome.driver as C:\Users\shailja.rajak\.cache\selenium\chromedriver\win32\114.0.5735.90\chromedriver.exe
Starting ChromeDriver 114.0.5735.90 (386bc09e8f4f2e025eddae123f36f6263096ae49-refs/branch-heads/5735@{#1052}) on port 24231
Only local connections are allowed.
Please see https://chromedriver.chromium.org/security-considerations for suggestions on keeping ChromeDriver safe.
ChromeDriver was started successfully.
[1692609791.536][WARNING]: This version of ChromeDriver has not been tested with Chrome version 115.
2023-08-21 14:53:11:08S +0530 [INFO] org.openqa.selenium.remote.ProtocolHandshake createSession:Detected dialect: W3C
Chrome Launched
Step:1   | Object: Browser | Action: Open | Input:*********  | Conditon:  | @21-Aug-2023 14:53:11.011
%Login_Link% changed to http://172.40.0.60:8009/ouaf/cis.jsp
[DONE]   | Opened Url: http://172.40.0.60:8009/ouaf/cis.jsp

===================================================================================================

Step:2   | Object: j_username | Action: Click | Input:*********  | Conditon:  | @21-Aug-2023 14:53:16.016
Using @name [j_username], Object 'j_username' Found in 29 ms
[DONE]   | Clicking on j_username

===================================================================================================

Step:3   | Object: j_username | Action: Set | Input:*********  | Conditon:  | @21-Aug-2023 14:53:16.016
Using @name [j_username], Object 'j_username' Found in 18 ms
[DONE]   | Entered Text 'SYSUSER' on 'j_username'

===================================================================================================

Step:4   | Object: j_password | Action: Click | Input:*********  | Conditon:  | @21-Aug-2023 14:53:16.016
Using @name [j_password], Object 'j_password' Found in 18 ms
[DONE]   | Clicking on j_password

===================================================================================================

Step:5   | Object: j_password | Action: Set | Input:*********  | Conditon:  | @21-Aug-2023 14:53:16.016
Using @name [j_password], Object 'j_password' Found in 17 ms
[DONE]   | Entered Text 'sysuser00' on 'j_password'

===================================================================================================

Step:6   | Object: Login | Action: Click | Input:*********  | Conditon:  | @21-Aug-2023 14:53:16.016
Using @id [loginButton], Object 'Login' Found in 18 ms
[DONE]   | Clicking on Login

===================================================================================================

Step:2   | Object: Menu | Action: Click | Input:*********  | Conditon:  | @21-Aug-2023 14:53:16.016
Using @id [IM_menuButton], Object 'Menu' Found in 10878 ms
[DONE]   | Clicking on Menu

===================================================================================================

Step:3   | Object: To Do | Action: mouseOverElement | Input:*********  | Conditon:  | @21-Aug-2023 14:53:27.027
Using @relative_xpath [(//*[normalize-space(text())='To Do'])[1]], Object 'To Do' Found in 118 ms
[DONE]   | Mouse Over to Element 'To Do

===================================================================================================

Step:4   | Object: To Do List | Action: Click | Input:*********  | Conditon:  | @21-Aug-2023 14:53:28.028
Using @relative_xpath [//*[normalize-space(text())='To Do List']], Object 'To Do List' Found in 110 ms
[DONE]   | Clicking on To Do List

===================================================================================================

Step:5   | Object: Browser | Action: switchToFrame | Input:*********  | Conditon:  | @21-Aug-2023 14:53:28.028
[DONE]   | Webdriver switched to new frame by name[tabPage]

===================================================================================================

Step:1   | Object: Browser | Action: pause | Input:*********  | Conditon:  | @21-Aug-2023 14:53:28.028
[DONE]   | Thread sleep for '2000

===================================================================================================

Step:10  | Object: enter type to do | Action: setByJS | Input:*********  | Conditon:  | @21-Aug-2023 14:53:30.030
Using @xpath [//*[@id="TD_TYPE_CD"]], Object 'enter type to do' Found in 64 ms
[DONE]   | Entered Text 'Water_2' on 'enter type to do'

===================================================================================================

Step:11  | Object: enter type to do | Action: sendKeysToElement | Input:*********  | Conditon:  | @21-Aug-2023 14:53:32.032
Using @xpath [//*[@id="TD_TYPE_CD"]], Object 'enter type to do' Found in 46 ms
[DONE]   | Keys Submitted

===================================================================================================

Step:1   | Object: Browser | Action: pause | Input:*********  | Conditon:  | @21-Aug-2023 14:53:32.032
[DONE]   | Thread sleep for '2000

===================================================================================================

Step:13  | Object: Filter By | Action: clickByJS | Input:*********  | Conditon:  | @21-Aug-2023 14:53:34.034
Using @name [SRCH_ENT_STAT_FLG], Object 'Filter By' Found in 36 ms
[DONE]   | Clicked on Filter By

===================================================================================================

Step:14  | Object: Filter By | Action: selectByVisibleText | Input:*********  | Conditon:  | @21-Aug-2023 14:53:34.034
Using @name [SRCH_ENT_STAT_FLG], Object 'Filter By' Found in 34 ms
[DONE]   | Item/s 'All' is/are selected from list Filter By

===================================================================================================

Step:1   | Object: Browser | Action: pause | Input:*********  | Conditon:  | @21-Aug-2023 14:53:34.034
[DONE]   | Thread sleep for '30000

===================================================================================================

Step:1   | Object: Browser | Action: pause | Input:*********  | Conditon:  | @21-Aug-2023 14:54:04.004
[DONE]   | Thread sleep for '1000

===================================================================================================

Step:2   | Object: Browser | Action: takeScreenshot | Input:*********  | Conditon:  | @21-Aug-2023 14:54:05.005
[PASS]   | Screenshot is taken

===================================================================================================

Step:17  | Object: Browser | Action: switchToFrame | Input:*********  | Conditon:  | @21-Aug-2023 14:54:09.009
[DONE]   | Webdriver switched to new frame by name[dataframe]

===================================================================================================

Step:18  | Object: checkbox_(1) | Action: Click | Input:*********  | Conditon:  | @21-Aug-2023 14:54:09.009
Using @name [TD_ENTRY_LIST:0$CHECKED_SW], Object 'checkbox_(1)' Found in 42 ms
[DONE]   | Clicking on checkbox_(1)

===================================================================================================

Step:19  | Object: Browser | Action: switchToDefaultContent | Input:*********  | Conditon:  | @21-Aug-2023 14:54:10.010
[DONE]   | Webdriver switched to default content

===================================================================================================

Step:20  | Object: Browser | Action: switchToFrame | Input:*********  | Conditon:  | @21-Aug-2023 14:54:10.010
[DONE]   | Webdriver switched to new frame by name[main]

===================================================================================================

Step:21  | Object: Browser | Action: switchToFrame | Input:*********  | Conditon:  | @21-Aug-2023 14:54:10.010
[DONE]   | Webdriver switched to new frame by name[tabPage]

===================================================================================================

Step:1   | Object: Browser | Action: pause | Input:*********  | Conditon:  | @21-Aug-2023 14:54:10.010
[DONE]   | Thread sleep for '1000

===================================================================================================

Step:2   | Object: Browser | Action: takeScreenshot | Input:*********  | Conditon:  | @21-Aug-2023 14:54:11.011
[PASS]   | Screenshot is taken

===================================================================================================

Step:1   | Object: Browser | Action: pause | Input:*********  | Conditon:  | @21-Aug-2023 14:54:14.014
[DONE]   | Thread sleep for '1000

===================================================================================================

Step:2   | Object: Browser | Action: takeScreenshot | Input:*********  | Conditon:  | @21-Aug-2023 14:54:15.015
[PASS]   | Screenshot is taken

===================================================================================================

Step:31  | Object: Complete Button | Action: Click | Input:*********  | Conditon:  | @21-Aug-2023 14:54:19.019
Using @xpath [//*[@id="COMPLETE_SW"]], Object 'Complete Button' Found in 42 ms
[DONE]   | Clicking on Complete Button

===================================================================================================

Step:1   | Object: Browser | Action: pause | Input:*********  | Conditon:  | @21-Aug-2023 14:54:20.020
[DONE]   | Thread sleep for '1000

===================================================================================================

Step:2   | Object: Browser | Action: takeScreenshot | Input:*********  | Conditon:  | @21-Aug-2023 14:54:21.021
[PASS]   | Screenshot is taken

===================================================================================================


---------------------------------------------------
Testcase Name        : To Do scenario:TO Do List
Executed Steps       : 31
Passed Steps         : 31
Failed Steps         : 0
Time Taken           : 00:01:16
-----------------------------------------------------

Running Iteration 1
Launching Chrome
Launching Local Driver
[pool-50-thread-1] ERROR io.github.bonigarcia.wdm.online.HttpClient - Error HTTP 404 executing https://chromedriver.storage.googleapis.com/LATEST_RELEASE_115
[pool-50-thread-1] WARN io.github.bonigarcia.wdm.versions.VersionDetector - Exception reading https://chromedriver.storage.googleapis.com/LATEST_RELEASE_115 to get latest version of chromedriver (Error HTTP 404 executing https://chromedriver.storage.googleapis.com/LATEST_RELEASE_115)
[pool-50-thread-1] INFO io.github.bonigarcia.wdm.WebDriverManager - Exporting webdriver.chrome.driver as C:\Users\shailja.rajak\.cache\selenium\chromedriver\win32\114.0.5735.90\chromedriver.exe
Starting ChromeDriver 114.0.5735.90 (386bc09e8f4f2e025eddae123f36f6263096ae49-refs/branch-heads/5735@{#1052}) on port 14905
Only local connections are allowed.
Please see https://chromedriver.chromium.org/security-considerations for suggestions on keeping ChromeDriver safe.
ChromeDriver was started successfully.
[1692609868.914][WARNING]: This version of ChromeDriver has not been tested with Chrome version 115.
2023-08-21 14:54:29:08S +0530 [INFO] org.openqa.selenium.remote.ProtocolHandshake createSession:Detected dialect: W3C
Chrome Launched
Step:1   | Object: Browser | Action: Open | Input:*********  | Conditon:  | @21-Aug-2023 14:54:29.029
%Login_Link% changed to http://172.40.0.60:8009/ouaf/cis.jsp
[DONE]   | Opened Url: http://172.40.0.60:8009/ouaf/cis.jsp

===================================================================================================

Step:2   | Object: j_username | Action: Click | Input:*********  | Conditon:  | @21-Aug-2023 14:54:30.030
Using @name [j_username], Object 'j_username' Found in 37 ms
[DONE]   | Clicking on j_username

===================================================================================================

Step:3   | Object: j_username | Action: Set | Input:*********  | Conditon:  | @21-Aug-2023 14:54:30.030
Using @name [j_username], Object 'j_username' Found in 33 ms
[DONE]   | Entered Text 'SYSUSER' on 'j_username'

===================================================================================================

Step:4   | Object: j_password | Action: Click | Input:*********  | Conditon:  | @21-Aug-2023 14:54:30.030
Using @name [j_password], Object 'j_password' Found in 42 ms
[DONE]   | Clicking on j_password

===================================================================================================

Step:5   | Object: j_password | Action: Set | Input:*********  | Conditon:  | @21-Aug-2023 14:54:31.031
Using @name [j_password], Object 'j_password' Found in 28 ms
[DONE]   | Entered Text 'sysuser00' on 'j_password'

===================================================================================================

Step:6   | Object: Login | Action: Click | Input:*********  | Conditon:  | @21-Aug-2023 14:54:31.031
Using @id [loginButton], Object 'Login' Found in 17 ms
[DONE]   | Clicking on Login

===================================================================================================

Step:2   | Object: Menu | Action: Click | Input:*********  | Conditon:  | @21-Aug-2023 14:54:31.031
Using @id [IM_menuButton], Object 'Menu' Found in 6322 ms
[DONE]   | Clicking on Menu

===================================================================================================

Step:3   | Object: To Do | Action: mouseOverElement | Input:*********  | Conditon:  | @21-Aug-2023 14:54:37.037
Using @relative_xpath [(//*[normalize-space(text())='To Do'])[1]], Object 'To Do' Found in 74 ms
[DONE]   | Mouse Over to Element 'To Do

===================================================================================================

Step:4   | Object: To Do Search | Action: clickByJS | Input:*********  | Conditon:  | @21-Aug-2023 14:54:38.038
Using @relative_xpath [//*[normalize-space(text())='To Do Search']], Object 'To Do Search' Found in 86 ms
[DONE]   | Clicked on To Do Search

===================================================================================================

Step:1   | Object: Browser | Action: pause | Input:*********  | Conditon:  | @21-Aug-2023 14:54:38.038
[DONE]   | Thread sleep for '2000

===================================================================================================

Step:6   | Object: Browser | Action: switchToFrame | Input:*********  | Conditon:  | @21-Aug-2023 14:54:40.040
[DONE]   | Webdriver switched to new frame by name[tabPage]

===================================================================================================

Step:9   | Object: to do type filter | Action: Click | Input:*********  | Conditon:  | @21-Aug-2023 14:54:40.040
Using @name [TD_TYPE_FILTER_FLG], Object 'to do type filter' Found in 1921 ms
[DONE]   | Clicking on to do type filter

===================================================================================================

Step:10  | Object: to do type filter | Action: selectByVisibleText | Input:*********  | Conditon:  | @21-Aug-2023 14:54:42.042
Using @name [TD_TYPE_FILTER_FLG], Object 'to do type filter' Found in 39 ms
[DONE]   | Item/s 'Specific To Do Type' is/are selected from list to do type filter

===================================================================================================

Step:11  | Object: To Do Type | Action: Set | Input:*********  | Conditon:  | @21-Aug-2023 14:54:43.043
Using @name [TD_TYPE_CD], Object 'To Do Type' Found in 48 ms
[DONE]   | Entered Text 'WATER_2' on 'To Do Type'

===================================================================================================

Step:12  | Object: To Do Type | Action: sendKeysToElement | Input:*********  | Conditon:  | @21-Aug-2023 14:54:43.043
Using @name [TD_TYPE_CD], Object 'To Do Type' Found in 37 ms
[DONE]   | Keys Submitted

===================================================================================================

Step:13  | Object: User filter | Action: selectByVisibleText | Input:*********  | Conditon:  | @21-Aug-2023 14:54:43.043
Using @name [TD_USER_FILTER_FLG], Object 'User filter' Found in 133 ms
[DONE]   | Item/s 'Completed By User' is/are selected from list User filter

===================================================================================================

Step:14  | Object: User id | Action: Click | Input:*********  | Conditon:  | @21-Aug-2023 14:54:43.043
Using @xpath [//*[@id="USER_ID"]], Object 'User id' Found in 48 ms
[DONE]   | Clicking on User id

===================================================================================================

Step:15  | Object: User id | Action: Set | Input:*********  | Conditon:  | @21-Aug-2023 14:54:44.044
Using @xpath [//*[@id="USER_ID"]], Object 'User id' Found in 44 ms
[DONE]   | Entered Text 'SYSUSER' on 'User id'

===================================================================================================

Step:16  | Object: User id | Action: sendKeysToElement | Input:*********  | Conditon:  | @21-Aug-2023 14:54:44.044
Using @xpath [//*[@id="USER_ID"]], Object 'User id' Found in 40 ms
[DONE]   | Keys Submitted

===================================================================================================

Step:1   | Object: Browser | Action: pause | Input:*********  | Conditon:  | @21-Aug-2023 14:54:44.044
[DONE]   | Thread sleep for '2000

===================================================================================================

Step:18  | Object: Status Filter | Action: selectByVisibleText | Input:*********  | Conditon:  | @21-Aug-2023 14:54:46.046
Using @name [TD_STAT_FILTER_FLG], Object 'Status Filter' Found in 44 ms
[DONE]   | Item/s 'All' is/are selected from list Status Filter

===================================================================================================

Step:19  | Object: Search | Action: Click | Input:*********  | Conditon:  | @21-Aug-2023 14:54:46.046
Using @name [BU_MAIN_SRCH], Object 'Search' Found in 40 ms
[DONE]   | Clicking on Search

===================================================================================================

Step:20  | Object: Browser | Action: switchToFrame | Input:*********  | Conditon:  | @21-Aug-2023 14:54:47.047
[DONE]   | Webdriver switched to new frame by name[dataframe]

===================================================================================================

Step:21  | Object: Expand Scroll | Action: Click | Input:*********  | Conditon:  | @21-Aug-2023 14:54:47.047
Using @xpath [//*[@id="expandScrollControl"]], Object 'Expand Scroll' Found in 43 ms
[DONE]   | Clicking on Expand Scroll

===================================================================================================

Step:1   | Object: Browser | Action: pause | Input:*********  | Conditon:  | @21-Aug-2023 14:54:47.047
[DONE]   | Thread sleep for '2000

===================================================================================================

Step:23  | Object: Browser | Action: switchToDefaultContent | Input:*********  | Conditon:  | @21-Aug-2023 14:54:49.049
[DONE]   | Webdriver switched to default content

===================================================================================================

Step:24  | Object: Browser | Action: switchToFrame | Input:*********  | Conditon:  | @21-Aug-2023 14:54:49.049
[DONE]   | Webdriver switched to new frame by name[main]

===================================================================================================

Step:1   | Object: Browser | Action: pause | Input:*********  | Conditon:  | @21-Aug-2023 14:54:49.049
[DONE]   | Thread sleep for '1000

===================================================================================================

Step:2   | Object: Browser | Action: takeScreenshot | Input:*********  | Conditon:  | @21-Aug-2023 14:54:50.050
[PASS]   | Screenshot is taken

===================================================================================================


---------------------------------------------------
Testcase Name        : To Do scenario:To do search
Executed Steps       : 29
Passed Steps         : 29
Failed Steps         : 0
Time Taken           : 00:00:27
-----------------------------------------------------

Running Iteration 1
Launching Chrome
Launching Local Driver
[pool-50-thread-1] ERROR io.github.bonigarcia.wdm.online.HttpClient - Error HTTP 404 executing https://chromedriver.storage.googleapis.com/LATEST_RELEASE_115
[pool-50-thread-1] WARN io.github.bonigarcia.wdm.versions.VersionDetector - Exception reading https://chromedriver.storage.googleapis.com/LATEST_RELEASE_115 to get latest version of chromedriver (Error HTTP 404 executing https://chromedriver.storage.googleapis.com/LATEST_RELEASE_115)
[pool-50-thread-1] INFO io.github.bonigarcia.wdm.WebDriverManager - Exporting webdriver.chrome.driver as C:\Users\shailja.rajak\.cache\selenium\chromedriver\win32\114.0.5735.90\chromedriver.exe
Starting ChromeDriver 114.0.5735.90 (386bc09e8f4f2e025eddae123f36f6263096ae49-refs/branch-heads/5735@{#1052}) on port 35213
Only local connections are allowed.
Please see https://chromedriver.chromium.org/security-considerations for suggestions on keeping ChromeDriver safe.
ChromeDriver was started successfully.
[1692609895.276][WARNING]: This version of ChromeDriver has not been tested with Chrome version 115.
2023-08-21 14:54:55:08S +0530 [INFO] org.openqa.selenium.remote.ProtocolHandshake createSession:Detected dialect: W3C
Chrome Launched
Step:1   | Object: Browser | Action: Open | Input:*********  | Conditon:  | @21-Aug-2023 14:54:55.055
%Login_Link% changed to http://172.40.0.60:8009/ouaf/cis.jsp
[DONE]   | Opened Url: http://172.40.0.60:8009/ouaf/cis.jsp

===================================================================================================

Step:2   | Object: j_username | Action: Click | Input:*********  | Conditon:  | @21-Aug-2023 14:55:00.000
Using @name [j_username], Object 'j_username' Found in 44 ms
[DONE]   | Clicking on j_username

===================================================================================================

Step:3   | Object: j_username | Action: Set | Input:*********  | Conditon:  | @21-Aug-2023 14:55:00.000
Using @name [j_username], Object 'j_username' Found in 36 ms
[DONE]   | Entered Text 'SYSUSER' on 'j_username'

===================================================================================================

Step:4   | Object: j_password | Action: Click | Input:*********  | Conditon:  | @21-Aug-2023 14:55:00.000
Using @name [j_password], Object 'j_password' Found in 34 ms
[DONE]   | Clicking on j_password

===================================================================================================

Step:5   | Object: j_password | Action: Set | Input:*********  | Conditon:  | @21-Aug-2023 14:55:00.000
Using @name [j_password], Object 'j_password' Found in 22 ms
[DONE]   | Entered Text 'sysuser00' on 'j_password'

===================================================================================================

Step:6   | Object: Login | Action: Click | Input:*********  | Conditon:  | @21-Aug-2023 14:55:00.000
Using @id [loginButton], Object 'Login' Found in 20 ms
[DONE]   | Clicking on Login

===================================================================================================

Step:2   | Object: Menu | Action: Click | Input:*********  | Conditon:  | @21-Aug-2023 14:55:00.000
Using @id [IM_menuButton], Object 'Menu' Found in 6856 ms
[DONE]   | Clicking on Menu

===================================================================================================

Step:3   | Object: To Do | Action: mouseOverElement | Input:*********  | Conditon:  | @21-Aug-2023 14:55:07.007
Using @relative_xpath [(//*[normalize-space(text())='To Do'])[1]], Object 'To Do' Found in 63 ms
[DONE]   | Mouse Over to Element 'To Do

===================================================================================================

Step:4   | Object: To Do Summary1 | Action: Click | Input:*********  | Conditon:  | @21-Aug-2023 14:55:08.008
Using @relative_xpath [//*[normalize-space(text())='To Do Summary']], Object 'To Do Summary1' Found in 172 ms
[DONE]   | Clicking on To Do Summary1

===================================================================================================

Step:1   | Object: Browser | Action: pause | Input:*********  | Conditon:  | @21-Aug-2023 14:55:08.008
[DONE]   | Thread sleep for '1000

===================================================================================================

Step:6   | Object: Browser | Action: switchToFrame | Input:*********  | Conditon:  | @21-Aug-2023 14:55:09.009
[DONE]   | Webdriver switched to new frame by name[tabPage]

===================================================================================================

Step:7   | Object: Browser | Action: switchToFrame | Input:*********  | Conditon:  | @21-Aug-2023 14:55:09.009
[DONE]   | Webdriver switched to new frame by name[dataframe]

===================================================================================================

Step:8   | Object: To Do Summary-Main-List var so1 | Action: highlight | Input:*********  | Conditon:  | @21-Aug-2023 14:55:09.009
Using @xpath [/html], Object 'To Do Summary-Main-List var so1' Found in 61 ms
[PASS]   | Element Highlighted

===================================================================================================

Step:1   | Object: Browser | Action: pause | Input:*********  | Conditon:  | @21-Aug-2023 14:55:13.013
[DONE]   | Thread sleep for '30000

===================================================================================================

Step:1   | Object: Browser | Action: pause | Input:*********  | Conditon:  | @21-Aug-2023 14:55:43.043
[DONE]   | Thread sleep for '1000

===================================================================================================

Step:2   | Object: Browser | Action: takeScreenshot | Input:*********  | Conditon:  | @21-Aug-2023 14:55:44.044
[PASS]   | Screenshot is taken

===================================================================================================

Step:11  | Object: 12 | Action: Click | Input:*********  | Conditon:  | @21-Aug-2023 14:55:48.048
Using @id [TODO_SUMM:12$TOTAL_CNT], Object '12' Found in 25 ms
[DONE]   | Clicking on 12

===================================================================================================

Step:1   | Object: Browser | Action: pause | Input:*********  | Conditon:  | @21-Aug-2023 14:55:48.048
[DONE]   | Thread sleep for '30000

===================================================================================================

Step:1   | Object: Browser | Action: pause | Input:*********  | Conditon:  | @21-Aug-2023 14:56:18.018
[DONE]   | Thread sleep for '1000

===================================================================================================

Step:2   | Object: Browser | Action: takeScreenshot | Input:*********  | Conditon:  | @21-Aug-2023 14:56:19.019
[PASS]   | Screenshot is taken

===================================================================================================


---------------------------------------------------
Testcase Name        : To Do scenario:To do Summary
Executed Steps       : 20
Passed Steps         : 20
Failed Steps         : 0
Time Taken           : 00:01:28
-----------------------------------------------------

Run Finished on Mon Aug 21 14:56:21 IST 2023
[Thread-122] INFO com.NewVision.InnoVision.engine.support.DesktopApi - Trying to Open - C:\Users\shailja.rajak\Downloads\InnoVision-2.0-setup\InnoVision-1.0\Projects\C2M\Results\TestExecution\Execution list\TS_01\21-Aug-2023 14-48-01\extent.html
[Thread-122] INFO com.NewVision.InnoVision.engine.support.DesktopApi - Trying to exec: [explorer] [%s] [C:\Users\shailja.rajak\Downloads\InnoVision-2.0-setup\InnoVision-1.0\Projects\C2M\Results\TestExecution\Execution list\TS_01\21-Aug-2023 14-48-01\extent.html]
-----------------------------------------------------
ExecutionDate        : 21-Aug-2023 14-48-01
Executed TestCases   : 6
Passed TestCases     : 6
Failed TestCases     : 0
Time Taken           : 00:08:19
ReportPath           : file:///C:\Users\shailja.rajak\Downloads\InnoVision-2.0-setup\InnoVision-1.0\Projects\C2M\Results\TestExecution\Execution list\TS_01\21-Aug-2023 14-48-01\summary.html
-----------------------------------------------------
