Run Information
========================
NewVision.intelligent.test.scripter.engine : 1.0
java.runtime.name    : Java(TM) SE Runtime Environment
java.version         : 20.0.1
java.home            : C:\Program Files\Java\jdk-20
os.name              : Windows 11
os.arch              : amd64
os.version           : 10.0
file.encoding        : UTF-8
========================
Run Started on Wed Aug 02 16:57:11 IST 2023
Loading Browser Profile
Loading RunManager
[Scenario:Login Scenario] [TestCase: Login] [Description: Test Run] [Browser: Firefox] [BrowserVersion: default] [Platform: ANY][ExistingBrowser: false]
Initializing Report
[Thread-8] WARN com.NewVision.InnoVision.engine.core.TMIntegration - TM integration disabled for testcases running via design mode
ApiLink not available!!
Run Manager true
Continue Execution true
Shutting Down Thread as there is no need for SelectiveThreading
Running Iteration 1
Launching Firefox
Launching Local Driver
2023-08-02 16:57:12:08S +0530 [SEVERE] com.NewVision.InnoVision.engine.core.Task onError:Cannot find firefox binary in PATH. Make sure firefox is installed. OS appears to be: XP
Build info: version: '3.141.59', revision: 'e82be7d358', time: '2018-11-14T08:17:03'
System info: host: 'SHAILJAR', ip: '10.20.0.60', os.name: 'Windows 11', os.arch: 'amd64', os.version: '10.0', java.version: '20.0.1'
Driver info: driver.version: SeleniumDriver
org.openqa.selenium.WebDriverException: Cannot find firefox binary in PATH. Make sure firefox is installed. OS appears to be: XP
Build info: version: '3.141.59', revision: 'e82be7d358', time: '2018-11-14T08:17:03'
System info: host: 'SHAILJAR', ip: '10.20.0.60', os.name: 'Windows 11', os.arch: 'amd64', os.version: '10.0', java.version: '20.0.1'
Driver info: driver.version: SeleniumDriver
	at org.openqa.selenium.firefox.FirefoxBinary.<init>(FirefoxBinary.java:100)
	at java.base/java.util.Optional.orElseGet(Optional.java:364)
	at org.openqa.selenium.firefox.FirefoxOptions.getBinary(FirefoxOptions.java:216)
	at org.openqa.selenium.firefox.FirefoxDriver.toExecutor(FirefoxDriver.java:187)
	at org.openqa.selenium.firefox.FirefoxDriver.<init>(FirefoxDriver.java:147)
	at com.NewVision.InnoVision.engine.drivers.WebDriverFactory.create(WebDriverFactory.java:181)
	at com.NewVision.InnoVision.engine.drivers.WebDriverFactory.create(WebDriverFactory.java:169)
	at com.NewVision.InnoVision.engine.drivers.WebDriverFactory.create(WebDriverFactory.java:159)
	at com.NewVision.InnoVision.engine.drivers.SeleniumDriver.launchDriver(SeleniumDriver.java:66)
	at com.NewVision.InnoVision.engine.core.Task.launchBrowser(Task.java:155)
	at com.NewVision.InnoVision.engine.core.Task.runIteration(Task.java:125)
	at com.NewVision.InnoVision.engine.core.Task.run(Task.java:83)
	at java.base/java.util.concurrent.ThreadPoolExecutor.runWorker(ThreadPoolExecutor.java:1144)
	at java.base/java.util.concurrent.ThreadPoolExecutor$Worker.run(ThreadPoolExecutor.java:642)
	at java.base/java.lang.Thread.run(Thread.java:1623)

2023-08-02 16:57:12:08S +0530 [SEVERE] com.NewVision.InnoVision.engine.core.Task run:Cannot read field "Input" because the return value of "com.NewVision.InnoVision.engine.reporting.TestCaseReport.getStep()" is null
java.lang.NullPointerException: Cannot read field "Input" because the return value of "com.NewVision.InnoVision.engine.reporting.TestCaseReport.getStep()" is null
	at com.NewVision.InnoVision.engine.reporting.TestCaseReport.updateTestLog(TestCaseReport.java:188)
	at com.NewVision.InnoVision.engine.reporting.TestCaseReport.updateTestLog(TestCaseReport.java:164)
	at com.NewVision.InnoVision.engine.core.Task.onError(Task.java:192)
	at com.NewVision.InnoVision.engine.core.Task.onError(Task.java:180)
	at com.NewVision.InnoVision.engine.core.Task.runIteration(Task.java:137)
	at com.NewVision.InnoVision.engine.core.Task.run(Task.java:83)
	at java.base/java.util.concurrent.ThreadPoolExecutor.runWorker(ThreadPoolExecutor.java:1144)
	at java.base/java.util.concurrent.ThreadPoolExecutor$Worker.run(ThreadPoolExecutor.java:642)
	at java.base/java.lang.Thread.run(Thread.java:1623)


---------------------------------------------------
Testcase Name        : Login Scenario:Login
Executed Steps       : 0
Passed Steps         : 0
Failed Steps         : 0
Time Taken           : 00:00:00
-----------------------------------------------------

Run Finished on Wed Aug 02 16:57:12 IST 2023
-----------------------------------------------------
ExecutionDate        : 02-Aug-2023 16-57-11
Executed TestCases   : 1
Passed TestCases     : 0
Failed TestCases     : 1
Time Taken           : 00:00:00
ReportPath           : file:///C:\Users\shailja.rajak\Downloads\InnoVision-2.0-setup\InnoVision-1.0\Projects\C2M\Results\TestDesign\Login Scenario\Login\02-Aug-2023 16-57-11\summary.html
-----------------------------------------------------
[Thread-8] INFO com.NewVision.InnoVision.engine.support.DesktopApi - Trying to Open - C:\Users\shailja.rajak\Downloads\InnoVision-2.0-setup\InnoVision-1.0\Projects\C2M\Results\TestDesign\Login Scenario\Login\02-Aug-2023 16-57-11\summary.html
[Thread-8] INFO com.NewVision.InnoVision.engine.support.DesktopApi - Trying to exec: [explorer] [%s] [C:\Users\shailja.rajak\Downloads\InnoVision-2.0-setup\InnoVision-1.0\Projects\C2M\Results\TestDesign\Login Scenario\Login\02-Aug-2023 16-57-11\summary.html]
