Run Information
========================
NewVision.intelligent.test.scripter.engine : 1.0
java.runtime.name    : Java(TM) SE Runtime Environment
java.version         : 20.0.1
java.home            : C:\Program Files\Java\jdk-20
os.name              : Windows 11
os.arch              : amd64
os.version           : 10.0
file.encoding        : UTF-8
========================
Run Started on Mon Aug 21 12:31:19 IST 2023
Loading Browser Profile
Loading RunManager
[Scenario:To Do scenario] [TestCase: To do entry-search] [Description: Test Run] [Browser: Chrome] [BrowserVersion: default] [Platform: ANY][ExistingBrowser: false]
Initializing Report
[Thread-52] WARN com.NewVision.InnoVision.engine.core.TMIntegration - TM integration disabled for testcases running via design mode
ApiLink not available!!
Run Manager true
Continue Execution true
Shutting Down Thread as there is no need for SelectiveThreading
Running Iteration 1
Launching Chrome
Launching Local Driver
[pool-20-thread-1] ERROR io.github.bonigarcia.wdm.online.HttpClient - Error HTTP 404 executing https://chromedriver.storage.googleapis.com/LATEST_RELEASE_115
[pool-20-thread-1] WARN io.github.bonigarcia.wdm.versions.VersionDetector - Exception reading https://chromedriver.storage.googleapis.com/LATEST_RELEASE_115 to get latest version of chromedriver (Error HTTP 404 executing https://chromedriver.storage.googleapis.com/LATEST_RELEASE_115)
[pool-20-thread-1] INFO io.github.bonigarcia.wdm.WebDriverManager - Exporting webdriver.chrome.driver as C:\Users\shailja.rajak\.cache\selenium\chromedriver\win32\114.0.5735.90\chromedriver.exe
Starting ChromeDriver 114.0.5735.90 (386bc09e8f4f2e025eddae123f36f6263096ae49-refs/branch-heads/5735@{#1052}) on port 9100
Only local connections are allowed.
Please see https://chromedriver.chromium.org/security-considerations for suggestions on keeping ChromeDriver safe.
ChromeDriver was started successfully.
[1692601282.378][WARNING]: This version of ChromeDriver has not been tested with Chrome version 115.
2023-08-21 12:31:22:08S +0530 [INFO] org.openqa.selenium.remote.ProtocolHandshake createSession:Detected dialect: W3C
Chrome Launched
Step:2   | Object: Menu | Action: Click | Input:*********  | Conditon:  | @21-Aug-2023 12:31:22.022
Element could not be identified with [id] : [IM_menuButton]
2023-08-21 12:31:43:08S +0530 [OFF ] com.NewVision.InnoVision.engine.drivers.AutomationObject getElements:null
java.lang.StringIndexOutOfBoundsException: Range [0, -1) out of bounds for length 151
	at java.base/jdk.internal.util.Preconditions$1.apply(Preconditions.java:55)
	at java.base/jdk.internal.util.Preconditions$1.apply(Preconditions.java:52)
	at java.base/jdk.internal.util.Preconditions$4.apply(Preconditions.java:213)
	at java.base/jdk.internal.util.Preconditions$4.apply(Preconditions.java:210)
	at java.base/jdk.internal.util.Preconditions.outOfBounds(Preconditions.java:98)
	at java.base/jdk.internal.util.Preconditions.outOfBoundsCheckFromToIndex(Preconditions.java:112)
	at java.base/jdk.internal.util.Preconditions.checkFromToIndex(Preconditions.java:349)
	at java.base/java.lang.String.checkBoundsBeginEnd(String.java:4608)
	at java.base/java.lang.String.substring(String.java:2720)
	at com.NewVision.InnoVision.engine.drivers.AutomationObject.lambda$getElements$0(AutomationObject.java:363)
	at org.openqa.selenium.support.ui.FluentWait.until(FluentWait.java:249)
	at com.NewVision.InnoVision.engine.drivers.AutomationObject.getElements(AutomationObject.java:322)
	at com.NewVision.InnoVision.engine.drivers.AutomationObject.getWElements(AutomationObject.java:273)
	at com.NewVision.InnoVision.engine.drivers.AutomationObject.findElements(AutomationObject.java:260)
	at com.NewVision.InnoVision.engine.drivers.AutomationObject.findElement(AutomationObject.java:136)
	at com.NewVision.InnoVision.engine.drivers.AutomationObject.findElement(AutomationObject.java:129)
	at com.NewVision.InnoVision.engine.core.CommandControl.sync(CommandControl.java:98)
	at com.NewVision.InnoVision.engine.core.CommandControl.sync(CommandControl.java:183)
	at com.NewVision.InnoVision.engine.execution.run.TestStepRunner.executeStep(TestStepRunner.java:160)
	at com.NewVision.InnoVision.engine.execution.run.TestStepRunner.executeStep(TestStepRunner.java:147)
	at com.NewVision.InnoVision.engine.execution.run.TestStepRunner.run(TestStepRunner.java:66)
	at com.NewVision.InnoVision.engine.execution.run.TestCaseRunner.runStep(TestCaseRunner.java:397)
	at com.NewVision.InnoVision.engine.execution.run.TestCaseRunner.run(TestCaseRunner.java:348)
	at com.NewVision.InnoVision.engine.core.Task.runIteration(Task.java:127)
	at com.NewVision.InnoVision.engine.core.Task.run(Task.java:83)
	at java.base/java.util.concurrent.ThreadPoolExecutor.runWorker(ThreadPoolExecutor.java:1144)
	at java.base/java.util.concurrent.ThreadPoolExecutor$Worker.run(ThreadPoolExecutor.java:642)
	at java.base/java.lang.Thread.run(Thread.java:1623)

Couldn't find Object 'Menu' in stipulated Time '10' Seconds
2023-08-21 12:31:43:08S +0530 [SEVERE] com.NewVision.InnoVision.engine.core.Task runIteration:Driver Chrome Closed / Could not be reached
com.NewVision.InnoVision.engine.execution.exception.DriverClosedException: Driver Chrome Closed / Could not be reached
	at com.NewVision.InnoVision.engine.drivers.SeleniumDriver.isAlive(SeleniumDriver.java:148)
	at com.NewVision.InnoVision.engine.commands.Command.isDriverAlive(Command.java:140)
	at com.NewVision.InnoVision.engine.commands.General.checkIfDriverIsAlive(General.java:37)
	at com.NewVision.InnoVision.engine.commands.General.elementPresent(General.java:45)
	at com.NewVision.InnoVision.engine.commands.General.elementDisplayed(General.java:56)
	at com.NewVision.InnoVision.engine.commands.General.elementEnabled(General.java:63)
	at com.NewVision.InnoVision.engine.commands.Basic.Click(Basic.java:47)
	at com.NewVision.InnoVision.engine.support.reflect.MethodExecutor.executeMethod(MethodExecutor.java:39)
	at com.NewVision.InnoVision.engine.execution.run.TestStepRunner.executeAction(TestStepRunner.java:165)
	at com.NewVision.InnoVision.engine.execution.run.TestStepRunner.executeStep(TestStepRunner.java:161)
	at com.NewVision.InnoVision.engine.execution.run.TestStepRunner.executeStep(TestStepRunner.java:147)
	at com.NewVision.InnoVision.engine.execution.run.TestStepRunner.run(TestStepRunner.java:66)
	at com.NewVision.InnoVision.engine.execution.run.TestCaseRunner.runStep(TestCaseRunner.java:397)
	at com.NewVision.InnoVision.engine.execution.run.TestCaseRunner.run(TestCaseRunner.java:348)
	at com.NewVision.InnoVision.engine.core.Task.runIteration(Task.java:127)
	at com.NewVision.InnoVision.engine.core.Task.run(Task.java:83)
	at java.base/java.util.concurrent.ThreadPoolExecutor.runWorker(ThreadPoolExecutor.java:1144)
	at java.base/java.util.concurrent.ThreadPoolExecutor$Worker.run(ThreadPoolExecutor.java:642)
	at java.base/java.lang.Thread.run(Thread.java:1623)

[FAIL]   | Driver Chrome Closed / Could not be reached

===================================================================================================


---------------------------------------------------
Testcase Name        : To Do scenario:To do entry-search
Executed Steps       : 1
Passed Steps         : 0
Failed Steps         : 1
Time Taken           : 00:00:23
-----------------------------------------------------

Run Finished on Mon Aug 21 12:31:43 IST 2023
-----------------------------------------------------
ExecutionDate        : 21-Aug-2023 12-31-19
Executed TestCases   : 1
Passed TestCases     : 0
Failed TestCases     : 1
Time Taken           : 00:00:23
ReportPath           : file:///C:\Users\shailja.rajak\Downloads\InnoVision-2.0-setup\InnoVision-1.0\Projects\C2M\Results\TestDesign\To Do scenario\To do entry-search\21-Aug-2023 12-31-19\summary.html
-----------------------------------------------------
[Thread-52] INFO com.NewVision.InnoVision.engine.support.DesktopApi - Trying to Open - C:\Users\shailja.rajak\Downloads\InnoVision-2.0-setup\InnoVision-1.0\Projects\C2M\Results\TestDesign\To Do scenario\To do entry-search\21-Aug-2023 12-31-19\summary.html
[Thread-52] INFO com.NewVision.InnoVision.engine.support.DesktopApi - Trying to exec: [explorer] [%s] [C:\Users\shailja.rajak\Downloads\InnoVision-2.0-setup\InnoVision-1.0\Projects\C2M\Results\TestDesign\To Do scenario\To do entry-search\21-Aug-2023 12-31-19\summary.html]
