Run Information
========================
NewVision.intelligent.test.scripter.engine :  1.0
java.runtime.name                          :  Java(TM) SE Runtime Environment
java.version                               :  20.0.1
java.home                                  :  C:\Program Files\Java\jdk-20
os.name                                    :  Windows 11
os.arch                                    :  amd64
os.version                                 :  10.0
file.encoding                              :  UTF-8
========================
Run Started on Mon Aug 14 14:49:03 IST 2023

Scenario         :  [To Do scenario]
TestCase         :  [To Do Type]
Browser          :  [Chrome]
Browser Version  :  [null]
Platform         :  [null]
----------------------------------------------------------
Initializing Report
Running Iteration :  [Single]

===================================================================================================

Step:1  |  Object:Browser  |  Action:Open  |  Input: %Login_Link%  |  Condition:  | @14-Aug-2023 14:49:08.008
[DONE]   | Opened Url: http://172.40.0.60:8009/ouaf/cis.jsp


===================================================================================================

Step:2  |  Object:j_username  |  Action:Click  |  Input:   |  Condition:  | @14-Aug-2023 14:49:08.008
[DONE]   | Clicking on j_username


===================================================================================================

Step:3  |  Object:j_username  |  Action:Set  |  Input: To Do:Username  |  Condition:  | @14-Aug-2023 14:49:08.008
[DONE]   | Entered Text 'SYSUSER' on 'j_username'


===================================================================================================

Step:4  |  Object:j_password  |  Action:Click  |  Input:   |  Condition:  | @14-Aug-2023 14:49:08.008
[DONE]   | Clicking on j_password


===================================================================================================

Step:5  |  Object:j_password  |  Action:Set  |  Input: To Do:Password  |  Condition:  | @14-Aug-2023 14:49:08.008
[DONE]   | Entered Text 'sysuser00' on 'j_password'


===================================================================================================

Step:6  |  Object:Login  |  Action:Click  |  Input:   |  Condition:  | @14-Aug-2023 14:49:08.008
[DONE]   | Clicking on Login


===================================================================================================

Step:1  |  Object:Browser  |  Action:pause  |  Input: @2000  |  Condition:  | @14-Aug-2023 14:49:11.011
[DONE]   | Thread sleep for '2000


===================================================================================================

Step:3  |  Object:Admin  |  Action:Click  |  Input:   |  Condition:  | @14-Aug-2023 14:49:13.013
[DONE]   | Clicking on Admin


===================================================================================================

Step:4  |  Object:T  |  Action:Click  |  Input:   |  Condition:  | @14-Aug-2023 14:49:14.014
[DONE]   | Clicking on T


===================================================================================================

Step:5  |  Object:To Do Type  |  Action:Click  |  Input:   |  Condition:  | @14-Aug-2023 14:49:14.014
[DONE]   | Clicking on To Do Type


===================================================================================================

Step:6  |  Object:Add1  |  Action:Click  |  Input:   |  Condition:  | @14-Aug-2023 14:49:15.015
[FAIL]   | org.openqa.selenium.StaleElementReferenceException: stale element reference: stale element not found
  (Session info: chrome=115.0.5790.171)
For documentation on this error, please visit: https://www.seleniumhq.org/exceptions/stale_element_reference.html
Build info: version: '3.141.59', revision: 'e82be7d358', time: '2018-11-14T08:17:03'
System info: host: 'SHAILJAR', ip: '10.20.0.31', os.name: 'Windows 11', os.arch: 'amd64', os.version: '10.0', java.version: '20.0.1'
Driver info: org.openqa.selenium.chrome.ChromeDriver
Capabilities {acceptInsecureCerts: false, browserName: chrome, browserVersion: 115.0.5790.171, chrome: {chromedriverVersion: 114.0.5735.90 (386bc09e8f4f..., userDataDir: C:\Users\SHAILJ~1.RAJ\AppDa...}, goog:chromeOptions: {debuggerAddress: localhost:62612}, javascriptEnabled: true, networkConnectionEnabled: false, pageLoadStrategy: normal, platform: WINDOWS, platformName: WINDOWS, proxy: Proxy(), setWindowRect: true, strictFileInteractability: false, timeouts: {implicit: 0, pageLoad: 300000, script: 30000}, unhandledPromptBehavior: dismiss and notify, webauthn:extension:credBlob: true, webauthn:extension:largeBlob: true, webauthn:extension:minPinLength: true, webauthn:extension:prf: true, webauthn:virtualAuthenticators: true}
Session ID: 8e210335e2c92a2bb002918ac9854a7e


===================================================================================================

Step:7  |  Object:Browser  |  Action:switchToFrame  |  Input: @tabPage  |  Condition:  | @14-Aug-2023 14:49:17.017
[DONE]   | Webdriver switched to new frame by name[tabPage]


===================================================================================================

Step:8  |  Object:To Do Type Page  |  Action:Click  |  Input:   |  Condition:  | @14-Aug-2023 14:49:47.047
[DONE]   | Clicking on To Do Type Page


===================================================================================================

Step:9  |  Object:To Do Type Page  |  Action:Set  |  Input: @Water  |  Condition:  | @14-Aug-2023 14:50:18.018
[DONE]   | Entered Text 'Water' on 'To Do Type Page'


===================================================================================================

Step:10  |  Object:Description  |  Action:Click  |  Input:   |  Condition:  | @14-Aug-2023 14:50:45.045
[FAIL]   | Seems Like the Element [Description] is Not Present/Found in the page Try Adding wait or heal it


===================================================================================================

Step:11  |  Object:Description  |  Action:Set  |  Input: @Water High Bill Consumption  |  Condition:  | @14-Aug-2023 14:50:48.048
[FAIL]   | Seems Like the Element [Description] is Not Present/Found in the page Try Adding wait or heal it


===================================================================================================

Step:13  |  Object:TD_PRIORITY_FLG  |  Action:Click  |  Input:   |  Condition:  | @14-Aug-2023 14:50:59.059
[FAIL]   | Seems Like the Element [TD_PRIORITY_FLG] is Not Present/Found in the page Try Adding wait or heal it


===================================================================================================

Step:14  |  Object:TD_PRIORITY_FLG  |  Action:selectByVisibleText  |  Input: @Priority 20  |  Condition:  | @14-Aug-2023 14:51:03.003
[FAIL]   | Seems Like the Element [TD_PRIORITY_FLG] is Not Present/Found in the page Try Adding wait or heal it


===================================================================================================

Step:15  |  Object:TD_USAGE_TYPE_FLG  |  Action:Click  |  Input:   |  Condition:  | @14-Aug-2023 14:51:21.021
[FAIL]   | Seems Like the Element [TD_USAGE_TYPE_FLG] is Not Present/Found in the page Try Adding wait or heal it


===================================================================================================

Step:16  |  Object:TD_USAGE_TYPE_FLG  |  Action:selectByVisibleText  |  Input: @Manual  |  Condition:  | @14-Aug-2023 14:51:22.022
[FAIL]   | Seems Like the Element [TD_USAGE_TYPE_FLG] is Not Present/Found in the page Try Adding wait or heal it


===================================================================================================

Step:17  |  Object:Search for Navigation Option  |  Action:Click  |  Input:   |  Condition:  | @14-Aug-2023 14:51:24.024
[FAIL]   | Seems Like the Element [Search for Navigation Option] is Not Present/Found in the page Try Adding wait or heal it


===================================================================================================

Step:1  |  Object:Browser  |  Action:pause  |  Input: @2000  |  Condition:  | @14-Aug-2023 14:51:27.027
[DONE]   | Thread sleep for '2000


===================================================================================================

Step:19  |  Object:Browser  |  Action:switchToWindowByTitle  |  Input: @Navigation Option Search  |  Condition:  | @14-Aug-2023 14:51:27.027
[FAIL]   | org.openqa.selenium.WebDriverException: disconnected: not connected to DevTools
  (failed to check if window was closed: disconnected: not connected to DevTools)
  (Session info: chrome=115.0.5790.171)
Build info: version: '3.141.59', revision: 'e82be7d358', time: '2018-11-14T08:17:03'
System info: host: 'SHAILJAR', ip: '10.20.0.31', os.name: 'Windows 11', os.arch: 'amd64', os.version: '10.0', java.version: '20.0.1'
Driver info: org.openqa.selenium.chrome.ChromeDriver
Capabilities {acceptInsecureCerts: false, browserName: chrome, browserVersion: 115.0.5790.171, chrome: {chromedriverVersion: 114.0.5735.90 (386bc09e8f4f..., userDataDir: C:\Users\SHAILJ~1.RAJ\AppDa...}, goog:chromeOptions: {debuggerAddress: localhost:62612}, javascriptEnabled: true, networkConnectionEnabled: false, pageLoadStrategy: normal, platform: WINDOWS, platformName: WINDOWS, proxy: Proxy(), setWindowRect: true, strictFileInteractability: false, timeouts: {implicit: 0, pageLoad: 300000, script: 30000}, unhandledPromptBehavior: dismiss and notify, webauthn:extension:credBlob: true, webauthn:extension:largeBlob: true, webauthn:extension:minPinLength: true, webauthn:extension:prf: true, webauthn:virtualAuthenticators: true}
Session ID: 8e210335e2c92a2bb002918ac9854a7e


===================================================================================================

Step:20  |  Object:Search  |  Action:clickByJS  |  Input:   |  Condition:  | @14-Aug-2023 14:51:27.027
[FAIL]   | Driver Chrome Closed / Could not be reached

---------------------------------------------------
Testcase Name        : To Do scenario:To Do Type
Executed Steps       : 24
Passed Steps         : 14
Failed Steps         : 10
Time Taken           : 00:02:23
---------------------------------------------------

