Run Information
========================
NewVision.intelligent.test.scripter.engine :  1.0
java.runtime.name                          :  Java(TM) SE Runtime Environment
java.version                               :  20.0.1
java.home                                  :  C:\Program Files\Java\jdk-20
os.name                                    :  Windows 11
os.arch                                    :  amd64
os.version                                 :  10.0
file.encoding                              :  UTF-8
========================
Run Started on Fri Aug 04 10:49:53 IST 2023

Scenario         :  [To Do scenario]
TestCase         :  [to do entry]
Browser          :  [Chrome]
Browser Version  :  [null]
Platform         :  [null]
----------------------------------------------------------
Initializing Report
Running Iteration :  [Single]

===================================================================================================

Step:1  |  Object:Browser  |  Action:Open  |  Input: @http://172.40.0.60:8009/ouaf/cis.jsp  |  Condition:  | @04-Aug-2023 10:50:05.005
[FAIL]   | java.net.ConnectException: Failed to connect to localhost/[0:0:0:0:0:0:0:1]:41532
Build info: version: '3.141.59', revision: 'e82be7d358', time: '2018-11-14T08:17:03'
System info: host: 'SHAILJAR', ip: '10.20.0.60', os.name: 'Windows 11', os.arch: 'amd64', os.version: '10.0', java.version: '20.0.1'
Driver info: driver.version: RemoteWebDriver


===================================================================================================

Step:1  |  Object:Browser  |  Action:Open  |  Input: @http://172.40.0.60:8009/ouaf/cis.jsp  |  Condition:  | @04-Aug-2023 10:50:05.005
[FAIL]   | java.net.ConnectException: Failed to connect to localhost/[0:0:0:0:0:0:0:1]:41532
Build info: version: '3.141.59', revision: 'e82be7d358', time: '2018-11-14T08:17:03'
System info: host: 'SHAILJAR', ip: '10.20.0.60', os.name: 'Windows 11', os.arch: 'amd64', os.version: '10.0', java.version: '20.0.1'
Driver info: driver.version: RemoteWebDriver


===================================================================================================

Step:2  |  Object:j_username  |  Action:Click  |  Input:   |  Condition:  | @04-Aug-2023 10:50:05.005
[FAIL]   | Driver Chrome Closed / Could not be reached

---------------------------------------------------
Testcase Name        : To Do scenario:to do entry
Executed Steps       : 3
Passed Steps         : 0
Failed Steps         : 3
Time Taken           : 00:00:11
---------------------------------------------------

