Run Information
========================
NewVision.intelligent.test.scripter.engine :  1.0
java.runtime.name                          :  Java(TM) SE Runtime Environment
java.version                               :  20.0.1
java.home                                  :  C:\Program Files\Java\jdk-20
os.name                                    :  Windows 11
os.arch                                    :  amd64
os.version                                 :  10.0
file.encoding                              :  UTF-8
========================
Run Started on Fri Aug 18 12:32:01 IST 2023

Scenario         :  [To Do scenario]
TestCase         :  [To do search]
Browser          :  [Chrome]
Browser Version  :  [null]
Platform         :  [null]
----------------------------------------------------------
Initializing Report
Running Iteration :  [Single]

===================================================================================================

Step:1  |  Object:Browser  |  Action:Open  |  Input: %Login_Link%  |  Condition:  | @18-Aug-2023 12:32:05.005
[DONE]   | Opened Url: http://172.40.0.60:8009/ouaf/cis.jsp


===================================================================================================

Step:2  |  Object:j_username  |  Action:Click  |  Input:   |  Condition:  | @18-Aug-2023 12:32:06.006
[DONE]   | Clicking on j_username


===================================================================================================

Step:3  |  Object:j_username  |  Action:Set  |  Input: To Do:Username  |  Condition:  | @18-Aug-2023 12:32:06.006
[DONE]   | Entered Text 'SYSUSER' on 'j_username'


===================================================================================================

Step:4  |  Object:j_password  |  Action:Click  |  Input:   |  Condition:  | @18-Aug-2023 12:32:06.006
[DONE]   | Clicking on j_password


===================================================================================================

Step:5  |  Object:j_password  |  Action:Set  |  Input: To Do:Password  |  Condition:  | @18-Aug-2023 12:32:06.006
[DONE]   | Entered Text 'sysuser00' on 'j_password'


===================================================================================================

Step:6  |  Object:Login  |  Action:Click  |  Input:   |  Condition:  | @18-Aug-2023 12:32:08.008
[DONE]   | Clicking on Login


===================================================================================================

Step:2  |  Object:Menu  |  Action:Click  |  Input:   |  Condition:  | @18-Aug-2023 12:32:16.016
[DONE]   | Clicking on Menu


===================================================================================================

Step:3  |  Object:To Do  |  Action:mouseOverElement  |  Input:   |  Condition:  | @18-Aug-2023 12:32:16.016
[DONE]   | Mouse Over to Element 'To Do


===================================================================================================

Step:4  |  Object:To Do Search  |  Action:clickByJS  |  Input:   |  Condition:  | @18-Aug-2023 12:32:16.016
[DONE]   | Clicked on To Do Search


===================================================================================================

Step:1  |  Object:Browser  |  Action:pause  |  Input: @2000  |  Condition:  | @18-Aug-2023 12:32:18.018
[DONE]   | Thread sleep for '2000


===================================================================================================

Step:6  |  Object:Browser  |  Action:switchToFrame  |  Input: @tabPage  |  Condition:  | @18-Aug-2023 12:32:18.018
[DONE]   | Webdriver switched to new frame by name[tabPage]


===================================================================================================

Step:7  |  Object:Related to do filter  |  Action:selectByVisibleText  |  Input: @Specific To Do  |  Condition:  | @18-Aug-2023 12:32:19.019
[DONE]   | Item/s 'Specific To Do' is/are selected from list Related to do filter


===================================================================================================

Step:8  |  Object:To Do ID  |  Action:Set  |  Input: @10853160561150  |  Condition:  | @18-Aug-2023 12:32:19.019
[DONE]   | Entered Text '10853160561150' on 'To Do ID'


===================================================================================================

Step:9  |  Object:to do type filter  |  Action:selectByVisibleText  |  Input: @Specific To Do  |  Condition:  | @18-Aug-2023 12:32:19.019
[FAIL]   | org.openqa.selenium.NoSuchElementException: Cannot locate element with text: Specific To Do
For documentation on this error, please visit: https://www.seleniumhq.org/exceptions/no_such_element.html
Build info: version: '3.141.59', revision: 'e82be7d358', time: '2018-11-14T08:17:03'
System info: host: 'SHAILJAR', ip: '10.20.0.28', os.name: 'Windows 11', os.arch: 'amd64', os.version: '10.0', java.version: '20.0.1'
Driver info: driver.version: unknown


===================================================================================================

Step:10  |  Object:To Do Type  |  Action:Set  |  Input: @WATER_2  |  Condition:  | @18-Aug-2023 12:32:21.021
[FAIL]   | Seems Like the Element [To Do Type] is Not Visible or hidden at the moment


===================================================================================================

Step:11  |  Object:To Do Type  |  Action:sendKeysToElement  |  Input: @Enter  |  Condition:  | @18-Aug-2023 12:32:23.023
[FAIL]   | org.openqa.selenium.ElementNotInteractableException: element not interactable
  (Session info: chrome=115.0.5790.173)
Build info: version: '3.141.59', revision: 'e82be7d358', time: '2018-11-14T08:17:03'
System info: host: 'SHAILJAR', ip: '10.20.0.28', os.name: 'Windows 11', os.arch: 'amd64', os.version: '10.0', java.version: '20.0.1'
Driver info: org.openqa.selenium.chrome.ChromeDriver
Capabilities {acceptInsecureCerts: false, browserName: chrome, browserVersion: 115.0.5790.173, chrome: {chromedriverVersion: 114.0.5735.90 (386bc09e8f4f..., userDataDir: C:\Users\SHAILJ~1.RAJ\AppDa...}, goog:chromeOptions: {debuggerAddress: localhost:63816}, javascriptEnabled: true, networkConnectionEnabled: false, pageLoadStrategy: normal, platform: WINDOWS, platformName: WINDOWS, proxy: Proxy(), setWindowRect: true, strictFileInteractability: false, timeouts: {implicit: 0, pageLoad: 300000, script: 30000}, unhandledPromptBehavior: dismiss and notify, webauthn:extension:credBlob: true, webauthn:extension:largeBlob: true, webauthn:extension:minPinLength: true, webauthn:extension:prf: true, webauthn:virtualAuthenticators: true}
Session ID: 7aa47d66add36c922810ca437211ab92

---------------------------------------------------
Testcase Name        : To Do scenario:To do search
Executed Steps       : 16
Passed Steps         : 13
Failed Steps         : 3
Time Taken           : 00:00:24
---------------------------------------------------

