Run Information
========================
NewVision.intelligent.test.scripter.engine : 1.0
java.runtime.name    : Java(TM) SE Runtime Environment
java.version         : 20.0.1
java.home            : C:\Program Files\Java\jdk-20
os.name              : Windows 11
os.arch              : amd64
os.version           : 10.0
file.encoding        : UTF-8
========================
Run Started on Fri Aug 04 12:22:19 IST 2023
Loading Browser Profile
Loading RunManager
[Scenario:To Do scenario] [TestCase: to do entry] [Description: Test Run] [Browser: Chrome] [BrowserVersion: default] [Platform: ANY][ExistingBrowser: false]
Initializing Report
[Thread-22] WARN com.NewVision.InnoVision.engine.core.TMIntegration - TM integration disabled for testcases running via design mode
ApiLink not available!!
Run Manager true
Continue Execution true
Shutting Down Thread as there is no need for SelectiveThreading
Running Iteration 1
Launching Chrome
Launching Local Driver
[pool-8-thread-1] ERROR io.github.bonigarcia.wdm.online.HttpClient - Error HTTP 404 executing https://chromedriver.storage.googleapis.com/LATEST_RELEASE_115
[pool-8-thread-1] WARN io.github.bonigarcia.wdm.versions.VersionDetector - Exception reading https://chromedriver.storage.googleapis.com/LATEST_RELEASE_115 to get latest version of chromedriver (Error HTTP 404 executing https://chromedriver.storage.googleapis.com/LATEST_RELEASE_115)
[pool-8-thread-1] INFO io.github.bonigarcia.wdm.WebDriverManager - Exporting webdriver.chrome.driver as C:\Users\shailja.rajak\.cache\selenium\chromedriver\win32\114.0.5735.90\chromedriver.exe
Starting ChromeDriver 114.0.5735.90 (386bc09e8f4f2e025eddae123f36f6263096ae49-refs/branch-heads/5735@{#1052}) on port 5787
Only local connections are allowed.
Please see https://chromedriver.chromium.org/security-considerations for suggestions on keeping ChromeDriver safe.
ChromeDriver was started successfully.
[1691131942.662][WARNING]: This version of ChromeDriver has not been tested with Chrome version 115.
2023-08-04 12:22:22:08S +0530 [INFO] org.openqa.selenium.remote.ProtocolHandshake createSession:Detected dialect: W3C
Chrome Launched
Step:1   | Object: Browser | Action: Open | Input:*********  | Conditon:  | @04-Aug-2023 12:22:22.022
2023-08-04 12:23:02:08S +0530 [OFF ] com.NewVision.InnoVision.engine.commands.Basic Open:null
org.openqa.selenium.WebDriverException: unknown error: net::ERR_CONNECTION_TIMED_OUT
  (Session info: chrome=115.0.5790.111)
Build info: version: '3.141.59', revision: 'e82be7d358', time: '2018-11-14T08:17:03'
System info: host: 'SHAILJAR', ip: '10.20.0.60', os.name: 'Windows 11', os.arch: 'amd64', os.version: '10.0', java.version: '20.0.1'
Driver info: org.openqa.selenium.chrome.ChromeDriver
Capabilities {acceptInsecureCerts: false, browserName: chrome, browserVersion: 115.0.5790.111, chrome: {chromedriverVersion: 114.0.5735.90 (386bc09e8f4f..., userDataDir: C:\Users\SHAILJ~1.RAJ\AppDa...}, goog:chromeOptions: {debuggerAddress: localhost:53308}, javascriptEnabled: true, networkConnectionEnabled: false, pageLoadStrategy: normal, platform: WINDOWS, platformName: WINDOWS, proxy: Proxy(), setWindowRect: true, strictFileInteractability: false, timeouts: {implicit: 0, pageLoad: 300000, script: 30000}, unhandledPromptBehavior: dismiss and notify, webauthn:extension:credBlob: true, webauthn:extension:largeBlob: true, webauthn:extension:minPinLength: true, webauthn:extension:prf: true, webauthn:virtualAuthenticators: true}
Session ID: b69807e6ab3b638fc0216850d3084edb
	at java.base/jdk.internal.reflect.DirectConstructorHandleAccessor.newInstance(DirectConstructorHandleAccessor.java:67)
	at java.base/java.lang.reflect.Constructor.newInstanceWithCaller(Constructor.java:500)
	at java.base/java.lang.reflect.Constructor.newInstance(Constructor.java:484)
	at org.openqa.selenium.remote.http.W3CHttpResponseCodec.createException(W3CHttpResponseCodec.java:187)
	at org.openqa.selenium.remote.http.W3CHttpResponseCodec.decode(W3CHttpResponseCodec.java:122)
	at org.openqa.selenium.remote.http.W3CHttpResponseCodec.decode(W3CHttpResponseCodec.java:49)
	at org.openqa.selenium.remote.HttpCommandExecutor.execute(HttpCommandExecutor.java:158)
	at org.openqa.selenium.remote.service.DriverCommandExecutor.execute(DriverCommandExecutor.java:83)
	at org.openqa.selenium.remote.RemoteWebDriver.execute(RemoteWebDriver.java:552)
	at org.openqa.selenium.remote.RemoteWebDriver.get(RemoteWebDriver.java:277)
	at com.NewVision.InnoVision.engine.commands.Basic.Open(Basic.java:199)
	at com.NewVision.InnoVision.engine.support.reflect.MethodExecutor.executeMethod(MethodExecutor.java:39)
	at com.NewVision.InnoVision.engine.execution.run.TestStepRunner.executeAction(TestStepRunner.java:165)
	at com.NewVision.InnoVision.engine.execution.run.TestStepRunner.executeStep(TestStepRunner.java:161)
	at com.NewVision.InnoVision.engine.execution.run.TestStepRunner.executeStep(TestStepRunner.java:147)
	at com.NewVision.InnoVision.engine.execution.run.TestStepRunner.run(TestStepRunner.java:66)
	at com.NewVision.InnoVision.engine.execution.run.TestCaseRunner.runStep(TestCaseRunner.java:397)
	at com.NewVision.InnoVision.engine.execution.run.TestCaseRunner.run(TestCaseRunner.java:348)
	at com.NewVision.InnoVision.engine.execution.run.TestCaseRunner.run(TestCaseRunner.java:389)
	at com.NewVision.InnoVision.engine.execution.run.TestStepRunner.executeTestCase(TestStepRunner.java:137)
	at com.NewVision.InnoVision.engine.execution.run.TestStepRunner.execute(TestStepRunner.java:118)
	at com.NewVision.InnoVision.engine.execution.run.TestStepRunner.run(TestStepRunner.java:63)
	at com.NewVision.InnoVision.engine.execution.run.TestCaseRunner.runStep(TestCaseRunner.java:397)
	at com.NewVision.InnoVision.engine.execution.run.TestCaseRunner.run(TestCaseRunner.java:348)
	at com.NewVision.InnoVision.engine.core.Task.runIteration(Task.java:127)
	at com.NewVision.InnoVision.engine.core.Task.run(Task.java:83)
	at java.base/java.util.concurrent.ThreadPoolExecutor.runWorker(ThreadPoolExecutor.java:1144)
	at java.base/java.util.concurrent.ThreadPoolExecutor$Worker.run(ThreadPoolExecutor.java:642)
	at java.base/java.lang.Thread.run(Thread.java:1623)

[FAIL]   | unknown error: net::ERR_CONNECTION_TIMED_OUT
  (Session info: chrome=115.0.5790.111)
Build info: version: '3.141.59', revision: 'e82be7d358', time: '2018-11-14T08:17:03'
System info: host: 'SHAILJAR', ip: '10.20.0.60', os.name: 'Windows 11', os.arch: 'amd64', os.version: '10.0', java.version: '20.0.1'
Driver info: org.openqa.selenium.chrome.ChromeDriver
Capabilities {acceptInsecureCerts: false, browserName: chrome, browserVersion: 115.0.5790.111, chrome: {chromedriverVersion: 114.0.5735.90 (386bc09e8f4f..., userDataDir: C:\Users\SHAILJ~1.RAJ\AppDa...}, goog:chromeOptions: {debuggerAddress: localhost:53308}, javascriptEnabled: true, networkConnectionEnabled: false, pageLoadStrategy: normal, platform: WINDOWS, platformName: WINDOWS, proxy: Proxy(), setWindowRect: true, strictFileInteractability: false, timeouts: {implicit: 0, pageLoad: 300000, script: 30000}, unhandledPromptBehavior: dismiss and notify, webauthn:extension:credBlob: true, webauthn:extension:largeBlob: true, webauthn:extension:minPinLength: true, webauthn:extension:prf: true, webauthn:virtualAuthenticators: true}
Session ID: b69807e6ab3b638fc0216850d3084edb

===================================================================================================

[FAIL]   | unknown error: net::ERR_CONNECTION_TIMED_OUT
  (Session info: chrome=115.0.5790.111)
Build info: version: '3.141.59', revision: 'e82be7d358', time: '2018-11-14T08:17:03'
System info: host: 'SHAILJAR', ip: '10.20.0.60', os.name: 'Windows 11', os.arch: 'amd64', os.version: '10.0', java.version: '20.0.1'
Driver info: org.openqa.selenium.chrome.ChromeDriver
Capabilities {acceptInsecureCerts: false, browserName: chrome, browserVersion: 115.0.5790.111, chrome: {chromedriverVersion: 114.0.5735.90 (386bc09e8f4f..., userDataDir: C:\Users\SHAILJ~1.RAJ\AppDa...}, goog:chromeOptions: {debuggerAddress: localhost:53308}, javascriptEnabled: true, networkConnectionEnabled: false, pageLoadStrategy: normal, platform: WINDOWS, platformName: WINDOWS, proxy: Proxy(), setWindowRect: true, strictFileInteractability: false, timeouts: {implicit: 0, pageLoad: 300000, script: 30000}, unhandledPromptBehavior: dismiss and notify, webauthn:extension:credBlob: true, webauthn:extension:largeBlob: true, webauthn:extension:minPinLength: true, webauthn:extension:prf: true, webauthn:virtualAuthenticators: true}
Session ID: b69807e6ab3b638fc0216850d3084edb

===================================================================================================

2023-08-04 12:23:03:08S +0530 [SEVERE] com.NewVision.InnoVision.engine.execution.run.TestCaseRunner onRuntimeException:unknown error: net::ERR_CONNECTION_TIMED_OUT
  (Session info: chrome=115.0.5790.111)
Build info: version: '3.141.59', revision: 'e82be7d358', time: '2018-11-14T08:17:03'
System info: host: 'SHAILJAR', ip: '10.20.0.60', os.name: 'Windows 11', os.arch: 'amd64', os.version: '10.0', java.version: '20.0.1'
Driver info: org.openqa.selenium.chrome.ChromeDriver
Capabilities {acceptInsecureCerts: false, browserName: chrome, browserVersion: 115.0.5790.111, chrome: {chromedriverVersion: 114.0.5735.90 (386bc09e8f4f..., userDataDir: C:\Users\SHAILJ~1.RAJ\AppDa...}, goog:chromeOptions: {debuggerAddress: localhost:53308}, javascriptEnabled: true, networkConnectionEnabled: false, pageLoadStrategy: normal, platform: WINDOWS, platformName: WINDOWS, proxy: Proxy(), setWindowRect: true, strictFileInteractability: false, timeouts: {implicit: 0, pageLoad: 300000, script: 30000}, unhandledPromptBehavior: dismiss and notify, webauthn:extension:credBlob: true, webauthn:extension:largeBlob: true, webauthn:extension:minPinLength: true, webauthn:extension:prf: true, webauthn:virtualAuthenticators: true}
Session ID: b69807e6ab3b638fc0216850d3084edb
com.NewVision.InnoVision.engine.execution.exception.ForcedException: unknown error: net::ERR_CONNECTION_TIMED_OUT
  (Session info: chrome=115.0.5790.111)
Build info: version: '3.141.59', revision: 'e82be7d358', time: '2018-11-14T08:17:03'
System info: host: 'SHAILJAR', ip: '10.20.0.60', os.name: 'Windows 11', os.arch: 'amd64', os.version: '10.0', java.version: '20.0.1'
Driver info: org.openqa.selenium.chrome.ChromeDriver
Capabilities {acceptInsecureCerts: false, browserName: chrome, browserVersion: 115.0.5790.111, chrome: {chromedriverVersion: 114.0.5735.90 (386bc09e8f4f..., userDataDir: C:\Users\SHAILJ~1.RAJ\AppDa...}, goog:chromeOptions: {debuggerAddress: localhost:53308}, javascriptEnabled: true, networkConnectionEnabled: false, pageLoadStrategy: normal, platform: WINDOWS, platformName: WINDOWS, proxy: Proxy(), setWindowRect: true, strictFileInteractability: false, timeouts: {implicit: 0, pageLoad: 300000, script: 30000}, unhandledPromptBehavior: dismiss and notify, webauthn:extension:credBlob: true, webauthn:extension:largeBlob: true, webauthn:extension:minPinLength: true, webauthn:extension:prf: true, webauthn:virtualAuthenticators: true}
Session ID: b69807e6ab3b638fc0216850d3084edb
	at com.NewVision.InnoVision.engine.commands.Basic.Open(Basic.java:208)
	at com.NewVision.InnoVision.engine.support.reflect.MethodExecutor.executeMethod(MethodExecutor.java:39)
	at com.NewVision.InnoVision.engine.execution.run.TestStepRunner.executeAction(TestStepRunner.java:165)
	at com.NewVision.InnoVision.engine.execution.run.TestStepRunner.executeStep(TestStepRunner.java:161)
	at com.NewVision.InnoVision.engine.execution.run.TestStepRunner.executeStep(TestStepRunner.java:147)
	at com.NewVision.InnoVision.engine.execution.run.TestStepRunner.run(TestStepRunner.java:66)
	at com.NewVision.InnoVision.engine.execution.run.TestCaseRunner.runStep(TestCaseRunner.java:397)
	at com.NewVision.InnoVision.engine.execution.run.TestCaseRunner.run(TestCaseRunner.java:348)
	at com.NewVision.InnoVision.engine.execution.run.TestCaseRunner.run(TestCaseRunner.java:389)
	at com.NewVision.InnoVision.engine.execution.run.TestStepRunner.executeTestCase(TestStepRunner.java:137)
	at com.NewVision.InnoVision.engine.execution.run.TestStepRunner.execute(TestStepRunner.java:118)
	at com.NewVision.InnoVision.engine.execution.run.TestStepRunner.run(TestStepRunner.java:63)
	at com.NewVision.InnoVision.engine.execution.run.TestCaseRunner.runStep(TestCaseRunner.java:397)
	at com.NewVision.InnoVision.engine.execution.run.TestCaseRunner.run(TestCaseRunner.java:348)
	at com.NewVision.InnoVision.engine.core.Task.runIteration(Task.java:127)
	at com.NewVision.InnoVision.engine.core.Task.run(Task.java:83)
	at java.base/java.util.concurrent.ThreadPoolExecutor.runWorker(ThreadPoolExecutor.java:1144)
	at java.base/java.util.concurrent.ThreadPoolExecutor$Worker.run(ThreadPoolExecutor.java:642)
	at java.base/java.lang.Thread.run(Thread.java:1623)

Step:2   | Object: j_username | Action: Click | Input:*********  | Conditon:  | @04-Aug-2023 12:23:03.003
Element could not be identified with [name] : [j_username]
Expected condition failed: waiting for presence of any elements located by By.name: j_username (tried for 10 second(s) with 500 milliseconds interval)

Element could not be identified with [id] : [userId]
Expected condition failed: waiting for presence of any elements located by By.id: userId (tried for 10 second(s) with 500 milliseconds interval)

Element could not be identified with [relative_xpath] : [//input[@name='j_username']]
Expected condition failed: waiting for presence of any elements located by By.xpath: //input[@name='j_username'] (tried for 10 second(s) with 500 milliseconds interval)

Element could not be identified with [xpath] : [/html/body/div[2]/div/form/div[2]/span/input]
Expected condition failed: waiting for presence of any elements located by By.xpath: /html/body/div[2]/div/form/div[2]/span/input (tried for 10 second(s) with 500 milliseconds interval)

Element could not be identified with [class] : [loginField]
Expected condition failed: waiting for presence of any elements located by By.className: loginField (tried for 10 second(s) with 500 milliseconds interval)

Element could not be identified with [css] : [#userId]
Expected condition failed: waiting for presence of any elements located by By.cssSelector: #userId (tried for 10 second(s) with 500 milliseconds interval)

Element could not be identified with [type] : [text]
Expected condition failed: waiting for presence of any elements located by By.tagName: text (tried for 10 second(s) with 500 milliseconds interval)

2023-08-04 12:24:34:08S +0530 [OFF ] com.NewVision.InnoVision.engine.drivers.AutomationObject getElements:null
org.openqa.selenium.TimeoutException: Expected condition failed: waiting for com.NewVision.InnoVision.engine.drivers.AutomationObject$$Lambda$1313/0x0000000801857d70@2dd15aa3 (tried for 10 second(s) with 500 milliseconds interval)
Build info: version: '3.141.59', revision: 'e82be7d358', time: '2018-11-14T08:17:03'
System info: host: 'SHAILJAR', ip: '10.20.0.60', os.name: 'Windows 11', os.arch: 'amd64', os.version: '10.0', java.version: '20.0.1'
Driver info: org.openqa.selenium.chrome.ChromeDriver
Capabilities {acceptInsecureCerts: false, browserName: chrome, browserVersion: 115.0.5790.111, chrome: {chromedriverVersion: 114.0.5735.90 (386bc09e8f4f..., userDataDir: C:\Users\SHAILJ~1.RAJ\AppDa...}, goog:chromeOptions: {debuggerAddress: localhost:53308}, javascriptEnabled: true, networkConnectionEnabled: false, pageLoadStrategy: normal, platform: WINDOWS, platformName: WINDOWS, proxy: Proxy(), setWindowRect: true, strictFileInteractability: false, timeouts: {implicit: 0, pageLoad: 300000, script: 30000}, unhandledPromptBehavior: dismiss and notify, webauthn:extension:credBlob: true, webauthn:extension:largeBlob: true, webauthn:extension:minPinLength: true, webauthn:extension:prf: true, webauthn:virtualAuthenticators: true}
Session ID: b69807e6ab3b638fc0216850d3084edb
	at org.openqa.selenium.support.ui.WebDriverWait.timeoutException(WebDriverWait.java:95)
	at org.openqa.selenium.support.ui.FluentWait.until(FluentWait.java:272)
	at com.NewVision.InnoVision.engine.drivers.AutomationObject.getElements(AutomationObject.java:322)
	at com.NewVision.InnoVision.engine.drivers.AutomationObject.getWElements(AutomationObject.java:273)
	at com.NewVision.InnoVision.engine.drivers.AutomationObject.findElements(AutomationObject.java:260)
	at com.NewVision.InnoVision.engine.drivers.AutomationObject.findElement(AutomationObject.java:136)
	at com.NewVision.InnoVision.engine.drivers.AutomationObject.findElement(AutomationObject.java:129)
	at com.NewVision.InnoVision.engine.core.CommandControl.sync(CommandControl.java:98)
	at com.NewVision.InnoVision.engine.core.CommandControl.sync(CommandControl.java:183)
	at com.NewVision.InnoVision.engine.execution.run.TestStepRunner.executeStep(TestStepRunner.java:160)
	at com.NewVision.InnoVision.engine.execution.run.TestStepRunner.executeStep(TestStepRunner.java:147)
	at com.NewVision.InnoVision.engine.execution.run.TestStepRunner.run(TestStepRunner.java:66)
	at com.NewVision.InnoVision.engine.execution.run.TestCaseRunner.runStep(TestCaseRunner.java:397)
	at com.NewVision.InnoVision.engine.execution.run.TestCaseRunner.run(TestCaseRunner.java:348)
	at com.NewVision.InnoVision.engine.execution.run.TestCaseRunner.run(TestCaseRunner.java:389)
	at com.NewVision.InnoVision.engine.execution.run.TestStepRunner.executeTestCase(TestStepRunner.java:137)
	at com.NewVision.InnoVision.engine.execution.run.TestStepRunner.execute(TestStepRunner.java:118)
	at com.NewVision.InnoVision.engine.execution.run.TestStepRunner.run(TestStepRunner.java:63)
	at com.NewVision.InnoVision.engine.execution.run.TestCaseRunner.runStep(TestCaseRunner.java:397)
	at com.NewVision.InnoVision.engine.execution.run.TestCaseRunner.run(TestCaseRunner.java:348)
	at com.NewVision.InnoVision.engine.core.Task.runIteration(Task.java:127)
	at com.NewVision.InnoVision.engine.core.Task.run(Task.java:83)
	at java.base/java.util.concurrent.ThreadPoolExecutor.runWorker(ThreadPoolExecutor.java:1144)
	at java.base/java.util.concurrent.ThreadPoolExecutor$Worker.run(ThreadPoolExecutor.java:642)
	at java.base/java.lang.Thread.run(Thread.java:1623)

Couldn't find Object 'j_username' in stipulated Time '10' Seconds
[FAIL]   | Seems Like the Element [j_username] is Not Present/Found in the page Try Adding wait or heal it

===================================================================================================

2023-08-04 12:24:36:08S +0530 [SEVERE] com.NewVision.InnoVision.engine.execution.run.TestCaseRunner onRuntimeException:Seems Like the Element [j_username] is Not Present/Found in the page Try Adding wait or heal it
com.NewVision.InnoVision.engine.execution.exception.element.ElementException: Seems Like the Element [j_username] is Not Present/Found in the page Try Adding wait or heal it
	at com.NewVision.InnoVision.engine.commands.General.elementDisplayed(General.java:57)
	at com.NewVision.InnoVision.engine.commands.General.elementEnabled(General.java:63)
	at com.NewVision.InnoVision.engine.commands.Basic.Click(Basic.java:47)
	at com.NewVision.InnoVision.engine.support.reflect.MethodExecutor.executeMethod(MethodExecutor.java:39)
	at com.NewVision.InnoVision.engine.execution.run.TestStepRunner.executeAction(TestStepRunner.java:165)
	at com.NewVision.InnoVision.engine.execution.run.TestStepRunner.executeStep(TestStepRunner.java:161)
	at com.NewVision.InnoVision.engine.execution.run.TestStepRunner.executeStep(TestStepRunner.java:147)
	at com.NewVision.InnoVision.engine.execution.run.TestStepRunner.run(TestStepRunner.java:66)
	at com.NewVision.InnoVision.engine.execution.run.TestCaseRunner.runStep(TestCaseRunner.java:397)
	at com.NewVision.InnoVision.engine.execution.run.TestCaseRunner.run(TestCaseRunner.java:348)
	at com.NewVision.InnoVision.engine.execution.run.TestCaseRunner.run(TestCaseRunner.java:389)
	at com.NewVision.InnoVision.engine.execution.run.TestStepRunner.executeTestCase(TestStepRunner.java:137)
	at com.NewVision.InnoVision.engine.execution.run.TestStepRunner.execute(TestStepRunner.java:118)
	at com.NewVision.InnoVision.engine.execution.run.TestStepRunner.run(TestStepRunner.java:63)
	at com.NewVision.InnoVision.engine.execution.run.TestCaseRunner.runStep(TestCaseRunner.java:397)
	at com.NewVision.InnoVision.engine.execution.run.TestCaseRunner.run(TestCaseRunner.java:348)
	at com.NewVision.InnoVision.engine.core.Task.runIteration(Task.java:127)
	at com.NewVision.InnoVision.engine.core.Task.run(Task.java:83)
	at java.base/java.util.concurrent.ThreadPoolExecutor.runWorker(ThreadPoolExecutor.java:1144)
	at java.base/java.util.concurrent.ThreadPoolExecutor$Worker.run(ThreadPoolExecutor.java:642)
	at java.base/java.lang.Thread.run(Thread.java:1623)

Step:3   | Object: j_username | Action: Set | Input:*********  | Conditon:  | @04-Aug-2023 12:24:36.036
Element could not be identified with [name] : [j_username]
Expected condition failed: waiting for presence of any elements located by By.name: j_username (tried for 10 second(s) with 500 milliseconds interval)

Element could not be identified with [id] : [userId]
2023-08-04 12:25:15:08S +0530 [OFF ] com.NewVision.InnoVision.engine.drivers.AutomationObject getElements:null
java.lang.StringIndexOutOfBoundsException: Range [0, -1) out of bounds for length 144
	at java.base/jdk.internal.util.Preconditions$1.apply(Preconditions.java:55)
	at java.base/jdk.internal.util.Preconditions$1.apply(Preconditions.java:52)
	at java.base/jdk.internal.util.Preconditions$4.apply(Preconditions.java:213)
	at java.base/jdk.internal.util.Preconditions$4.apply(Preconditions.java:210)
	at java.base/jdk.internal.util.Preconditions.outOfBounds(Preconditions.java:98)
	at java.base/jdk.internal.util.Preconditions.outOfBoundsCheckFromToIndex(Preconditions.java:112)
	at java.base/jdk.internal.util.Preconditions.checkFromToIndex(Preconditions.java:349)
	at java.base/java.lang.String.checkBoundsBeginEnd(String.java:4608)
	at java.base/java.lang.String.substring(String.java:2720)
	at com.NewVision.InnoVision.engine.drivers.AutomationObject.lambda$getElements$0(AutomationObject.java:363)
	at org.openqa.selenium.support.ui.FluentWait.until(FluentWait.java:249)
	at com.NewVision.InnoVision.engine.drivers.AutomationObject.getElements(AutomationObject.java:322)
	at com.NewVision.InnoVision.engine.drivers.AutomationObject.getWElements(AutomationObject.java:273)
	at com.NewVision.InnoVision.engine.drivers.AutomationObject.findElements(AutomationObject.java:260)
	at com.NewVision.InnoVision.engine.drivers.AutomationObject.findElement(AutomationObject.java:136)
	at com.NewVision.InnoVision.engine.drivers.AutomationObject.findElement(AutomationObject.java:129)
	at com.NewVision.InnoVision.engine.core.CommandControl.sync(CommandControl.java:98)
	at com.NewVision.InnoVision.engine.core.CommandControl.sync(CommandControl.java:183)
	at com.NewVision.InnoVision.engine.execution.run.TestStepRunner.executeStep(TestStepRunner.java:160)
	at com.NewVision.InnoVision.engine.execution.run.TestStepRunner.executeStep(TestStepRunner.java:147)
	at com.NewVision.InnoVision.engine.execution.run.TestStepRunner.run(TestStepRunner.java:66)
	at com.NewVision.InnoVision.engine.execution.run.TestCaseRunner.runStep(TestCaseRunner.java:397)
	at com.NewVision.InnoVision.engine.execution.run.TestCaseRunner.run(TestCaseRunner.java:348)
	at com.NewVision.InnoVision.engine.execution.run.TestCaseRunner.run(TestCaseRunner.java:389)
	at com.NewVision.InnoVision.engine.execution.run.TestStepRunner.executeTestCase(TestStepRunner.java:137)
	at com.NewVision.InnoVision.engine.execution.run.TestStepRunner.execute(TestStepRunner.java:118)
	at com.NewVision.InnoVision.engine.execution.run.TestStepRunner.run(TestStepRunner.java:63)
	at com.NewVision.InnoVision.engine.execution.run.TestCaseRunner.runStep(TestCaseRunner.java:397)
	at com.NewVision.InnoVision.engine.execution.run.TestCaseRunner.run(TestCaseRunner.java:348)
	at com.NewVision.InnoVision.engine.core.Task.runIteration(Task.java:127)
	at com.NewVision.InnoVision.engine.core.Task.run(Task.java:83)
	at java.base/java.util.concurrent.ThreadPoolExecutor.runWorker(ThreadPoolExecutor.java:1144)
	at java.base/java.util.concurrent.ThreadPoolExecutor$Worker.run(ThreadPoolExecutor.java:642)
	at java.base/java.lang.Thread.run(Thread.java:1623)

Couldn't find Object 'j_username' in stipulated Time '10' Seconds
2023-08-04 12:25:15:08S +0530 [SEVERE] com.NewVision.InnoVision.engine.core.Task runIteration:Driver Chrome Closed / Could not be reached
com.NewVision.InnoVision.engine.execution.exception.DriverClosedException: Driver Chrome Closed / Could not be reached
	at com.NewVision.InnoVision.engine.drivers.SeleniumDriver.isAlive(SeleniumDriver.java:148)
	at com.NewVision.InnoVision.engine.commands.Command.isDriverAlive(Command.java:140)
	at com.NewVision.InnoVision.engine.commands.General.checkIfDriverIsAlive(General.java:37)
	at com.NewVision.InnoVision.engine.commands.General.elementPresent(General.java:45)
	at com.NewVision.InnoVision.engine.commands.General.elementDisplayed(General.java:56)
	at com.NewVision.InnoVision.engine.commands.General.elementEnabled(General.java:63)
	at com.NewVision.InnoVision.engine.commands.Basic.Set(Basic.java:99)
	at com.NewVision.InnoVision.engine.support.reflect.MethodExecutor.executeMethod(MethodExecutor.java:39)
	at com.NewVision.InnoVision.engine.execution.run.TestStepRunner.executeAction(TestStepRunner.java:165)
	at com.NewVision.InnoVision.engine.execution.run.TestStepRunner.executeStep(TestStepRunner.java:161)
	at com.NewVision.InnoVision.engine.execution.run.TestStepRunner.executeStep(TestStepRunner.java:147)
	at com.NewVision.InnoVision.engine.execution.run.TestStepRunner.run(TestStepRunner.java:66)
	at com.NewVision.InnoVision.engine.execution.run.TestCaseRunner.runStep(TestCaseRunner.java:397)
	at com.NewVision.InnoVision.engine.execution.run.TestCaseRunner.run(TestCaseRunner.java:348)
	at com.NewVision.InnoVision.engine.execution.run.TestCaseRunner.run(TestCaseRunner.java:389)
	at com.NewVision.InnoVision.engine.execution.run.TestStepRunner.executeTestCase(TestStepRunner.java:137)
	at com.NewVision.InnoVision.engine.execution.run.TestStepRunner.execute(TestStepRunner.java:118)
	at com.NewVision.InnoVision.engine.execution.run.TestStepRunner.run(TestStepRunner.java:63)
	at com.NewVision.InnoVision.engine.execution.run.TestCaseRunner.runStep(TestCaseRunner.java:397)
	at com.NewVision.InnoVision.engine.execution.run.TestCaseRunner.run(TestCaseRunner.java:348)
	at com.NewVision.InnoVision.engine.core.Task.runIteration(Task.java:127)
	at com.NewVision.InnoVision.engine.core.Task.run(Task.java:83)
	at java.base/java.util.concurrent.ThreadPoolExecutor.runWorker(ThreadPoolExecutor.java:1144)
	at java.base/java.util.concurrent.ThreadPoolExecutor$Worker.run(ThreadPoolExecutor.java:642)
	at java.base/java.lang.Thread.run(Thread.java:1623)

[FAIL]   | Driver Chrome Closed / Could not be reached

===================================================================================================


---------------------------------------------------
Testcase Name        : To Do scenario:to do entry
Executed Steps       : 4
Passed Steps         : 0
Failed Steps         : 4
Time Taken           : 00:02:55
-----------------------------------------------------

Run Finished on Fri Aug 04 12:25:15 IST 2023
-----------------------------------------------------
ExecutionDate        : 04-Aug-2023 12-22-19
Executed TestCases   : 1
Passed TestCases     : 0
Failed TestCases     : 1
Time Taken           : 00:02:55
ReportPath           : file:///C:\Users\shailja.rajak\Downloads\InnoVision-2.0-setup\InnoVision-1.0\Projects\C2M\Results\TestDesign\To Do scenario\to do entry\04-Aug-2023 12-22-19\summary.html
-----------------------------------------------------
[Thread-22] INFO com.NewVision.InnoVision.engine.support.DesktopApi - Trying to Open - C:\Users\shailja.rajak\Downloads\InnoVision-2.0-setup\InnoVision-1.0\Projects\C2M\Results\TestDesign\To Do scenario\to do entry\04-Aug-2023 12-22-19\summary.html
[Thread-22] INFO com.NewVision.InnoVision.engine.support.DesktopApi - Trying to exec: [explorer] [%s] [C:\Users\shailja.rajak\Downloads\InnoVision-2.0-setup\InnoVision-1.0\Projects\C2M\Results\TestDesign\To Do scenario\to do entry\04-Aug-2023 12-22-19\summary.html]
