Run Information
========================
NewVision.intelligent.test.scripter.engine : 1.0
java.runtime.name    : Java(TM) SE Runtime Environment
java.version         : 20.0.1
java.home            : C:\Program Files\Java\jdk-20
os.name              : Windows 11
os.arch              : amd64
os.version           : 10.0
file.encoding        : UTF-8
========================
Run Started on Mon Aug 14 16:23:27 IST 2023
Loading Browser Profile
Loading RunManager
[Scenario:To Do scenario] [TestCase: To Do Type] [Description: Test Run] [Browser: Chrome] [BrowserVersion: default] [Platform: ANY][ExistingBrowser: false]
Initializing Report
[Thread-195] WARN com.NewVision.InnoVision.engine.core.TMIntegration - TM integration disabled for testcases running via design mode
ApiLink not available!!
Run Manager true
Continue Execution true
Shutting Down Thread as there is no need for SelectiveThreading
Running Iteration 1
Launching Chrome
Launching Local Driver
[pool-63-thread-1] ERROR io.github.bonigarcia.wdm.online.HttpClient - Error HTTP 404 executing https://chromedriver.storage.googleapis.com/LATEST_RELEASE_115
[pool-63-thread-1] WARN io.github.bonigarcia.wdm.versions.VersionDetector - Exception reading https://chromedriver.storage.googleapis.com/LATEST_RELEASE_115 to get latest version of chromedriver (Error HTTP 404 executing https://chromedriver.storage.googleapis.com/LATEST_RELEASE_115)
[pool-63-thread-1] INFO io.github.bonigarcia.wdm.WebDriverManager - Exporting webdriver.chrome.driver as C:\Users\shailja.rajak\.cache\selenium\chromedriver\win32\114.0.5735.90\chromedriver.exe
Starting ChromeDriver 114.0.5735.90 (386bc09e8f4f2e025eddae123f36f6263096ae49-refs/branch-heads/5735@{#1052}) on port 61364
Only local connections are allowed.
Please see https://chromedriver.chromium.org/security-considerations for suggestions on keeping ChromeDriver safe.
ChromeDriver was started successfully.
[1692010410.859][WARNING]: This version of ChromeDriver has not been tested with Chrome version 115.
2023-08-14 16:23:31:08S +0530 [INFO] org.openqa.selenium.remote.ProtocolHandshake createSession:Detected dialect: W3C
Chrome Launched
Step:1   | Object: Browser | Action: Open | Input:*********  | Conditon:  | @14-Aug-2023 16:23:31.031
%Login_Link% changed to http://172.40.0.60:8009/ouaf/cis.jsp
[DONE]   | Opened Url: http://172.40.0.60:8009/ouaf/cis.jsp

===================================================================================================

Step:2   | Object: j_username | Action: Click | Input:*********  | Conditon:  | @14-Aug-2023 16:23:31.031
Using @name [j_username], Object 'j_username' Found in 22 ms
[DONE]   | Clicking on j_username

===================================================================================================

Step:3   | Object: j_username | Action: Set | Input:*********  | Conditon:  | @14-Aug-2023 16:23:31.031
Using @name [j_username], Object 'j_username' Found in 15 ms
[DONE]   | Entered Text 'SYSUSER' on 'j_username'

===================================================================================================

Step:4   | Object: j_password | Action: Click | Input:*********  | Conditon:  | @14-Aug-2023 16:23:31.031
Using @name [j_password], Object 'j_password' Found in 17 ms
[DONE]   | Clicking on j_password

===================================================================================================

Step:5   | Object: j_password | Action: Set | Input:*********  | Conditon:  | @14-Aug-2023 16:23:31.031
Using @name [j_password], Object 'j_password' Found in 18 ms
[DONE]   | Entered Text 'sysuser00' on 'j_password'

===================================================================================================

Step:6   | Object: Login | Action: Click | Input:*********  | Conditon:  | @14-Aug-2023 16:23:32.032
Using @id [loginButton], Object 'Login' Found in 16 ms
[DONE]   | Clicking on Login

===================================================================================================

Step:1   | Object: Browser | Action: pause | Input:*********  | Conditon:  | @14-Aug-2023 16:23:33.033
[DONE]   | Thread sleep for '2000

===================================================================================================

Step:3   | Object: Admin | Action: Click | Input:*********  | Conditon:  | @14-Aug-2023 16:23:35.035
Using @id [IM_adminButton], Object 'Admin' Found in 2209 ms
[DONE]   | Clicking on Admin

===================================================================================================

Step:4   | Object: T | Action: Click | Input:*********  | Conditon:  | @14-Aug-2023 16:23:39.039
Using @relative_xpath [//*[normalize-space(text())='T']], Object 'T' Found in 112 ms
[DONE]   | Clicking on T

===================================================================================================

Step:5   | Object: To Do Type | Action: Click | Input:*********  | Conditon:  | @14-Aug-2023 16:23:40.040
Using @id [CI_SG_ADMIN_T_subMenuItem1x11], Object 'To Do Type' Found in 168 ms
[DONE]   | Clicking on To Do Type

===================================================================================================

Step:6   | Object: Add1 | Action: Click | Input:*********  | Conditon:  | @14-Aug-2023 16:23:41.041
Using @relative_xpath [//*[normalize-space(text())='Add']], 2023-08-14 16:23:41:08S +0530 [OFF ] com.NewVision.InnoVision.engine.drivers.AutomationObject getElements:null
org.openqa.selenium.StaleElementReferenceException: stale element reference: stale element not found
  (Session info: chrome=115.0.5790.171)
For documentation on this error, please visit: https://www.seleniumhq.org/exceptions/stale_element_reference.html
Build info: version: '3.141.59', revision: 'e82be7d358', time: '2018-11-14T08:17:03'
System info: host: 'SHAILJAR', ip: '10.20.0.31', os.name: 'Windows 11', os.arch: 'amd64', os.version: '10.0', java.version: '20.0.1'
Driver info: org.openqa.selenium.chrome.ChromeDriver
Capabilities {acceptInsecureCerts: false, browserName: chrome, browserVersion: 115.0.5790.171, chrome: {chromedriverVersion: 114.0.5735.90 (386bc09e8f4f..., userDataDir: C:\Users\SHAILJ~1.RAJ\AppDa...}, goog:chromeOptions: {debuggerAddress: localhost:64779}, javascriptEnabled: true, networkConnectionEnabled: false, pageLoadStrategy: normal, platform: WINDOWS, platformName: WINDOWS, proxy: Proxy(), setWindowRect: true, strictFileInteractability: false, timeouts: {implicit: 0, pageLoad: 300000, script: 30000}, unhandledPromptBehavior: dismiss and notify, webauthn:extension:credBlob: true, webauthn:extension:largeBlob: true, webauthn:extension:minPinLength: true, webauthn:extension:prf: true, webauthn:virtualAuthenticators: true}
Session ID: d04a13082fc010a2469e88982c4999d5
	at java.base/jdk.internal.reflect.DirectConstructorHandleAccessor.newInstance(DirectConstructorHandleAccessor.java:67)
	at java.base/java.lang.reflect.Constructor.newInstanceWithCaller(Constructor.java:500)
	at java.base/java.lang.reflect.Constructor.newInstance(Constructor.java:484)
	at org.openqa.selenium.remote.http.W3CHttpResponseCodec.createException(W3CHttpResponseCodec.java:187)
	at org.openqa.selenium.remote.http.W3CHttpResponseCodec.decode(W3CHttpResponseCodec.java:122)
	at org.openqa.selenium.remote.http.W3CHttpResponseCodec.decode(W3CHttpResponseCodec.java:49)
	at org.openqa.selenium.remote.HttpCommandExecutor.execute(HttpCommandExecutor.java:158)
	at org.openqa.selenium.remote.service.DriverCommandExecutor.execute(DriverCommandExecutor.java:83)
	at org.openqa.selenium.remote.RemoteWebDriver.execute(RemoteWebDriver.java:552)
	at org.openqa.selenium.remote.RemoteWebElement.execute(RemoteWebElement.java:285)
	at org.openqa.selenium.remote.RemoteWebElement.getAttribute(RemoteWebElement.java:134)
	at com.NewVision.InnoVision.engine.drivers.AutomationObject.lambda$getElements$0(AutomationObject.java:373)
	at org.openqa.selenium.support.ui.FluentWait.until(FluentWait.java:249)
	at com.NewVision.InnoVision.engine.drivers.AutomationObject.getElements(AutomationObject.java:322)
	at com.NewVision.InnoVision.engine.drivers.AutomationObject.getWElements(AutomationObject.java:273)
	at com.NewVision.InnoVision.engine.drivers.AutomationObject.findElements(AutomationObject.java:260)
	at com.NewVision.InnoVision.engine.drivers.AutomationObject.findElement(AutomationObject.java:136)
	at com.NewVision.InnoVision.engine.drivers.AutomationObject.findElement(AutomationObject.java:129)
	at com.NewVision.InnoVision.engine.core.CommandControl.sync(CommandControl.java:98)
	at com.NewVision.InnoVision.engine.core.CommandControl.sync(CommandControl.java:183)
	at com.NewVision.InnoVision.engine.execution.run.TestStepRunner.executeStep(TestStepRunner.java:160)
	at com.NewVision.InnoVision.engine.execution.run.TestStepRunner.executeStep(TestStepRunner.java:147)
	at com.NewVision.InnoVision.engine.execution.run.TestStepRunner.run(TestStepRunner.java:66)
	at com.NewVision.InnoVision.engine.execution.run.TestCaseRunner.runStep(TestCaseRunner.java:397)
	at com.NewVision.InnoVision.engine.execution.run.TestCaseRunner.run(TestCaseRunner.java:348)
	at com.NewVision.InnoVision.engine.core.Task.runIteration(Task.java:127)
	at com.NewVision.InnoVision.engine.core.Task.run(Task.java:83)
	at java.base/java.util.concurrent.ThreadPoolExecutor.runWorker(ThreadPoolExecutor.java:1144)
	at java.base/java.util.concurrent.ThreadPoolExecutor$Worker.run(ThreadPoolExecutor.java:642)
	at java.base/java.lang.Thread.run(Thread.java:1623)

Couldn't find Object 'Add1' in stipulated Time '10' Seconds
[FAIL]   | Seems Like the Element [Add1] is Not Present/Found in the page Try Adding wait or heal it

===================================================================================================

2023-08-14 16:23:42:08S +0530 [SEVERE] com.NewVision.InnoVision.engine.execution.run.TestCaseRunner onRuntimeException:Seems Like the Element [Add1] is Not Present/Found in the page Try Adding wait or heal it
com.NewVision.InnoVision.engine.execution.exception.element.ElementException: Seems Like the Element [Add1] is Not Present/Found in the page Try Adding wait or heal it
	at com.NewVision.InnoVision.engine.commands.General.elementDisplayed(General.java:57)
	at com.NewVision.InnoVision.engine.commands.General.elementEnabled(General.java:63)
	at com.NewVision.InnoVision.engine.commands.Basic.Click(Basic.java:47)
	at com.NewVision.InnoVision.engine.support.reflect.MethodExecutor.executeMethod(MethodExecutor.java:39)
	at com.NewVision.InnoVision.engine.execution.run.TestStepRunner.executeAction(TestStepRunner.java:165)
	at com.NewVision.InnoVision.engine.execution.run.TestStepRunner.executeStep(TestStepRunner.java:161)
	at com.NewVision.InnoVision.engine.execution.run.TestStepRunner.executeStep(TestStepRunner.java:147)
	at com.NewVision.InnoVision.engine.execution.run.TestStepRunner.run(TestStepRunner.java:66)
	at com.NewVision.InnoVision.engine.execution.run.TestCaseRunner.runStep(TestCaseRunner.java:397)
	at com.NewVision.InnoVision.engine.execution.run.TestCaseRunner.run(TestCaseRunner.java:348)
	at com.NewVision.InnoVision.engine.core.Task.runIteration(Task.java:127)
	at com.NewVision.InnoVision.engine.core.Task.run(Task.java:83)
	at java.base/java.util.concurrent.ThreadPoolExecutor.runWorker(ThreadPoolExecutor.java:1144)
	at java.base/java.util.concurrent.ThreadPoolExecutor$Worker.run(ThreadPoolExecutor.java:642)
	at java.base/java.lang.Thread.run(Thread.java:1623)

Step:7   | Object: Browser | Action: switchToFrame | Input:*********  | Conditon:  | @14-Aug-2023 16:23:42.042
[DONE]   | Webdriver switched to new frame by name[tabPage]

===================================================================================================

Step:8   | Object: To Do Type Page | Action: Click | Input:*********  | Conditon:  | @14-Aug-2023 16:23:42.042
Element could not be identified with [name] : [TD_TYPE_CD]
Expected condition failed: waiting for presence of any elements located by By.name: TD_TYPE_CD (tried for 10 second(s) with 500 milliseconds interval)

Element could not be identified with [id] : [TD_TYPE_CD]
Expected condition failed: waiting for presence of any elements located by By.id: TD_TYPE_CD (tried for 10 second(s) with 500 milliseconds interval)

Element could not be identified with [relative_xpath] : [//input[@name='TD_TYPE_CD']]
Expected condition failed: waiting for presence of any elements located by By.xpath: //input[@name='TD_TYPE_CD'] (tried for 10 second(s) with 500 milliseconds interval)

Using @xpath [(/html/body/table/tbody/tr/td/table/tbody/tr/td[2]/input)[1]], Object 'To Do Type Page' Found in 31533 ms
[DONE]   | Clicking on To Do Type Page

===================================================================================================

Step:9   | Object: To Do Type Page | Action: Set | Input:*********  | Conditon:  | @14-Aug-2023 16:24:13.013
Element could not be identified with [name] : [TD_TYPE_CD]
Expected condition failed: waiting for presence of any elements located by By.name: TD_TYPE_CD (tried for 10 second(s) with 500 milliseconds interval)

Element could not be identified with [id] : [TD_TYPE_CD]
Expected condition failed: waiting for presence of any elements located by By.id: TD_TYPE_CD (tried for 10 second(s) with 500 milliseconds interval)

Element could not be identified with [relative_xpath] : [//input[@name='TD_TYPE_CD']]
Expected condition failed: waiting for presence of any elements located by By.xpath: //input[@name='TD_TYPE_CD'] (tried for 10 second(s) with 500 milliseconds interval)

Using @xpath [(/html/body/table/tbody/tr/td/table/tbody/tr/td[2]/input)[1]], Object 'To Do Type Page' Found in 31452 ms
[DONE]   | Entered Text 'Water' on 'To Do Type Page'

===================================================================================================

Step:10  | Object: Description | Action: Click | Input:*********  | Conditon:  | @14-Aug-2023 16:24:45.045
Element could not be identified with [name] : [DESCR]
Expected condition failed: waiting for presence of any elements located by By.name: DESCR (tried for 10 second(s) with 500 milliseconds interval)

Element could not be identified with [id] : [DESCR]
Expected condition failed: waiting for presence of any elements located by By.id: DESCR (tried for 10 second(s) with 500 milliseconds interval)

2023-08-14 16:25:11:08S +0530 [OFF ] com.NewVision.InnoVision.engine.drivers.AutomationObject getElements:null
org.openqa.selenium.UnhandledAlertException: unexpected alert open: {Alert text : }
  (Session info: chrome=115.0.5790.171): {Alert text : 
Build info: version: '3.141.59', revision: 'e82be7d358', time: '2018-11-14T08:17:03'
System info: host: 'SHAILJAR', ip: '10.20.0.31', os.name: 'Windows 11', os.arch: 'amd64', os.version: '10.0', java.version: '20.0.1'
Driver info: org.openqa.selenium.chrome.ChromeDriver
Capabilities {acceptInsecureCerts: false, browserName: chrome, browserVersion: 115.0.5790.171, chrome: {chromedriverVersion: 114.0.5735.90 (386bc09e8f4f..., userDataDir: C:\Users\SHAILJ~1.RAJ\AppDa...}, goog:chromeOptions: {debuggerAddress: localhost:64779}, javascriptEnabled: true, networkConnectionEnabled: false, pageLoadStrategy: normal, platform: WINDOWS, platformName: WINDOWS, proxy: Proxy(), setWindowRect: true, strictFileInteractability: false, timeouts: {implicit: 0, pageLoad: 300000, script: 30000}, unhandledPromptBehavior: dismiss and notify, webauthn:extension:credBlob: true, webauthn:extension:largeBlob: true, webauthn:extension:minPinLength: true, webauthn:extension:prf: true, webauthn:virtualAuthenticators: true}
Session ID: d04a13082fc010a2469e88982c4999d5
*** Element info: {Using=xpath, value=//input[@name='DESCR']}
	at org.openqa.selenium.remote.http.W3CHttpResponseCodec.decode(W3CHttpResponseCodec.java:120)
	at org.openqa.selenium.remote.http.W3CHttpResponseCodec.decode(W3CHttpResponseCodec.java:49)
	at org.openqa.selenium.remote.HttpCommandExecutor.execute(HttpCommandExecutor.java:158)
	at org.openqa.selenium.remote.service.DriverCommandExecutor.execute(DriverCommandExecutor.java:83)
	at org.openqa.selenium.remote.RemoteWebDriver.execute(RemoteWebDriver.java:552)
	at org.openqa.selenium.remote.RemoteWebDriver.findElements(RemoteWebDriver.java:353)
	at org.openqa.selenium.remote.RemoteWebDriver.findElementsByXPath(RemoteWebDriver.java:432)
	at org.openqa.selenium.By$ByXPath.findElements(By.java:348)
	at org.openqa.selenium.remote.RemoteWebDriver.findElements(RemoteWebDriver.java:311)
	at org.openqa.selenium.support.ui.ExpectedConditions$11.apply(ExpectedConditions.java:328)
	at org.openqa.selenium.support.ui.ExpectedConditions$11.apply(ExpectedConditions.java:325)
	at org.openqa.selenium.support.ui.FluentWait.until(FluentWait.java:249)
	at com.NewVision.InnoVision.engine.drivers.AutomationObject.lambda$getElements$0(AutomationObject.java:359)
	at org.openqa.selenium.support.ui.FluentWait.until(FluentWait.java:249)
	at com.NewVision.InnoVision.engine.drivers.AutomationObject.getElements(AutomationObject.java:322)
	at com.NewVision.InnoVision.engine.drivers.AutomationObject.getWElements(AutomationObject.java:273)
	at com.NewVision.InnoVision.engine.drivers.AutomationObject.findElements(AutomationObject.java:260)
	at com.NewVision.InnoVision.engine.drivers.AutomationObject.findElement(AutomationObject.java:136)
	at com.NewVision.InnoVision.engine.drivers.AutomationObject.findElement(AutomationObject.java:129)
	at com.NewVision.InnoVision.engine.core.CommandControl.sync(CommandControl.java:98)
	at com.NewVision.InnoVision.engine.core.CommandControl.sync(CommandControl.java:183)
	at com.NewVision.InnoVision.engine.execution.run.TestStepRunner.executeStep(TestStepRunner.java:160)
	at com.NewVision.InnoVision.engine.execution.run.TestStepRunner.executeStep(TestStepRunner.java:147)
	at com.NewVision.InnoVision.engine.execution.run.TestStepRunner.run(TestStepRunner.java:66)
	at com.NewVision.InnoVision.engine.execution.run.TestCaseRunner.runStep(TestCaseRunner.java:397)
	at com.NewVision.InnoVision.engine.execution.run.TestCaseRunner.run(TestCaseRunner.java:348)
	at com.NewVision.InnoVision.engine.core.Task.runIteration(Task.java:127)
	at com.NewVision.InnoVision.engine.core.Task.run(Task.java:83)
	at java.base/java.util.concurrent.ThreadPoolExecutor.runWorker(ThreadPoolExecutor.java:1144)
	at java.base/java.util.concurrent.ThreadPoolExecutor$Worker.run(ThreadPoolExecutor.java:642)
	at java.base/java.lang.Thread.run(Thread.java:1623)

Couldn't find Object 'Description' in stipulated Time '10' Seconds
[FAIL]   | Seems Like the Element [Description] is Not Present/Found in the page Try Adding wait or heal it

===================================================================================================

2023-08-14 16:25:12:08S +0530 [SEVERE] com.NewVision.InnoVision.engine.execution.run.TestCaseRunner onRuntimeException:Seems Like the Element [Description] is Not Present/Found in the page Try Adding wait or heal it
com.NewVision.InnoVision.engine.execution.exception.element.ElementException: Seems Like the Element [Description] is Not Present/Found in the page Try Adding wait or heal it
	at com.NewVision.InnoVision.engine.commands.General.elementDisplayed(General.java:57)
	at com.NewVision.InnoVision.engine.commands.General.elementEnabled(General.java:63)
	at com.NewVision.InnoVision.engine.commands.Basic.Click(Basic.java:47)
	at com.NewVision.InnoVision.engine.support.reflect.MethodExecutor.executeMethod(MethodExecutor.java:39)
	at com.NewVision.InnoVision.engine.execution.run.TestStepRunner.executeAction(TestStepRunner.java:165)
	at com.NewVision.InnoVision.engine.execution.run.TestStepRunner.executeStep(TestStepRunner.java:161)
	at com.NewVision.InnoVision.engine.execution.run.TestStepRunner.executeStep(TestStepRunner.java:147)
	at com.NewVision.InnoVision.engine.execution.run.TestStepRunner.run(TestStepRunner.java:66)
	at com.NewVision.InnoVision.engine.execution.run.TestCaseRunner.runStep(TestCaseRunner.java:397)
	at com.NewVision.InnoVision.engine.execution.run.TestCaseRunner.run(TestCaseRunner.java:348)
	at com.NewVision.InnoVision.engine.core.Task.runIteration(Task.java:127)
	at com.NewVision.InnoVision.engine.core.Task.run(Task.java:83)
	at java.base/java.util.concurrent.ThreadPoolExecutor.runWorker(ThreadPoolExecutor.java:1144)
	at java.base/java.util.concurrent.ThreadPoolExecutor$Worker.run(ThreadPoolExecutor.java:642)
	at java.base/java.lang.Thread.run(Thread.java:1623)

Step:11  | Object: Description | Action: Set | Input:*********  | Conditon:  | @14-Aug-2023 16:25:12.012
2023-08-14 16:25:17:08S +0530 [OFF ] com.NewVision.InnoVision.engine.drivers.AutomationObject getElements:null
org.openqa.selenium.UnhandledAlertException: unexpected alert open: {Alert text : }
  (Session info: chrome=115.0.5790.171): {Alert text : 
Build info: version: '3.141.59', revision: 'e82be7d358', time: '2018-11-14T08:17:03'
System info: host: 'SHAILJAR', ip: '10.20.0.31', os.name: 'Windows 11', os.arch: 'amd64', os.version: '10.0', java.version: '20.0.1'
Driver info: org.openqa.selenium.chrome.ChromeDriver
Capabilities {acceptInsecureCerts: false, browserName: chrome, browserVersion: 115.0.5790.171, chrome: {chromedriverVersion: 114.0.5735.90 (386bc09e8f4f..., userDataDir: C:\Users\SHAILJ~1.RAJ\AppDa...}, goog:chromeOptions: {debuggerAddress: localhost:64779}, javascriptEnabled: true, networkConnectionEnabled: false, pageLoadStrategy: normal, platform: WINDOWS, platformName: WINDOWS, proxy: Proxy(), setWindowRect: true, strictFileInteractability: false, timeouts: {implicit: 0, pageLoad: 300000, script: 30000}, unhandledPromptBehavior: dismiss and notify, webauthn:extension:credBlob: true, webauthn:extension:largeBlob: true, webauthn:extension:minPinLength: true, webauthn:extension:prf: true, webauthn:virtualAuthenticators: true}
Session ID: d04a13082fc010a2469e88982c4999d5
*** Element info: {Using=name, value=DESCR}
	at org.openqa.selenium.remote.http.W3CHttpResponseCodec.decode(W3CHttpResponseCodec.java:120)
	at org.openqa.selenium.remote.http.W3CHttpResponseCodec.decode(W3CHttpResponseCodec.java:49)
	at org.openqa.selenium.remote.HttpCommandExecutor.execute(HttpCommandExecutor.java:158)
	at org.openqa.selenium.remote.service.DriverCommandExecutor.execute(DriverCommandExecutor.java:83)
	at org.openqa.selenium.remote.RemoteWebDriver.execute(RemoteWebDriver.java:552)
	at org.openqa.selenium.remote.RemoteWebDriver.findElements(RemoteWebDriver.java:353)
	at org.openqa.selenium.remote.RemoteWebDriver.findElementsByName(RemoteWebDriver.java:408)
	at org.openqa.selenium.By$ByName.findElements(By.java:276)
	at org.openqa.selenium.remote.RemoteWebDriver.findElements(RemoteWebDriver.java:311)
	at org.openqa.selenium.support.ui.ExpectedConditions$11.apply(ExpectedConditions.java:328)
	at org.openqa.selenium.support.ui.ExpectedConditions$11.apply(ExpectedConditions.java:325)
	at org.openqa.selenium.support.ui.FluentWait.until(FluentWait.java:249)
	at com.NewVision.InnoVision.engine.drivers.AutomationObject.lambda$getElements$0(AutomationObject.java:359)
	at org.openqa.selenium.support.ui.FluentWait.until(FluentWait.java:249)
	at com.NewVision.InnoVision.engine.drivers.AutomationObject.getElements(AutomationObject.java:322)
	at com.NewVision.InnoVision.engine.drivers.AutomationObject.getWElements(AutomationObject.java:273)
	at com.NewVision.InnoVision.engine.drivers.AutomationObject.findElements(AutomationObject.java:260)
	at com.NewVision.InnoVision.engine.drivers.AutomationObject.findElement(AutomationObject.java:136)
	at com.NewVision.InnoVision.engine.drivers.AutomationObject.findElement(AutomationObject.java:129)
	at com.NewVision.InnoVision.engine.core.CommandControl.sync(CommandControl.java:98)
	at com.NewVision.InnoVision.engine.core.CommandControl.sync(CommandControl.java:183)
	at com.NewVision.InnoVision.engine.execution.run.TestStepRunner.executeStep(TestStepRunner.java:160)
	at com.NewVision.InnoVision.engine.execution.run.TestStepRunner.executeStep(TestStepRunner.java:147)
	at com.NewVision.InnoVision.engine.execution.run.TestStepRunner.run(TestStepRunner.java:66)
	at com.NewVision.InnoVision.engine.execution.run.TestCaseRunner.runStep(TestCaseRunner.java:397)
	at com.NewVision.InnoVision.engine.execution.run.TestCaseRunner.run(TestCaseRunner.java:348)
	at com.NewVision.InnoVision.engine.core.Task.runIteration(Task.java:127)
	at com.NewVision.InnoVision.engine.core.Task.run(Task.java:83)
	at java.base/java.util.concurrent.ThreadPoolExecutor.runWorker(ThreadPoolExecutor.java:1144)
	at java.base/java.util.concurrent.ThreadPoolExecutor$Worker.run(ThreadPoolExecutor.java:642)
	at java.base/java.lang.Thread.run(Thread.java:1623)

Couldn't find Object 'Description' in stipulated Time '10' Seconds
[FAIL]   | Seems Like the Element [Description] is Not Present/Found in the page Try Adding wait or heal it

===================================================================================================

2023-08-14 16:25:18:08S +0530 [SEVERE] com.NewVision.InnoVision.engine.execution.run.TestCaseRunner onRuntimeException:Seems Like the Element [Description] is Not Present/Found in the page Try Adding wait or heal it
com.NewVision.InnoVision.engine.execution.exception.element.ElementException: Seems Like the Element [Description] is Not Present/Found in the page Try Adding wait or heal it
	at com.NewVision.InnoVision.engine.commands.General.elementDisplayed(General.java:57)
	at com.NewVision.InnoVision.engine.commands.General.elementEnabled(General.java:63)
	at com.NewVision.InnoVision.engine.commands.Basic.Set(Basic.java:99)
	at com.NewVision.InnoVision.engine.support.reflect.MethodExecutor.executeMethod(MethodExecutor.java:39)
	at com.NewVision.InnoVision.engine.execution.run.TestStepRunner.executeAction(TestStepRunner.java:165)
	at com.NewVision.InnoVision.engine.execution.run.TestStepRunner.executeStep(TestStepRunner.java:161)
	at com.NewVision.InnoVision.engine.execution.run.TestStepRunner.executeStep(TestStepRunner.java:147)
	at com.NewVision.InnoVision.engine.execution.run.TestStepRunner.run(TestStepRunner.java:66)
	at com.NewVision.InnoVision.engine.execution.run.TestCaseRunner.runStep(TestCaseRunner.java:397)
	at com.NewVision.InnoVision.engine.execution.run.TestCaseRunner.run(TestCaseRunner.java:348)
	at com.NewVision.InnoVision.engine.core.Task.runIteration(Task.java:127)
	at com.NewVision.InnoVision.engine.core.Task.run(Task.java:83)
	at java.base/java.util.concurrent.ThreadPoolExecutor.runWorker(ThreadPoolExecutor.java:1144)
	at java.base/java.util.concurrent.ThreadPoolExecutor$Worker.run(ThreadPoolExecutor.java:642)
	at java.base/java.lang.Thread.run(Thread.java:1623)

Step:13  | Object: TD_PRIORITY_FLG | Action: Click | Input:*********  | Conditon:  | @14-Aug-2023 16:25:18.018
2023-08-14 16:25:23:08S +0530 [OFF ] com.NewVision.InnoVision.engine.drivers.AutomationObject getElements:null
org.openqa.selenium.UnhandledAlertException: unexpected alert open: {Alert text : }
  (Session info: chrome=115.0.5790.171): {Alert text : 
Build info: version: '3.141.59', revision: 'e82be7d358', time: '2018-11-14T08:17:03'
System info: host: 'SHAILJAR', ip: '10.20.0.31', os.name: 'Windows 11', os.arch: 'amd64', os.version: '10.0', java.version: '20.0.1'
Driver info: org.openqa.selenium.chrome.ChromeDriver
Capabilities {acceptInsecureCerts: false, browserName: chrome, browserVersion: 115.0.5790.171, chrome: {chromedriverVersion: 114.0.5735.90 (386bc09e8f4f..., userDataDir: C:\Users\SHAILJ~1.RAJ\AppDa...}, goog:chromeOptions: {debuggerAddress: localhost:64779}, javascriptEnabled: true, networkConnectionEnabled: false, pageLoadStrategy: normal, platform: WINDOWS, platformName: WINDOWS, proxy: Proxy(), setWindowRect: true, strictFileInteractability: false, timeouts: {implicit: 0, pageLoad: 300000, script: 30000}, unhandledPromptBehavior: dismiss and notify, webauthn:extension:credBlob: true, webauthn:extension:largeBlob: true, webauthn:extension:minPinLength: true, webauthn:extension:prf: true, webauthn:virtualAuthenticators: true}
Session ID: d04a13082fc010a2469e88982c4999d5
*** Element info: {Using=name, value=TD_PRIORITY_FLG}
	at org.openqa.selenium.remote.http.W3CHttpResponseCodec.decode(W3CHttpResponseCodec.java:120)
	at org.openqa.selenium.remote.http.W3CHttpResponseCodec.decode(W3CHttpResponseCodec.java:49)
	at org.openqa.selenium.remote.HttpCommandExecutor.execute(HttpCommandExecutor.java:158)
	at org.openqa.selenium.remote.service.DriverCommandExecutor.execute(DriverCommandExecutor.java:83)
	at org.openqa.selenium.remote.RemoteWebDriver.execute(RemoteWebDriver.java:552)
	at org.openqa.selenium.remote.RemoteWebDriver.findElements(RemoteWebDriver.java:353)
	at org.openqa.selenium.remote.RemoteWebDriver.findElementsByName(RemoteWebDriver.java:408)
	at org.openqa.selenium.By$ByName.findElements(By.java:276)
	at org.openqa.selenium.remote.RemoteWebDriver.findElements(RemoteWebDriver.java:311)
	at org.openqa.selenium.support.ui.ExpectedConditions$11.apply(ExpectedConditions.java:328)
	at org.openqa.selenium.support.ui.ExpectedConditions$11.apply(ExpectedConditions.java:325)
	at org.openqa.selenium.support.ui.FluentWait.until(FluentWait.java:249)
	at com.NewVision.InnoVision.engine.drivers.AutomationObject.lambda$getElements$0(AutomationObject.java:359)
	at org.openqa.selenium.support.ui.FluentWait.until(FluentWait.java:249)
	at com.NewVision.InnoVision.engine.drivers.AutomationObject.getElements(AutomationObject.java:322)
	at com.NewVision.InnoVision.engine.drivers.AutomationObject.getWElements(AutomationObject.java:273)
	at com.NewVision.InnoVision.engine.drivers.AutomationObject.findElements(AutomationObject.java:260)
	at com.NewVision.InnoVision.engine.drivers.AutomationObject.findElement(AutomationObject.java:136)
	at com.NewVision.InnoVision.engine.drivers.AutomationObject.findElement(AutomationObject.java:129)
	at com.NewVision.InnoVision.engine.core.CommandControl.sync(CommandControl.java:98)
	at com.NewVision.InnoVision.engine.core.CommandControl.sync(CommandControl.java:183)
	at com.NewVision.InnoVision.engine.execution.run.TestStepRunner.executeStep(TestStepRunner.java:160)
	at com.NewVision.InnoVision.engine.execution.run.TestStepRunner.executeStep(TestStepRunner.java:147)
	at com.NewVision.InnoVision.engine.execution.run.TestStepRunner.run(TestStepRunner.java:66)
	at com.NewVision.InnoVision.engine.execution.run.TestCaseRunner.runStep(TestCaseRunner.java:397)
	at com.NewVision.InnoVision.engine.execution.run.TestCaseRunner.run(TestCaseRunner.java:348)
	at com.NewVision.InnoVision.engine.core.Task.runIteration(Task.java:127)
	at com.NewVision.InnoVision.engine.core.Task.run(Task.java:83)
	at java.base/java.util.concurrent.ThreadPoolExecutor.runWorker(ThreadPoolExecutor.java:1144)
	at java.base/java.util.concurrent.ThreadPoolExecutor$Worker.run(ThreadPoolExecutor.java:642)
	at java.base/java.lang.Thread.run(Thread.java:1623)

Couldn't find Object 'TD_PRIORITY_FLG' in stipulated Time '10' Seconds
[FAIL]   | Seems Like the Element [TD_PRIORITY_FLG] is Not Present/Found in the page Try Adding wait or heal it

===================================================================================================

2023-08-14 16:25:24:08S +0530 [SEVERE] com.NewVision.InnoVision.engine.execution.run.TestCaseRunner onRuntimeException:Seems Like the Element [TD_PRIORITY_FLG] is Not Present/Found in the page Try Adding wait or heal it
com.NewVision.InnoVision.engine.execution.exception.element.ElementException: Seems Like the Element [TD_PRIORITY_FLG] is Not Present/Found in the page Try Adding wait or heal it
	at com.NewVision.InnoVision.engine.commands.General.elementDisplayed(General.java:57)
	at com.NewVision.InnoVision.engine.commands.General.elementEnabled(General.java:63)
	at com.NewVision.InnoVision.engine.commands.Basic.Click(Basic.java:47)
	at com.NewVision.InnoVision.engine.support.reflect.MethodExecutor.executeMethod(MethodExecutor.java:39)
	at com.NewVision.InnoVision.engine.execution.run.TestStepRunner.executeAction(TestStepRunner.java:165)
	at com.NewVision.InnoVision.engine.execution.run.TestStepRunner.executeStep(TestStepRunner.java:161)
	at com.NewVision.InnoVision.engine.execution.run.TestStepRunner.executeStep(TestStepRunner.java:147)
	at com.NewVision.InnoVision.engine.execution.run.TestStepRunner.run(TestStepRunner.java:66)
	at com.NewVision.InnoVision.engine.execution.run.TestCaseRunner.runStep(TestCaseRunner.java:397)
	at com.NewVision.InnoVision.engine.execution.run.TestCaseRunner.run(TestCaseRunner.java:348)
	at com.NewVision.InnoVision.engine.core.Task.runIteration(Task.java:127)
	at com.NewVision.InnoVision.engine.core.Task.run(Task.java:83)
	at java.base/java.util.concurrent.ThreadPoolExecutor.runWorker(ThreadPoolExecutor.java:1144)
	at java.base/java.util.concurrent.ThreadPoolExecutor$Worker.run(ThreadPoolExecutor.java:642)
	at java.base/java.lang.Thread.run(Thread.java:1623)

Step:14  | Object: TD_PRIORITY_FLG | Action: selectByVisibleText | Input:*********  | Conditon:  | @14-Aug-2023 16:25:24.024
2023-08-14 16:25:28:08S +0530 [OFF ] com.NewVision.InnoVision.engine.drivers.AutomationObject getElements:null
org.openqa.selenium.UnhandledAlertException: unexpected alert open: {Alert text : }
  (Session info: chrome=115.0.5790.171): {Alert text : 
Build info: version: '3.141.59', revision: 'e82be7d358', time: '2018-11-14T08:17:03'
System info: host: 'SHAILJAR', ip: '10.20.0.31', os.name: 'Windows 11', os.arch: 'amd64', os.version: '10.0', java.version: '20.0.1'
Driver info: org.openqa.selenium.chrome.ChromeDriver
Capabilities {acceptInsecureCerts: false, browserName: chrome, browserVersion: 115.0.5790.171, chrome: {chromedriverVersion: 114.0.5735.90 (386bc09e8f4f..., userDataDir: C:\Users\SHAILJ~1.RAJ\AppDa...}, goog:chromeOptions: {debuggerAddress: localhost:64779}, javascriptEnabled: true, networkConnectionEnabled: false, pageLoadStrategy: normal, platform: WINDOWS, platformName: WINDOWS, proxy: Proxy(), setWindowRect: true, strictFileInteractability: false, timeouts: {implicit: 0, pageLoad: 300000, script: 30000}, unhandledPromptBehavior: dismiss and notify, webauthn:extension:credBlob: true, webauthn:extension:largeBlob: true, webauthn:extension:minPinLength: true, webauthn:extension:prf: true, webauthn:virtualAuthenticators: true}
Session ID: d04a13082fc010a2469e88982c4999d5
*** Element info: {Using=name, value=TD_PRIORITY_FLG}
	at org.openqa.selenium.remote.http.W3CHttpResponseCodec.decode(W3CHttpResponseCodec.java:120)
	at org.openqa.selenium.remote.http.W3CHttpResponseCodec.decode(W3CHttpResponseCodec.java:49)
	at org.openqa.selenium.remote.HttpCommandExecutor.execute(HttpCommandExecutor.java:158)
	at org.openqa.selenium.remote.service.DriverCommandExecutor.execute(DriverCommandExecutor.java:83)
	at org.openqa.selenium.remote.RemoteWebDriver.execute(RemoteWebDriver.java:552)
	at org.openqa.selenium.remote.RemoteWebDriver.findElements(RemoteWebDriver.java:353)
	at org.openqa.selenium.remote.RemoteWebDriver.findElementsByName(RemoteWebDriver.java:408)
	at org.openqa.selenium.By$ByName.findElements(By.java:276)
	at org.openqa.selenium.remote.RemoteWebDriver.findElements(RemoteWebDriver.java:311)
	at org.openqa.selenium.support.ui.ExpectedConditions$11.apply(ExpectedConditions.java:328)
	at org.openqa.selenium.support.ui.ExpectedConditions$11.apply(ExpectedConditions.java:325)
	at org.openqa.selenium.support.ui.FluentWait.until(FluentWait.java:249)
	at com.NewVision.InnoVision.engine.drivers.AutomationObject.lambda$getElements$0(AutomationObject.java:359)
	at org.openqa.selenium.support.ui.FluentWait.until(FluentWait.java:249)
	at com.NewVision.InnoVision.engine.drivers.AutomationObject.getElements(AutomationObject.java:322)
	at com.NewVision.InnoVision.engine.drivers.AutomationObject.getWElements(AutomationObject.java:273)
	at com.NewVision.InnoVision.engine.drivers.AutomationObject.findElements(AutomationObject.java:260)
	at com.NewVision.InnoVision.engine.drivers.AutomationObject.findElement(AutomationObject.java:136)
	at com.NewVision.InnoVision.engine.drivers.AutomationObject.findElement(AutomationObject.java:129)
	at com.NewVision.InnoVision.engine.core.CommandControl.sync(CommandControl.java:98)
	at com.NewVision.InnoVision.engine.core.CommandControl.sync(CommandControl.java:183)
	at com.NewVision.InnoVision.engine.execution.run.TestStepRunner.executeStep(TestStepRunner.java:160)
	at com.NewVision.InnoVision.engine.execution.run.TestStepRunner.executeStep(TestStepRunner.java:147)
	at com.NewVision.InnoVision.engine.execution.run.TestStepRunner.run(TestStepRunner.java:66)
	at com.NewVision.InnoVision.engine.execution.run.TestCaseRunner.runStep(TestCaseRunner.java:397)
	at com.NewVision.InnoVision.engine.execution.run.TestCaseRunner.run(TestCaseRunner.java:348)
	at com.NewVision.InnoVision.engine.core.Task.runIteration(Task.java:127)
	at com.NewVision.InnoVision.engine.core.Task.run(Task.java:83)
	at java.base/java.util.concurrent.ThreadPoolExecutor.runWorker(ThreadPoolExecutor.java:1144)
	at java.base/java.util.concurrent.ThreadPoolExecutor$Worker.run(ThreadPoolExecutor.java:642)
	at java.base/java.lang.Thread.run(Thread.java:1623)

Couldn't find Object 'TD_PRIORITY_FLG' in stipulated Time '10' Seconds
[FAIL]   | Seems Like the Element [TD_PRIORITY_FLG] is Not Present/Found in the page Try Adding wait or heal it

===================================================================================================

2023-08-14 16:25:29:08S +0530 [SEVERE] com.NewVision.InnoVision.engine.execution.run.TestCaseRunner onRuntimeException:Seems Like the Element [TD_PRIORITY_FLG] is Not Present/Found in the page Try Adding wait or heal it
com.NewVision.InnoVision.engine.execution.exception.element.ElementException: Seems Like the Element [TD_PRIORITY_FLG] is Not Present/Found in the page Try Adding wait or heal it
	at com.NewVision.InnoVision.engine.commands.Dropdown.select(Dropdown.java:231)
	at com.NewVision.InnoVision.engine.commands.Dropdown.selectByVisibleText(Dropdown.java:112)
	at com.NewVision.InnoVision.engine.support.reflect.MethodExecutor.executeMethod(MethodExecutor.java:39)
	at com.NewVision.InnoVision.engine.execution.run.TestStepRunner.executeAction(TestStepRunner.java:165)
	at com.NewVision.InnoVision.engine.execution.run.TestStepRunner.executeStep(TestStepRunner.java:161)
	at com.NewVision.InnoVision.engine.execution.run.TestStepRunner.executeStep(TestStepRunner.java:147)
	at com.NewVision.InnoVision.engine.execution.run.TestStepRunner.run(TestStepRunner.java:66)
	at com.NewVision.InnoVision.engine.execution.run.TestCaseRunner.runStep(TestCaseRunner.java:397)
	at com.NewVision.InnoVision.engine.execution.run.TestCaseRunner.run(TestCaseRunner.java:348)
	at com.NewVision.InnoVision.engine.core.Task.runIteration(Task.java:127)
	at com.NewVision.InnoVision.engine.core.Task.run(Task.java:83)
	at java.base/java.util.concurrent.ThreadPoolExecutor.runWorker(ThreadPoolExecutor.java:1144)
	at java.base/java.util.concurrent.ThreadPoolExecutor$Worker.run(ThreadPoolExecutor.java:642)
	at java.base/java.lang.Thread.run(Thread.java:1623)

Step:15  | Object: TD_USAGE_TYPE_FLG | Action: Click | Input:*********  | Conditon:  | @14-Aug-2023 16:25:29.029
Element could not be identified with [name] : [TD_USAGE_TYPE_FLG]
Expected condition failed: waiting for presence of any elements located by By.name: TD_USAGE_TYPE_FLG (tried for 10 second(s) with 500 milliseconds interval)

Element could not be identified with [id] : [TD_USAGE_TYPE_FLG]
Expected condition failed: waiting for presence of any elements located by By.id: TD_USAGE_TYPE_FLG (tried for 10 second(s) with 500 milliseconds interval)

Element could not be identified with [relative_xpath] : [//select[@name='TD_USAGE_TYPE_FLG']]
Expected condition failed: waiting for presence of any elements located by By.xpath: //select[@name='TD_USAGE_TYPE_FLG'] (tried for 10 second(s) with 500 milliseconds interval)

Using @xpath [/html/body/table/tbody/tr[2]/td/table/tbody/tr[4]/td[2]/select], Object 'TD_USAGE_TYPE_FLG' Found in 31351 ms
[DONE]   | Clicking on TD_USAGE_TYPE_FLG

===================================================================================================

Step:16  | Object: TD_USAGE_TYPE_FLG | Action: selectByVisibleText | Input:*********  | Conditon:  | @14-Aug-2023 16:26:01.001
jar:file:/C:/InnoVision-2.0-setup/InnoVision-1.0/lib/InnoVision-extensionconnect-1.0.jar!/localhost
2023-08-14 16:26:11:08S +0530 [INFO] com.NewVision.InnoVision.extension.server.ExtensionServer startRecord:Launching Server for Record
Current Directory: C:\InnoVision-2.0-setup\InnoVision-1.0
2023-08-14 16:26:11:08S +0530 [INFO] com.NewVision.InnoVision.extension.server.ExtensionServer$1 run:Starting Server
[SocketServer] INFO org.eclipse.jetty.server.Server - jetty-9.4.43.v20210629; built: 2021-06-30T11:07:22.254Z; git: 526006ecfa3af7f1a27ef3a288e2bef7ea9dd7e8; jvm 20.0.1+9-29
[SocketServer] INFO org.eclipse.jetty.server.session - DefaultSessionIdManager workerName=node0
[SocketServer] INFO org.eclipse.jetty.server.session - No SessionScavenger set, using defaults
[SocketServer] INFO org.eclipse.jetty.server.session - node0 Scavenging every 600000ms
[SocketServer] INFO org.eclipse.jetty.server.handler.ContextHandler - Started o.e.j.s.ServletContextHandler@6730ae83{/,null,AVAILABLE}
[SocketServer] INFO org.eclipse.jetty.util.ssl.SslContextFactory - x509=X509@3dc410d9(localhost,h=[localhost],a=[],w=[]) for SslContextFactory@6e435a50[provider=null,keyStore=jar:file:/C:/InnoVision-2.0-setup/InnoVision-1.0/lib/InnoVision-extensionconnect-1.0.jar!/localhost,trustStore=null]
[SocketServer] INFO org.eclipse.jetty.server.AbstractConnector - Started ServerConnector@3621bd81{SSL, (ssl, http/1.1)}{0.0.0.0:8887}
[SocketServer] INFO org.eclipse.jetty.server.Server - Started @24599338ms
Element could not be identified with [name] : [TD_USAGE_TYPE_FLG]
Expected condition failed: waiting for presence of any elements located by By.name: TD_USAGE_TYPE_FLG (tried for 10 second(s) with 500 milliseconds interval)

Starting ChromeDriver 114.0.5735.90 (386bc09e8f4f2e025eddae123f36f6263096ae49-refs/branch-heads/5735@{#1052}) on port 50864
Only local connections are allowed.
Please see https://chromedriver.chromium.org/security-considerations for suggestions on keeping ChromeDriver safe.
ChromeDriver was started successfully.
[1692010573.823][WARNING]: This version of ChromeDriver has not been tested with Chrome version 115.
2023-08-14 16:26:14:08S +0530 [INFO] org.openqa.selenium.remote.ProtocolHandshake createSession:Detected dialect: W3C
[AWT-EventQueue-0] INFO org.eclipse.jetty.server.AbstractConnector - Stopped ServerConnector@3621bd81{SSL, (ssl, http/1.1)}{0.0.0.0:8887}
[AWT-EventQueue-0] INFO org.eclipse.jetty.server.session - node0 Stopped scavenging
[AWT-EventQueue-0] INFO org.eclipse.jetty.server.handler.ContextHandler - Stopped o.e.j.s.ServletContextHandler@6730ae83{/,null,STOPPED}
jar:file:/C:/InnoVision-2.0-setup/InnoVision-1.0/lib/InnoVision-extensionconnect-1.0.jar!/localhost
2023-08-14 16:26:17:08S +0530 [INFO] com.NewVision.InnoVision.extension.server.ExtensionServer$1 run:Server Stopped
Element could not be identified with [id] : [TD_USAGE_TYPE_FLG]
Expected condition failed: waiting for presence of any elements located by By.id: TD_USAGE_TYPE_FLG (tried for 10 second(s) with 500 milliseconds interval)

Element could not be identified with [relative_xpath] : [//select[@name='TD_USAGE_TYPE_FLG']]
Expected condition failed: waiting for presence of any elements located by By.xpath: //select[@name='TD_USAGE_TYPE_FLG'] (tried for 10 second(s) with 500 milliseconds interval)

Using @xpath [/html/body/table/tbody/tr[2]/td/table/tbody/tr[4]/td[2]/select], Object 'TD_USAGE_TYPE_FLG' Found in 30830 ms
[FAIL]   | org.openqa.selenium.NoSuchElementException: Cannot locate element with text: Manual
For documentation on this error, please visit: https://www.seleniumhq.org/exceptions/no_such_element.html
Build info: version: '3.141.59', revision: 'e82be7d358', time: '2018-11-14T08:17:03'
System info: host: 'SHAILJAR', ip: '10.20.0.31', os.name: 'Windows 11', os.arch: 'amd64', os.version: '10.0', java.version: '20.0.1'
Driver info: driver.version: unknown

===================================================================================================

2023-08-14 16:26:32:08S +0530 [SEVERE] com.NewVision.InnoVision.engine.execution.run.TestCaseRunner onError:org.openqa.selenium.NoSuchElementException: Cannot locate element with text: Manual
For documentation on this error, please visit: https://www.seleniumhq.org/exceptions/no_such_element.html
Build info: version: '3.141.59', revision: 'e82be7d358', time: '2018-11-14T08:17:03'
System info: host: 'SHAILJAR', ip: '10.20.0.31', os.name: 'Windows 11', os.arch: 'amd64', os.version: '10.0', java.version: '20.0.1'
Driver info: driver.version: unknown
org.openqa.selenium.NoSuchElementException: Cannot locate element with text: Manual
For documentation on this error, please visit: https://www.seleniumhq.org/exceptions/no_such_element.html
Build info: version: '3.141.59', revision: 'e82be7d358', time: '2018-11-14T08:17:03'
System info: host: 'SHAILJAR', ip: '10.20.0.31', os.name: 'Windows 11', os.arch: 'amd64', os.version: '10.0', java.version: '20.0.1'
Driver info: driver.version: unknown
	at org.openqa.selenium.support.ui.Select.selectByVisibleText(Select.java:147)
	at com.NewVision.InnoVision.engine.commands.Dropdown.select(Dropdown.java:273)
	at com.NewVision.InnoVision.engine.commands.Dropdown.select(Dropdown.java:264)
	at com.NewVision.InnoVision.engine.commands.Dropdown.selectSingle(Dropdown.java:238)
	at com.NewVision.InnoVision.engine.commands.Dropdown.select(Dropdown.java:216)
	at com.NewVision.InnoVision.engine.commands.Dropdown.selectByVisibleText(Dropdown.java:112)
	at com.NewVision.InnoVision.engine.support.reflect.MethodExecutor.executeMethod(MethodExecutor.java:39)
	at com.NewVision.InnoVision.engine.execution.run.TestStepRunner.executeAction(TestStepRunner.java:165)
	at com.NewVision.InnoVision.engine.execution.run.TestStepRunner.executeStep(TestStepRunner.java:161)
	at com.NewVision.InnoVision.engine.execution.run.TestStepRunner.executeStep(TestStepRunner.java:147)
	at com.NewVision.InnoVision.engine.execution.run.TestStepRunner.run(TestStepRunner.java:66)
	at com.NewVision.InnoVision.engine.execution.run.TestCaseRunner.runStep(TestCaseRunner.java:397)
	at com.NewVision.InnoVision.engine.execution.run.TestCaseRunner.run(TestCaseRunner.java:348)
	at com.NewVision.InnoVision.engine.core.Task.runIteration(Task.java:127)
	at com.NewVision.InnoVision.engine.core.Task.run(Task.java:83)
	at java.base/java.util.concurrent.ThreadPoolExecutor.runWorker(ThreadPoolExecutor.java:1144)
	at java.base/java.util.concurrent.ThreadPoolExecutor$Worker.run(ThreadPoolExecutor.java:642)
	at java.base/java.lang.Thread.run(Thread.java:1623)

Step:17  | Object: Search for Navigation Option | Action: Click | Input:*********  | Conditon:  | @14-Aug-2023 16:26:32.032
Element could not be identified with [name] : [IM_NAV_OPT_CD]
Expected condition failed: waiting for presence of any elements located by By.name: IM_NAV_OPT_CD (tried for 10 second(s) with 500 milliseconds interval)

Element could not be identified with [id] : [IM_NAV_OPT_CD]
Expected condition failed: waiting for presence of any elements located by By.id: IM_NAV_OPT_CD (tried for 10 second(s) with 500 milliseconds interval)

Using @relative_xpath [//img[@title='Search for Navigation Option']], Object 'Search for Navigation Option' Found in 20529 ms
[DONE]   | Clicking on Search for Navigation Option

===================================================================================================

Step:1   | Object: Browser | Action: pause | Input:*********  | Conditon:  | @14-Aug-2023 16:26:53.053
[DONE]   | Thread sleep for '2000

===================================================================================================

Step:19  | Object: Browser | Action: switchToWindowByTitle | Input:*********  | Conditon:  | @14-Aug-2023 16:26:55.055
[DONE]   | Webdriver switched to new window by title[Navigation Option Search]

===================================================================================================

Step:20  | Object: Search | Action: clickByJS | Input:*********  | Conditon:  | @14-Aug-2023 16:26:55.055
Using @name [BU_section01_sec01_03], Object 'Search' Found in 37 ms
[DONE]   | Clicked on Search

===================================================================================================

Step:1   | Object: Browser | Action: pause | Input:*********  | Conditon:  | @14-Aug-2023 16:26:55.055
[DONE]   | Thread sleep for '2000

===================================================================================================

Step:22  | Object: Browser | Action: switchToFrame | Input:*********  | Conditon:  | @14-Aug-2023 16:26:57.057
[DONE]   | Webdriver switched to new frame by name[dataframe]

===================================================================================================

Step:23  | Object: Rebate Claim | Action: Click | Input:*********  | Conditon:  | @14-Aug-2023 16:26:57.057
Using @id [SEARCH_RESULTS:25$DESCR], Object 'Rebate Claim' Found in 20 ms
[DONE]   | Clicking on Rebate Claim

===================================================================================================

Step:1   | Object: Browser | Action: pause | Input:*********  | Conditon:  | @14-Aug-2023 16:26:57.057
[DONE]   | Thread sleep for '2000

===================================================================================================

Step:25  | Object: Browser | Action: switchToWindowByIndex | Input:*********  | Conditon:  | @14-Aug-2023 16:26:59.059
[DONE]   | Webdriver switched to new window            

===================================================================================================

Step:26  | Object: Browser | Action: switchToDefaultContent | Input:*********  | Conditon:  | @14-Aug-2023 16:26:59.059
[DONE]   | Webdriver switched to default content

===================================================================================================

Step:27  | Object: Browser | Action: waitForTitleToBe | Input:*********  | Conditon:  | @14-Aug-2023 16:26:59.059
2023-08-14 16:27:10:08S +0530 [OFF ] com.NewVision.InnoVision.engine.commands.WaitFor waitFor:null
org.openqa.selenium.TimeoutException: Expected condition failed: waiting for title to be "To Do Type". Current title: "User" (tried for 10 second(s) with 500 milliseconds interval)
Build info: version: '3.141.59', revision: 'e82be7d358', time: '2018-11-14T08:17:03'
System info: host: 'SHAILJAR', ip: '10.20.0.31', os.name: 'Windows 11', os.arch: 'amd64', os.version: '10.0', java.version: '20.0.1'
Driver info: org.openqa.selenium.chrome.ChromeDriver
Capabilities {acceptInsecureCerts: false, browserName: chrome, browserVersion: 115.0.5790.171, chrome: {chromedriverVersion: 114.0.5735.90 (386bc09e8f4f..., userDataDir: C:\Users\SHAILJ~1.RAJ\AppDa...}, goog:chromeOptions: {debuggerAddress: localhost:64779}, javascriptEnabled: true, networkConnectionEnabled: false, pageLoadStrategy: normal, platform: WINDOWS, platformName: WINDOWS, proxy: Proxy(), setWindowRect: true, strictFileInteractability: false, timeouts: {implicit: 0, pageLoad: 300000, script: 30000}, unhandledPromptBehavior: dismiss and notify, webauthn:extension:credBlob: true, webauthn:extension:largeBlob: true, webauthn:extension:minPinLength: true, webauthn:extension:prf: true, webauthn:virtualAuthenticators: true}
Session ID: d04a13082fc010a2469e88982c4999d5
	at org.openqa.selenium.support.ui.WebDriverWait.timeoutException(WebDriverWait.java:95)
	at org.openqa.selenium.support.ui.FluentWait.until(FluentWait.java:272)
	at com.NewVision.InnoVision.engine.commands.WaitFor.waitFor(WaitFor.java:264)
	at com.NewVision.InnoVision.engine.commands.WaitFor.waitFor(WaitFor.java:233)
	at com.NewVision.InnoVision.engine.commands.WaitFor.waitFor(WaitFor.java:226)
	at com.NewVision.InnoVision.engine.commands.WaitFor.waitForTitleToBe(WaitFor.java:143)
	at com.NewVision.InnoVision.engine.support.reflect.MethodExecutor.executeMethod(MethodExecutor.java:39)
	at com.NewVision.InnoVision.engine.execution.run.TestStepRunner.executeAction(TestStepRunner.java:165)
	at com.NewVision.InnoVision.engine.execution.run.TestStepRunner.executeStep(TestStepRunner.java:161)
	at com.NewVision.InnoVision.engine.execution.run.TestStepRunner.executeStep(TestStepRunner.java:147)
	at com.NewVision.InnoVision.engine.execution.run.TestStepRunner.run(TestStepRunner.java:66)
	at com.NewVision.InnoVision.engine.execution.run.TestCaseRunner.runStep(TestCaseRunner.java:397)
	at com.NewVision.InnoVision.engine.execution.run.TestCaseRunner.run(TestCaseRunner.java:348)
	at com.NewVision.InnoVision.engine.core.Task.runIteration(Task.java:127)
	at com.NewVision.InnoVision.engine.core.Task.run(Task.java:83)
	at java.base/java.util.concurrent.ThreadPoolExecutor.runWorker(ThreadPoolExecutor.java:1144)
	at java.base/java.util.concurrent.ThreadPoolExecutor$Worker.run(ThreadPoolExecutor.java:642)
	at java.base/java.lang.Thread.run(Thread.java:1623)

[DEBUG]   | Couldn't wait for action to complete in given time - 10 seconds

===================================================================================================

Step:28  | Object: Browser | Action: switchToDefaultContent | Input:*********  | Conditon:  | @14-Aug-2023 16:27:10.010
[DONE]   | Webdriver switched to default content

===================================================================================================

Step:29  | Object: Browser | Action: switchToFrame | Input:*********  | Conditon:  | @14-Aug-2023 16:27:10.010
[DONE]   | Webdriver switched to new frame by name[main]

===================================================================================================

Step:30  | Object: Browser | Action: switchToFrame | Input:*********  | Conditon:  | @14-Aug-2023 16:27:10.010
[DONE]   | Webdriver switched to new frame by name[tabPage]

===================================================================================================

Step:1   | Object: Browser | Action: pause | Input:*********  | Conditon:  | @14-Aug-2023 16:27:10.010
[DONE]   | Thread sleep for '2000

===================================================================================================

Step:32  | Object: Message Category | Action: Click | Input:*********  | Conditon:  | @14-Aug-2023 16:27:12.012
Element could not be identified with [name] : [MESSAGE_CAT_NBR]
Expected condition failed: waiting for presence of any elements located by By.name: MESSAGE_CAT_NBR (tried for 10 second(s) with 500 milliseconds interval)

Element could not be identified with [id] : [MESSAGE_CAT_NBR]
Expected condition failed: waiting for presence of any elements located by By.id: MESSAGE_CAT_NBR (tried for 10 second(s) with 500 milliseconds interval)

Element could not be identified with [relative_xpath] : [//input[@name='MESSAGE_CAT_NBR']]
Expected condition failed: waiting for presence of any elements located by By.xpath: //input[@name='MESSAGE_CAT_NBR'] (tried for 10 second(s) with 500 milliseconds interval)

Element could not be identified with [xpath] : [/html/body/table/tbody/tr[2]/td/table/tbody/tr[8]/td[2]/span/input]
Expected condition failed: waiting for presence of any elements located by By.xpath: /html/body/table/tbody/tr[2]/td/table/tbody/tr[8]/td[2]/span/input (tried for 10 second(s) with 500 milliseconds interval)

Element could not be identified with [class] : [uiMargin data forms dc-NUMB-NONE-5-0 textAlignRight]
Expected condition failed: waiting for presence of any elements located by By.xpath: //*[@className='uiMargin data forms dc-NUMB-NONE-5-0 textAlignRight'] (tried for 10 second(s) with 500 milliseconds interval)

2023-08-14 16:28:04:08S +0530 [OFF ] com.NewVision.InnoVision.engine.drivers.AutomationObject getElements:null
org.openqa.selenium.UnhandledAlertException: unexpected alert open: {Alert text : }
  (Session info: chrome=115.0.5790.171): {Alert text : 
Build info: version: '3.141.59', revision: 'e82be7d358', time: '2018-11-14T08:17:03'
System info: host: 'SHAILJAR', ip: '10.20.0.31', os.name: 'Windows 11', os.arch: 'amd64', os.version: '10.0', java.version: '20.0.1'
Driver info: org.openqa.selenium.chrome.ChromeDriver
Capabilities {acceptInsecureCerts: false, browserName: chrome, browserVersion: 115.0.5790.171, chrome: {chromedriverVersion: 114.0.5735.90 (386bc09e8f4f..., userDataDir: C:\Users\SHAILJ~1.RAJ\AppDa...}, goog:chromeOptions: {debuggerAddress: localhost:64779}, javascriptEnabled: true, networkConnectionEnabled: false, pageLoadStrategy: normal, platform: WINDOWS, platformName: WINDOWS, proxy: Proxy(), setWindowRect: true, strictFileInteractability: false, timeouts: {implicit: 0, pageLoad: 300000, script: 30000}, unhandledPromptBehavior: dismiss and notify, webauthn:extension:credBlob: true, webauthn:extension:largeBlob: true, webauthn:extension:minPinLength: true, webauthn:extension:prf: true, webauthn:virtualAuthenticators: true}
Session ID: d04a13082fc010a2469e88982c4999d5
*** Element info: {Using=css selector, value=#MESSAGE_CAT_NBR}
	at org.openqa.selenium.remote.http.W3CHttpResponseCodec.decode(W3CHttpResponseCodec.java:120)
	at org.openqa.selenium.remote.http.W3CHttpResponseCodec.decode(W3CHttpResponseCodec.java:49)
	at org.openqa.selenium.remote.HttpCommandExecutor.execute(HttpCommandExecutor.java:158)
	at org.openqa.selenium.remote.service.DriverCommandExecutor.execute(DriverCommandExecutor.java:83)
	at org.openqa.selenium.remote.RemoteWebDriver.execute(RemoteWebDriver.java:552)
	at org.openqa.selenium.remote.RemoteWebDriver.findElements(RemoteWebDriver.java:353)
	at org.openqa.selenium.remote.RemoteWebDriver.findElementsByCssSelector(RemoteWebDriver.java:424)
	at org.openqa.selenium.By$ByCssSelector.findElements(By.java:441)
	at org.openqa.selenium.remote.RemoteWebDriver.findElements(RemoteWebDriver.java:311)
	at org.openqa.selenium.support.ui.ExpectedConditions$11.apply(ExpectedConditions.java:328)
	at org.openqa.selenium.support.ui.ExpectedConditions$11.apply(ExpectedConditions.java:325)
	at org.openqa.selenium.support.ui.FluentWait.until(FluentWait.java:249)
	at com.NewVision.InnoVision.engine.drivers.AutomationObject.lambda$getElements$0(AutomationObject.java:359)
	at org.openqa.selenium.support.ui.FluentWait.until(FluentWait.java:249)
	at com.NewVision.InnoVision.engine.drivers.AutomationObject.getElements(AutomationObject.java:322)
	at com.NewVision.InnoVision.engine.drivers.AutomationObject.getWElements(AutomationObject.java:273)
	at com.NewVision.InnoVision.engine.drivers.AutomationObject.findElements(AutomationObject.java:260)
	at com.NewVision.InnoVision.engine.drivers.AutomationObject.findElement(AutomationObject.java:136)
	at com.NewVision.InnoVision.engine.drivers.AutomationObject.findElement(AutomationObject.java:129)
	at com.NewVision.InnoVision.engine.core.CommandControl.sync(CommandControl.java:98)
	at com.NewVision.InnoVision.engine.core.CommandControl.sync(CommandControl.java:183)
	at com.NewVision.InnoVision.engine.execution.run.TestStepRunner.executeStep(TestStepRunner.java:160)
	at com.NewVision.InnoVision.engine.execution.run.TestStepRunner.executeStep(TestStepRunner.java:147)
	at com.NewVision.InnoVision.engine.execution.run.TestStepRunner.run(TestStepRunner.java:66)
	at com.NewVision.InnoVision.engine.execution.run.TestCaseRunner.runStep(TestCaseRunner.java:397)
	at com.NewVision.InnoVision.engine.execution.run.TestCaseRunner.run(TestCaseRunner.java:348)
	at com.NewVision.InnoVision.engine.core.Task.runIteration(Task.java:127)
	at com.NewVision.InnoVision.engine.core.Task.run(Task.java:83)
	at java.base/java.util.concurrent.ThreadPoolExecutor.runWorker(ThreadPoolExecutor.java:1144)
	at java.base/java.util.concurrent.ThreadPoolExecutor$Worker.run(ThreadPoolExecutor.java:642)
	at java.base/java.lang.Thread.run(Thread.java:1623)

Couldn't find Object 'Message Category' in stipulated Time '10' Seconds
[FAIL]   | Seems Like the Element [Message Category] is Not Present/Found in the page Try Adding wait or heal it

===================================================================================================

2023-08-14 16:28:05:08S +0530 [SEVERE] com.NewVision.InnoVision.engine.execution.run.TestCaseRunner onRuntimeException:Seems Like the Element [Message Category] is Not Present/Found in the page Try Adding wait or heal it
com.NewVision.InnoVision.engine.execution.exception.element.ElementException: Seems Like the Element [Message Category] is Not Present/Found in the page Try Adding wait or heal it
	at com.NewVision.InnoVision.engine.commands.General.elementDisplayed(General.java:57)
	at com.NewVision.InnoVision.engine.commands.General.elementEnabled(General.java:63)
	at com.NewVision.InnoVision.engine.commands.Basic.Click(Basic.java:47)
	at com.NewVision.InnoVision.engine.support.reflect.MethodExecutor.executeMethod(MethodExecutor.java:39)
	at com.NewVision.InnoVision.engine.execution.run.TestStepRunner.executeAction(TestStepRunner.java:165)
	at com.NewVision.InnoVision.engine.execution.run.TestStepRunner.executeStep(TestStepRunner.java:161)
	at com.NewVision.InnoVision.engine.execution.run.TestStepRunner.executeStep(TestStepRunner.java:147)
	at com.NewVision.InnoVision.engine.execution.run.TestStepRunner.run(TestStepRunner.java:66)
	at com.NewVision.InnoVision.engine.execution.run.TestCaseRunner.runStep(TestCaseRunner.java:397)
	at com.NewVision.InnoVision.engine.execution.run.TestCaseRunner.run(TestCaseRunner.java:348)
	at com.NewVision.InnoVision.engine.core.Task.runIteration(Task.java:127)
	at com.NewVision.InnoVision.engine.core.Task.run(Task.java:83)
	at java.base/java.util.concurrent.ThreadPoolExecutor.runWorker(ThreadPoolExecutor.java:1144)
	at java.base/java.util.concurrent.ThreadPoolExecutor$Worker.run(ThreadPoolExecutor.java:642)
	at java.base/java.lang.Thread.run(Thread.java:1623)

Step:33  | Object: Message Category | Action: setByJS | Input:*********  | Conditon:  | @14-Aug-2023 16:28:05.005
2023-08-14 16:28:08:08S +0530 [OFF ] com.NewVision.InnoVision.engine.drivers.AutomationObject getElements:null
org.openqa.selenium.UnhandledAlertException: unexpected alert open: {Alert text : }
  (Session info: chrome=115.0.5790.171): {Alert text : 
Build info: version: '3.141.59', revision: 'e82be7d358', time: '2018-11-14T08:17:03'
System info: host: 'SHAILJAR', ip: '10.20.0.31', os.name: 'Windows 11', os.arch: 'amd64', os.version: '10.0', java.version: '20.0.1'
Driver info: org.openqa.selenium.chrome.ChromeDriver
Capabilities {acceptInsecureCerts: false, browserName: chrome, browserVersion: 115.0.5790.171, chrome: {chromedriverVersion: 114.0.5735.90 (386bc09e8f4f..., userDataDir: C:\Users\SHAILJ~1.RAJ\AppDa...}, goog:chromeOptions: {debuggerAddress: localhost:64779}, javascriptEnabled: true, networkConnectionEnabled: false, pageLoadStrategy: normal, platform: WINDOWS, platformName: WINDOWS, proxy: Proxy(), setWindowRect: true, strictFileInteractability: false, timeouts: {implicit: 0, pageLoad: 300000, script: 30000}, unhandledPromptBehavior: dismiss and notify, webauthn:extension:credBlob: true, webauthn:extension:largeBlob: true, webauthn:extension:minPinLength: true, webauthn:extension:prf: true, webauthn:virtualAuthenticators: true}
Session ID: d04a13082fc010a2469e88982c4999d5
*** Element info: {Using=name, value=MESSAGE_CAT_NBR}
	at org.openqa.selenium.remote.http.W3CHttpResponseCodec.decode(W3CHttpResponseCodec.java:120)
	at org.openqa.selenium.remote.http.W3CHttpResponseCodec.decode(W3CHttpResponseCodec.java:49)
	at org.openqa.selenium.remote.HttpCommandExecutor.execute(HttpCommandExecutor.java:158)
	at org.openqa.selenium.remote.service.DriverCommandExecutor.execute(DriverCommandExecutor.java:83)
	at org.openqa.selenium.remote.RemoteWebDriver.execute(RemoteWebDriver.java:552)
	at org.openqa.selenium.remote.RemoteWebDriver.findElements(RemoteWebDriver.java:353)
	at org.openqa.selenium.remote.RemoteWebDriver.findElementsByName(RemoteWebDriver.java:408)
	at org.openqa.selenium.By$ByName.findElements(By.java:276)
	at org.openqa.selenium.remote.RemoteWebDriver.findElements(RemoteWebDriver.java:311)
	at org.openqa.selenium.support.ui.ExpectedConditions$11.apply(ExpectedConditions.java:328)
	at org.openqa.selenium.support.ui.ExpectedConditions$11.apply(ExpectedConditions.java:325)
	at org.openqa.selenium.support.ui.FluentWait.until(FluentWait.java:249)
	at com.NewVision.InnoVision.engine.drivers.AutomationObject.lambda$getElements$0(AutomationObject.java:359)
	at org.openqa.selenium.support.ui.FluentWait.until(FluentWait.java:249)
	at com.NewVision.InnoVision.engine.drivers.AutomationObject.getElements(AutomationObject.java:322)
	at com.NewVision.InnoVision.engine.drivers.AutomationObject.getWElements(AutomationObject.java:273)
	at com.NewVision.InnoVision.engine.drivers.AutomationObject.findElements(AutomationObject.java:260)
	at com.NewVision.InnoVision.engine.drivers.AutomationObject.findElement(AutomationObject.java:136)
	at com.NewVision.InnoVision.engine.drivers.AutomationObject.findElement(AutomationObject.java:129)
	at com.NewVision.InnoVision.engine.core.CommandControl.sync(CommandControl.java:98)
	at com.NewVision.InnoVision.engine.core.CommandControl.sync(CommandControl.java:183)
	at com.NewVision.InnoVision.engine.execution.run.TestStepRunner.executeStep(TestStepRunner.java:160)
	at com.NewVision.InnoVision.engine.execution.run.TestStepRunner.executeStep(TestStepRunner.java:147)
	at com.NewVision.InnoVision.engine.execution.run.TestStepRunner.run(TestStepRunner.java:66)
	at com.NewVision.InnoVision.engine.execution.run.TestCaseRunner.runStep(TestCaseRunner.java:397)
	at com.NewVision.InnoVision.engine.execution.run.TestCaseRunner.run(TestCaseRunner.java:348)
	at com.NewVision.InnoVision.engine.core.Task.runIteration(Task.java:127)
	at com.NewVision.InnoVision.engine.core.Task.run(Task.java:83)
	at java.base/java.util.concurrent.ThreadPoolExecutor.runWorker(ThreadPoolExecutor.java:1144)
	at java.base/java.util.concurrent.ThreadPoolExecutor$Worker.run(ThreadPoolExecutor.java:642)
	at java.base/java.lang.Thread.run(Thread.java:1623)

Couldn't find Object 'Message Category' in stipulated Time '10' Seconds
[FAIL]   | Seems Like the Element [Message Category] is Not Present/Found in the page Try Adding wait or heal it

===================================================================================================

2023-08-14 16:28:08:08S +0530 [SEVERE] com.NewVision.InnoVision.engine.execution.run.TestCaseRunner onRuntimeException:Seems Like the Element [Message Category] is Not Present/Found in the page Try Adding wait or heal it
com.NewVision.InnoVision.engine.execution.exception.element.ElementException: Seems Like the Element [Message Category] is Not Present/Found in the page Try Adding wait or heal it
	at com.NewVision.InnoVision.engine.commands.JSCommands.setByJS(JSCommands.java:93)
	at com.NewVision.InnoVision.engine.support.reflect.MethodExecutor.executeMethod(MethodExecutor.java:39)
	at com.NewVision.InnoVision.engine.execution.run.TestStepRunner.executeAction(TestStepRunner.java:165)
	at com.NewVision.InnoVision.engine.execution.run.TestStepRunner.executeStep(TestStepRunner.java:161)
	at com.NewVision.InnoVision.engine.execution.run.TestStepRunner.executeStep(TestStepRunner.java:147)
	at com.NewVision.InnoVision.engine.execution.run.TestStepRunner.run(TestStepRunner.java:66)
	at com.NewVision.InnoVision.engine.execution.run.TestCaseRunner.runStep(TestCaseRunner.java:397)
	at com.NewVision.InnoVision.engine.execution.run.TestCaseRunner.run(TestCaseRunner.java:348)
	at com.NewVision.InnoVision.engine.core.Task.runIteration(Task.java:127)
	at com.NewVision.InnoVision.engine.core.Task.run(Task.java:83)
	at java.base/java.util.concurrent.ThreadPoolExecutor.runWorker(ThreadPoolExecutor.java:1144)
	at java.base/java.util.concurrent.ThreadPoolExecutor$Worker.run(ThreadPoolExecutor.java:642)
	at java.base/java.lang.Thread.run(Thread.java:1623)

Step:1   | Object: Browser | Action: pause | Input:*********  | Conditon:  | @14-Aug-2023 16:28:08.008
[DONE]   | Thread sleep for '2000

===================================================================================================

Step:35  | Object: Routing Process | Action: Click | Input:*********  | Conditon:  | @14-Aug-2023 16:28:10.010
Element could not be identified with [name] : [RTE_BATCH_CD]
Expected condition failed: waiting for presence of any elements located by By.name: RTE_BATCH_CD (tried for 10 second(s) with 500 milliseconds interval)

2023-08-14 16:28:27:08S +0530 [OFF ] com.NewVision.InnoVision.engine.drivers.AutomationObject getElements:null
org.openqa.selenium.UnhandledAlertException: unexpected alert open: {Alert text : }
  (Session info: chrome=115.0.5790.171): {Alert text : 
Build info: version: '3.141.59', revision: 'e82be7d358', time: '2018-11-14T08:17:03'
System info: host: 'SHAILJAR', ip: '10.20.0.31', os.name: 'Windows 11', os.arch: 'amd64', os.version: '10.0', java.version: '20.0.1'
Driver info: org.openqa.selenium.chrome.ChromeDriver
Capabilities {acceptInsecureCerts: false, browserName: chrome, browserVersion: 115.0.5790.171, chrome: {chromedriverVersion: 114.0.5735.90 (386bc09e8f4f..., userDataDir: C:\Users\SHAILJ~1.RAJ\AppDa...}, goog:chromeOptions: {debuggerAddress: localhost:64779}, javascriptEnabled: true, networkConnectionEnabled: false, pageLoadStrategy: normal, platform: WINDOWS, platformName: WINDOWS, proxy: Proxy(), setWindowRect: true, strictFileInteractability: false, timeouts: {implicit: 0, pageLoad: 300000, script: 30000}, unhandledPromptBehavior: dismiss and notify, webauthn:extension:credBlob: true, webauthn:extension:largeBlob: true, webauthn:extension:minPinLength: true, webauthn:extension:prf: true, webauthn:virtualAuthenticators: true}
Session ID: d04a13082fc010a2469e88982c4999d5
*** Element info: {Using=id, value=RTE_BATCH_CD}
	at org.openqa.selenium.remote.http.W3CHttpResponseCodec.decode(W3CHttpResponseCodec.java:120)
	at org.openqa.selenium.remote.http.W3CHttpResponseCodec.decode(W3CHttpResponseCodec.java:49)
	at org.openqa.selenium.remote.HttpCommandExecutor.execute(HttpCommandExecutor.java:158)
	at org.openqa.selenium.remote.service.DriverCommandExecutor.execute(DriverCommandExecutor.java:83)
	at org.openqa.selenium.remote.RemoteWebDriver.execute(RemoteWebDriver.java:552)
	at org.openqa.selenium.remote.RemoteWebDriver.findElements(RemoteWebDriver.java:353)
	at org.openqa.selenium.remote.RemoteWebDriver.findElementsById(RemoteWebDriver.java:376)
	at org.openqa.selenium.By$ById.findElements(By.java:180)
	at org.openqa.selenium.remote.RemoteWebDriver.findElements(RemoteWebDriver.java:311)
	at org.openqa.selenium.support.ui.ExpectedConditions$11.apply(ExpectedConditions.java:328)
	at org.openqa.selenium.support.ui.ExpectedConditions$11.apply(ExpectedConditions.java:325)
	at org.openqa.selenium.support.ui.FluentWait.until(FluentWait.java:249)
	at com.NewVision.InnoVision.engine.drivers.AutomationObject.lambda$getElements$0(AutomationObject.java:359)
	at org.openqa.selenium.support.ui.FluentWait.until(FluentWait.java:249)
	at com.NewVision.InnoVision.engine.drivers.AutomationObject.getElements(AutomationObject.java:322)
	at com.NewVision.InnoVision.engine.drivers.AutomationObject.getWElements(AutomationObject.java:273)
	at com.NewVision.InnoVision.engine.drivers.AutomationObject.findElements(AutomationObject.java:260)
	at com.NewVision.InnoVision.engine.drivers.AutomationObject.findElement(AutomationObject.java:136)
	at com.NewVision.InnoVision.engine.drivers.AutomationObject.findElement(AutomationObject.java:129)
	at com.NewVision.InnoVision.engine.core.CommandControl.sync(CommandControl.java:98)
	at com.NewVision.InnoVision.engine.core.CommandControl.sync(CommandControl.java:183)
	at com.NewVision.InnoVision.engine.execution.run.TestStepRunner.executeStep(TestStepRunner.java:160)
	at com.NewVision.InnoVision.engine.execution.run.TestStepRunner.executeStep(TestStepRunner.java:147)
	at com.NewVision.InnoVision.engine.execution.run.TestStepRunner.run(TestStepRunner.java:66)
	at com.NewVision.InnoVision.engine.execution.run.TestCaseRunner.runStep(TestCaseRunner.java:397)
	at com.NewVision.InnoVision.engine.execution.run.TestCaseRunner.run(TestCaseRunner.java:348)
	at com.NewVision.InnoVision.engine.core.Task.runIteration(Task.java:127)
	at com.NewVision.InnoVision.engine.core.Task.run(Task.java:83)
	at java.base/java.util.concurrent.ThreadPoolExecutor.runWorker(ThreadPoolExecutor.java:1144)
	at java.base/java.util.concurrent.ThreadPoolExecutor$Worker.run(ThreadPoolExecutor.java:642)
	at java.base/java.lang.Thread.run(Thread.java:1623)

Couldn't find Object 'Routing Process' in stipulated Time '10' Seconds
[FAIL]   | Seems Like the Element [Routing Process] is Not Present/Found in the page Try Adding wait or heal it

===================================================================================================

2023-08-14 16:28:28:08S +0530 [SEVERE] com.NewVision.InnoVision.engine.execution.run.TestCaseRunner onRuntimeException:Seems Like the Element [Routing Process] is Not Present/Found in the page Try Adding wait or heal it
com.NewVision.InnoVision.engine.execution.exception.element.ElementException: Seems Like the Element [Routing Process] is Not Present/Found in the page Try Adding wait or heal it
	at com.NewVision.InnoVision.engine.commands.General.elementDisplayed(General.java:57)
	at com.NewVision.InnoVision.engine.commands.General.elementEnabled(General.java:63)
	at com.NewVision.InnoVision.engine.commands.Basic.Click(Basic.java:47)
	at com.NewVision.InnoVision.engine.support.reflect.MethodExecutor.executeMethod(MethodExecutor.java:39)
	at com.NewVision.InnoVision.engine.execution.run.TestStepRunner.executeAction(TestStepRunner.java:165)
	at com.NewVision.InnoVision.engine.execution.run.TestStepRunner.executeStep(TestStepRunner.java:161)
	at com.NewVision.InnoVision.engine.execution.run.TestStepRunner.executeStep(TestStepRunner.java:147)
	at com.NewVision.InnoVision.engine.execution.run.TestStepRunner.run(TestStepRunner.java:66)
	at com.NewVision.InnoVision.engine.execution.run.TestCaseRunner.runStep(TestCaseRunner.java:397)
	at com.NewVision.InnoVision.engine.execution.run.TestCaseRunner.run(TestCaseRunner.java:348)
	at com.NewVision.InnoVision.engine.core.Task.runIteration(Task.java:127)
	at com.NewVision.InnoVision.engine.core.Task.run(Task.java:83)
	at java.base/java.util.concurrent.ThreadPoolExecutor.runWorker(ThreadPoolExecutor.java:1144)
	at java.base/java.util.concurrent.ThreadPoolExecutor$Worker.run(ThreadPoolExecutor.java:642)
	at java.base/java.lang.Thread.run(Thread.java:1623)

Step:36  | Object: to do meassage text | Action: Click | Input:*********  | Conditon:  | @14-Aug-2023 16:28:28.028
Element could not be identified with [xpath] : [//*[@id="MESSAGE_NBR"]]
Expected condition failed: waiting for presence of any elements located by By.xpath: //*[@id="MESSAGE_NBR"] (tried for 10 second(s) with 500 milliseconds interval)

2023-08-14 16:28:38:08S +0530 [OFF ] com.NewVision.InnoVision.engine.drivers.AutomationObject getElements:null
org.openqa.selenium.TimeoutException: Expected condition failed: waiting for com.NewVision.InnoVision.engine.drivers.AutomationObject$$Lambda$1305/0x00000008018550f8@aa4a596 (tried for 10 second(s) with 500 milliseconds interval)
Build info: version: '3.141.59', revision: 'e82be7d358', time: '2018-11-14T08:17:03'
System info: host: 'SHAILJAR', ip: '10.20.0.31', os.name: 'Windows 11', os.arch: 'amd64', os.version: '10.0', java.version: '20.0.1'
Driver info: org.openqa.selenium.chrome.ChromeDriver
Capabilities {acceptInsecureCerts: false, browserName: chrome, browserVersion: 115.0.5790.171, chrome: {chromedriverVersion: 114.0.5735.90 (386bc09e8f4f..., userDataDir: C:\Users\SHAILJ~1.RAJ\AppDa...}, goog:chromeOptions: {debuggerAddress: localhost:64779}, javascriptEnabled: true, networkConnectionEnabled: false, pageLoadStrategy: normal, platform: WINDOWS, platformName: WINDOWS, proxy: Proxy(), setWindowRect: true, strictFileInteractability: false, timeouts: {implicit: 0, pageLoad: 300000, script: 30000}, unhandledPromptBehavior: dismiss and notify, webauthn:extension:credBlob: true, webauthn:extension:largeBlob: true, webauthn:extension:minPinLength: true, webauthn:extension:prf: true, webauthn:virtualAuthenticators: true}
Session ID: d04a13082fc010a2469e88982c4999d5
	at org.openqa.selenium.support.ui.WebDriverWait.timeoutException(WebDriverWait.java:95)
	at org.openqa.selenium.support.ui.FluentWait.until(FluentWait.java:272)
	at com.NewVision.InnoVision.engine.drivers.AutomationObject.getElements(AutomationObject.java:322)
	at com.NewVision.InnoVision.engine.drivers.AutomationObject.getWElements(AutomationObject.java:273)
	at com.NewVision.InnoVision.engine.drivers.AutomationObject.findElements(AutomationObject.java:260)
	at com.NewVision.InnoVision.engine.drivers.AutomationObject.findElement(AutomationObject.java:136)
	at com.NewVision.InnoVision.engine.drivers.AutomationObject.findElement(AutomationObject.java:129)
	at com.NewVision.InnoVision.engine.core.CommandControl.sync(CommandControl.java:98)
	at com.NewVision.InnoVision.engine.core.CommandControl.sync(CommandControl.java:183)
	at com.NewVision.InnoVision.engine.execution.run.TestStepRunner.executeStep(TestStepRunner.java:160)
	at com.NewVision.InnoVision.engine.execution.run.TestStepRunner.executeStep(TestStepRunner.java:147)
	at com.NewVision.InnoVision.engine.execution.run.TestStepRunner.run(TestStepRunner.java:66)
	at com.NewVision.InnoVision.engine.execution.run.TestCaseRunner.runStep(TestCaseRunner.java:397)
	at com.NewVision.InnoVision.engine.execution.run.TestCaseRunner.run(TestCaseRunner.java:348)
	at com.NewVision.InnoVision.engine.core.Task.runIteration(Task.java:127)
	at com.NewVision.InnoVision.engine.core.Task.run(Task.java:83)
	at java.base/java.util.concurrent.ThreadPoolExecutor.runWorker(ThreadPoolExecutor.java:1144)
	at java.base/java.util.concurrent.ThreadPoolExecutor$Worker.run(ThreadPoolExecutor.java:642)
	at java.base/java.lang.Thread.run(Thread.java:1623)

Couldn't find Object 'to do meassage text' in stipulated Time '10' Seconds
[FAIL]   | Seems Like the Element [to do meassage text] is Not Present/Found in the page Try Adding wait or heal it

===================================================================================================

2023-08-14 16:28:39:08S +0530 [SEVERE] com.NewVision.InnoVision.engine.execution.run.TestCaseRunner onRuntimeException:Seems Like the Element [to do meassage text] is Not Present/Found in the page Try Adding wait or heal it
com.NewVision.InnoVision.engine.execution.exception.element.ElementException: Seems Like the Element [to do meassage text] is Not Present/Found in the page Try Adding wait or heal it
	at com.NewVision.InnoVision.engine.commands.General.elementDisplayed(General.java:57)
	at com.NewVision.InnoVision.engine.commands.General.elementEnabled(General.java:63)
	at com.NewVision.InnoVision.engine.commands.Basic.Click(Basic.java:47)
	at com.NewVision.InnoVision.engine.support.reflect.MethodExecutor.executeMethod(MethodExecutor.java:39)
	at com.NewVision.InnoVision.engine.execution.run.TestStepRunner.executeAction(TestStepRunner.java:165)
	at com.NewVision.InnoVision.engine.execution.run.TestStepRunner.executeStep(TestStepRunner.java:161)
	at com.NewVision.InnoVision.engine.execution.run.TestStepRunner.executeStep(TestStepRunner.java:147)
	at com.NewVision.InnoVision.engine.execution.run.TestStepRunner.run(TestStepRunner.java:66)
	at com.NewVision.InnoVision.engine.execution.run.TestCaseRunner.runStep(TestCaseRunner.java:397)
	at com.NewVision.InnoVision.engine.execution.run.TestCaseRunner.run(TestCaseRunner.java:348)
	at com.NewVision.InnoVision.engine.core.Task.runIteration(Task.java:127)
	at com.NewVision.InnoVision.engine.core.Task.run(Task.java:83)
	at java.base/java.util.concurrent.ThreadPoolExecutor.runWorker(ThreadPoolExecutor.java:1144)
	at java.base/java.util.concurrent.ThreadPoolExecutor$Worker.run(ThreadPoolExecutor.java:642)
	at java.base/java.lang.Thread.run(Thread.java:1623)

Step:37  | Object: to do meassage text | Action: setByJS | Input:*********  | Conditon:  | @14-Aug-2023 16:28:39.039
jar:file:/C:/InnoVision-2.0-setup/InnoVision-1.0/lib/InnoVision-extensionconnect-1.0.jar!/localhost
2023-08-14 16:28:45:08S +0530 [INFO] com.NewVision.InnoVision.extension.server.ExtensionServer startRecord:Launching Server for Record
Current Directory: C:\InnoVision-2.0-setup\InnoVision-1.0
2023-08-14 16:28:45:08S +0530 [INFO] com.NewVision.InnoVision.extension.server.ExtensionServer$1 run:Starting Server
[SocketServer] INFO org.eclipse.jetty.server.Server - jetty-9.4.43.v20210629; built: 2021-06-30T11:07:22.254Z; git: 526006ecfa3af7f1a27ef3a288e2bef7ea9dd7e8; jvm 20.0.1+9-29
[SocketServer] INFO org.eclipse.jetty.server.session - DefaultSessionIdManager workerName=node0
[SocketServer] INFO org.eclipse.jetty.server.session - No SessionScavenger set, using defaults
[SocketServer] INFO org.eclipse.jetty.server.session - node0 Scavenging every 600000ms
[SocketServer] INFO org.eclipse.jetty.server.handler.ContextHandler - Started o.e.j.s.ServletContextHandler@11c76a7b{/,null,AVAILABLE}
[SocketServer] INFO org.eclipse.jetty.util.ssl.SslContextFactory - x509=X509@1ada53aa(localhost,h=[localhost],a=[],w=[]) for SslContextFactory@571ec3a2[provider=null,keyStore=jar:file:/C:/InnoVision-2.0-setup/InnoVision-1.0/lib/InnoVision-extensionconnect-1.0.jar!/localhost,trustStore=null]
[SocketServer] INFO org.eclipse.jetty.server.AbstractConnector - Started ServerConnector@6e1204d6{SSL, (ssl, http/1.1)}{0.0.0.0:8887}
[SocketServer] INFO org.eclipse.jetty.server.Server - Started @24753420ms
Starting ChromeDriver 114.0.5735.90 (386bc09e8f4f2e025eddae123f36f6263096ae49-refs/branch-heads/5735@{#1052}) on port 52705
Only local connections are allowed.
Please see https://chromedriver.chromium.org/security-considerations for suggestions on keeping ChromeDriver safe.
ChromeDriver was started successfully.
[1692010727.894][WARNING]: This version of ChromeDriver has not been tested with Chrome version 115.
2023-08-14 16:28:48:08S +0530 [INFO] org.openqa.selenium.remote.ProtocolHandshake createSession:Detected dialect: W3C
Element could not be identified with [xpath] : [//*[@id="MESSAGE_NBR"]]
Expected condition failed: waiting for presence of any elements located by By.xpath: //*[@id="MESSAGE_NBR"] (tried for 10 second(s) with 500 milliseconds interval)

2023-08-14 16:28:49:08S +0530 [OFF ] com.NewVision.InnoVision.engine.drivers.AutomationObject getElements:null
org.openqa.selenium.TimeoutException: Expected condition failed: waiting for com.NewVision.InnoVision.engine.drivers.AutomationObject$$Lambda$1305/0x00000008018550f8@4c06465b (tried for 10 second(s) with 500 milliseconds interval)
Build info: version: '3.141.59', revision: 'e82be7d358', time: '2018-11-14T08:17:03'
System info: host: 'SHAILJAR', ip: '10.20.0.31', os.name: 'Windows 11', os.arch: 'amd64', os.version: '10.0', java.version: '20.0.1'
Driver info: org.openqa.selenium.chrome.ChromeDriver
Capabilities {acceptInsecureCerts: false, browserName: chrome, browserVersion: 115.0.5790.171, chrome: {chromedriverVersion: 114.0.5735.90 (386bc09e8f4f..., userDataDir: C:\Users\SHAILJ~1.RAJ\AppDa...}, goog:chromeOptions: {debuggerAddress: localhost:64779}, javascriptEnabled: true, networkConnectionEnabled: false, pageLoadStrategy: normal, platform: WINDOWS, platformName: WINDOWS, proxy: Proxy(), setWindowRect: true, strictFileInteractability: false, timeouts: {implicit: 0, pageLoad: 300000, script: 30000}, unhandledPromptBehavior: dismiss and notify, webauthn:extension:credBlob: true, webauthn:extension:largeBlob: true, webauthn:extension:minPinLength: true, webauthn:extension:prf: true, webauthn:virtualAuthenticators: true}
Session ID: d04a13082fc010a2469e88982c4999d5
	at org.openqa.selenium.support.ui.WebDriverWait.timeoutException(WebDriverWait.java:95)
	at org.openqa.selenium.support.ui.FluentWait.until(FluentWait.java:272)
	at com.NewVision.InnoVision.engine.drivers.AutomationObject.getElements(AutomationObject.java:322)
	at com.NewVision.InnoVision.engine.drivers.AutomationObject.getWElements(AutomationObject.java:273)
	at com.NewVision.InnoVision.engine.drivers.AutomationObject.findElements(AutomationObject.java:260)
	at com.NewVision.InnoVision.engine.drivers.AutomationObject.findElement(AutomationObject.java:136)
	at com.NewVision.InnoVision.engine.drivers.AutomationObject.findElement(AutomationObject.java:129)
	at com.NewVision.InnoVision.engine.core.CommandControl.sync(CommandControl.java:98)
	at com.NewVision.InnoVision.engine.core.CommandControl.sync(CommandControl.java:183)
	at com.NewVision.InnoVision.engine.execution.run.TestStepRunner.executeStep(TestStepRunner.java:160)
	at com.NewVision.InnoVision.engine.execution.run.TestStepRunner.executeStep(TestStepRunner.java:147)
	at com.NewVision.InnoVision.engine.execution.run.TestStepRunner.run(TestStepRunner.java:66)
	at com.NewVision.InnoVision.engine.execution.run.TestCaseRunner.runStep(TestCaseRunner.java:397)
	at com.NewVision.InnoVision.engine.execution.run.TestCaseRunner.run(TestCaseRunner.java:348)
	at com.NewVision.InnoVision.engine.core.Task.runIteration(Task.java:127)
	at com.NewVision.InnoVision.engine.core.Task.run(Task.java:83)
	at java.base/java.util.concurrent.ThreadPoolExecutor.runWorker(ThreadPoolExecutor.java:1144)
	at java.base/java.util.concurrent.ThreadPoolExecutor$Worker.run(ThreadPoolExecutor.java:642)
	at java.base/java.lang.Thread.run(Thread.java:1623)

Couldn't find Object 'to do meassage text' in stipulated Time '10' Seconds
[FAIL]   | Seems Like the Element [to do meassage text] is Not Present/Found in the page Try Adding wait or heal it

===================================================================================================

[AWT-EventQueue-0] INFO org.eclipse.jetty.server.AbstractConnector - Stopped ServerConnector@6e1204d6{SSL, (ssl, http/1.1)}{0.0.0.0:8887}
[AWT-EventQueue-0] INFO org.eclipse.jetty.server.session - node0 Stopped scavenging
[AWT-EventQueue-0] INFO org.eclipse.jetty.server.handler.ContextHandler - Stopped o.e.j.s.ServletContextHandler@11c76a7b{/,null,STOPPED}
2023-08-14 16:28:50:08S +0530 [INFO] com.NewVision.InnoVision.extension.server.ExtensionServer$1 run:Server Stopped
jar:file:/C:/InnoVision-2.0-setup/InnoVision-1.0/lib/InnoVision-extensionconnect-1.0.jar!/localhost
2023-08-14 16:28:50:08S +0530 [SEVERE] com.NewVision.InnoVision.engine.execution.run.TestCaseRunner onRuntimeException:Seems Like the Element [to do meassage text] is Not Present/Found in the page Try Adding wait or heal it
com.NewVision.InnoVision.engine.execution.exception.element.ElementException: Seems Like the Element [to do meassage text] is Not Present/Found in the page Try Adding wait or heal it
	at com.NewVision.InnoVision.engine.commands.JSCommands.setByJS(JSCommands.java:93)
	at com.NewVision.InnoVision.engine.support.reflect.MethodExecutor.executeMethod(MethodExecutor.java:39)
	at com.NewVision.InnoVision.engine.execution.run.TestStepRunner.executeAction(TestStepRunner.java:165)
	at com.NewVision.InnoVision.engine.execution.run.TestStepRunner.executeStep(TestStepRunner.java:161)
	at com.NewVision.InnoVision.engine.execution.run.TestStepRunner.executeStep(TestStepRunner.java:147)
	at com.NewVision.InnoVision.engine.execution.run.TestStepRunner.run(TestStepRunner.java:66)
	at com.NewVision.InnoVision.engine.execution.run.TestCaseRunner.runStep(TestCaseRunner.java:397)
	at com.NewVision.InnoVision.engine.execution.run.TestCaseRunner.run(TestCaseRunner.java:348)
	at com.NewVision.InnoVision.engine.core.Task.runIteration(Task.java:127)
	at com.NewVision.InnoVision.engine.core.Task.run(Task.java:83)
	at java.base/java.util.concurrent.ThreadPoolExecutor.runWorker(ThreadPoolExecutor.java:1144)
	at java.base/java.util.concurrent.ThreadPoolExecutor$Worker.run(ThreadPoolExecutor.java:642)
	at java.base/java.lang.Thread.run(Thread.java:1623)

Step:1   | Object: Browser | Action: pause | Input:*********  | Conditon:  | @14-Aug-2023 16:28:50.050
[DONE]   | Thread sleep for '2000

===================================================================================================

Step:39  | Object: Routing Process | Action: Click | Input:*********  | Conditon:  | @14-Aug-2023 16:28:52.052
Element could not be identified with [name] : [RTE_BATCH_CD]
Expected condition failed: waiting for presence of any elements located by By.name: RTE_BATCH_CD (tried for 10 second(s) with 500 milliseconds interval)

Element could not be identified with [id] : [RTE_BATCH_CD]
Expected condition failed: waiting for presence of any elements located by By.id: RTE_BATCH_CD (tried for 10 second(s) with 500 milliseconds interval)

Element could not be identified with [relative_xpath] : [//input[@name='RTE_BATCH_CD']]
Expected condition failed: waiting for presence of any elements located by By.xpath: //input[@name='RTE_BATCH_CD'] (tried for 10 second(s) with 500 milliseconds interval)

Element could not be identified with [xpath] : [/html/body/table/tbody/tr[2]/td/table/tbody/tr[7]/td[2]/span/input]
Expected condition failed: waiting for presence of any elements located by By.xpath: /html/body/table/tbody/tr[2]/td/table/tbody/tr[7]/td[2]/span/input (tried for 10 second(s) with 500 milliseconds interval)

Element could not be identified with [class] : [uiMargin data forms dc-CHAR-NONE-8-0]
Expected condition failed: waiting for presence of any elements located by By.xpath: //*[@className='uiMargin data forms dc-CHAR-NONE-8-0'] (tried for 10 second(s) with 500 milliseconds interval)

2023-08-14 16:29:49:08S +0530 [OFF ] com.NewVision.InnoVision.engine.drivers.AutomationObject getElements:null
org.openqa.selenium.UnhandledAlertException: unexpected alert open: {Alert text : }
  (Session info: chrome=115.0.5790.171): {Alert text : 
Build info: version: '3.141.59', revision: 'e82be7d358', time: '2018-11-14T08:17:03'
System info: host: 'SHAILJAR', ip: '10.20.0.31', os.name: 'Windows 11', os.arch: 'amd64', os.version: '10.0', java.version: '20.0.1'
Driver info: org.openqa.selenium.chrome.ChromeDriver
Capabilities {acceptInsecureCerts: false, browserName: chrome, browserVersion: 115.0.5790.171, chrome: {chromedriverVersion: 114.0.5735.90 (386bc09e8f4f..., userDataDir: C:\Users\SHAILJ~1.RAJ\AppDa...}, goog:chromeOptions: {debuggerAddress: localhost:64779}, javascriptEnabled: true, networkConnectionEnabled: false, pageLoadStrategy: normal, platform: WINDOWS, platformName: WINDOWS, proxy: Proxy(), setWindowRect: true, strictFileInteractability: false, timeouts: {implicit: 0, pageLoad: 300000, script: 30000}, unhandledPromptBehavior: dismiss and notify, webauthn:extension:credBlob: true, webauthn:extension:largeBlob: true, webauthn:extension:minPinLength: true, webauthn:extension:prf: true, webauthn:virtualAuthenticators: true}
Session ID: d04a13082fc010a2469e88982c4999d5
*** Element info: {Using=css selector, value=#RTE_BATCH_CD}
	at org.openqa.selenium.remote.http.W3CHttpResponseCodec.decode(W3CHttpResponseCodec.java:120)
	at org.openqa.selenium.remote.http.W3CHttpResponseCodec.decode(W3CHttpResponseCodec.java:49)
	at org.openqa.selenium.remote.HttpCommandExecutor.execute(HttpCommandExecutor.java:158)
	at org.openqa.selenium.remote.service.DriverCommandExecutor.execute(DriverCommandExecutor.java:83)
	at org.openqa.selenium.remote.RemoteWebDriver.execute(RemoteWebDriver.java:552)
	at org.openqa.selenium.remote.RemoteWebDriver.findElements(RemoteWebDriver.java:353)
	at org.openqa.selenium.remote.RemoteWebDriver.findElementsByCssSelector(RemoteWebDriver.java:424)
	at org.openqa.selenium.By$ByCssSelector.findElements(By.java:441)
	at org.openqa.selenium.remote.RemoteWebDriver.findElements(RemoteWebDriver.java:311)
	at org.openqa.selenium.support.ui.ExpectedConditions$11.apply(ExpectedConditions.java:328)
	at org.openqa.selenium.support.ui.ExpectedConditions$11.apply(ExpectedConditions.java:325)
	at org.openqa.selenium.support.ui.FluentWait.until(FluentWait.java:249)
	at com.NewVision.InnoVision.engine.drivers.AutomationObject.lambda$getElements$0(AutomationObject.java:359)
	at org.openqa.selenium.support.ui.FluentWait.until(FluentWait.java:249)
	at com.NewVision.InnoVision.engine.drivers.AutomationObject.getElements(AutomationObject.java:322)
	at com.NewVision.InnoVision.engine.drivers.AutomationObject.getWElements(AutomationObject.java:273)
	at com.NewVision.InnoVision.engine.drivers.AutomationObject.findElements(AutomationObject.java:260)
	at com.NewVision.InnoVision.engine.drivers.AutomationObject.findElement(AutomationObject.java:136)
	at com.NewVision.InnoVision.engine.drivers.AutomationObject.findElement(AutomationObject.java:129)
	at com.NewVision.InnoVision.engine.core.CommandControl.sync(CommandControl.java:98)
	at com.NewVision.InnoVision.engine.core.CommandControl.sync(CommandControl.java:183)
	at com.NewVision.InnoVision.engine.execution.run.TestStepRunner.executeStep(TestStepRunner.java:160)
	at com.NewVision.InnoVision.engine.execution.run.TestStepRunner.executeStep(TestStepRunner.java:147)
	at com.NewVision.InnoVision.engine.execution.run.TestStepRunner.run(TestStepRunner.java:66)
	at com.NewVision.InnoVision.engine.execution.run.TestCaseRunner.runStep(TestCaseRunner.java:397)
	at com.NewVision.InnoVision.engine.execution.run.TestCaseRunner.run(TestCaseRunner.java:348)
	at com.NewVision.InnoVision.engine.core.Task.runIteration(Task.java:127)
	at com.NewVision.InnoVision.engine.core.Task.run(Task.java:83)
	at java.base/java.util.concurrent.ThreadPoolExecutor.runWorker(ThreadPoolExecutor.java:1144)
	at java.base/java.util.concurrent.ThreadPoolExecutor$Worker.run(ThreadPoolExecutor.java:642)
	at java.base/java.lang.Thread.run(Thread.java:1623)

Couldn't find Object 'Routing Process' in stipulated Time '10' Seconds
[FAIL]   | Seems Like the Element [Routing Process] is Not Present/Found in the page Try Adding wait or heal it

===================================================================================================

2023-08-14 16:29:50:08S +0530 [SEVERE] com.NewVision.InnoVision.engine.execution.run.TestCaseRunner onRuntimeException:Seems Like the Element [Routing Process] is Not Present/Found in the page Try Adding wait or heal it
com.NewVision.InnoVision.engine.execution.exception.element.ElementException: Seems Like the Element [Routing Process] is Not Present/Found in the page Try Adding wait or heal it
	at com.NewVision.InnoVision.engine.commands.General.elementDisplayed(General.java:57)
	at com.NewVision.InnoVision.engine.commands.General.elementEnabled(General.java:63)
	at com.NewVision.InnoVision.engine.commands.Basic.Click(Basic.java:47)
	at com.NewVision.InnoVision.engine.support.reflect.MethodExecutor.executeMethod(MethodExecutor.java:39)
	at com.NewVision.InnoVision.engine.execution.run.TestStepRunner.executeAction(TestStepRunner.java:165)
	at com.NewVision.InnoVision.engine.execution.run.TestStepRunner.executeStep(TestStepRunner.java:161)
	at com.NewVision.InnoVision.engine.execution.run.TestStepRunner.executeStep(TestStepRunner.java:147)
	at com.NewVision.InnoVision.engine.execution.run.TestStepRunner.run(TestStepRunner.java:66)
	at com.NewVision.InnoVision.engine.execution.run.TestCaseRunner.runStep(TestCaseRunner.java:397)
	at com.NewVision.InnoVision.engine.execution.run.TestCaseRunner.run(TestCaseRunner.java:348)
	at com.NewVision.InnoVision.engine.core.Task.runIteration(Task.java:127)
	at com.NewVision.InnoVision.engine.core.Task.run(Task.java:83)
	at java.base/java.util.concurrent.ThreadPoolExecutor.runWorker(ThreadPoolExecutor.java:1144)
	at java.base/java.util.concurrent.ThreadPoolExecutor$Worker.run(ThreadPoolExecutor.java:642)
	at java.base/java.lang.Thread.run(Thread.java:1623)

Step:1   | Object: Browser | Action: pause | Input:*********  | Conditon:  | @14-Aug-2023 16:29:50.050
[DONE]   | Thread sleep for '30000

===================================================================================================

Step:41  | Object: Browser | Action: switchToDefaultContent | Input:*********  | Conditon:  | @14-Aug-2023 16:30:20.020
[DEBUG]   | no such window: target window already closed
from unknown error: web view not found
  (Session info: chrome=115.0.5790.171)
Build info: version: '3.141.59', revision: 'e82be7d358', time: '2018-11-14T08:17:03'
System info: host: 'SHAILJAR', ip: '10.20.0.31', os.name: 'Windows 11', os.arch: 'amd64', os.version: '10.0', java.version: '20.0.1'
Driver info: org.openqa.selenium.chrome.ChromeDriver
Capabilities {acceptInsecureCerts: false, browserName: chrome, browserVersion: 115.0.5790.171, chrome: {chromedriverVersion: 114.0.5735.90 (386bc09e8f4f..., userDataDir: C:\Users\SHAILJ~1.RAJ\AppDa...}, goog:chromeOptions: {debuggerAddress: localhost:64779}, javascriptEnabled: true, networkConnectionEnabled: false, pageLoadStrategy: normal, platform: WINDOWS, platformName: WINDOWS, proxy: Proxy(), setWindowRect: true, strictFileInteractability: false, timeouts: {implicit: 0, pageLoad: 300000, script: 30000}, unhandledPromptBehavior: dismiss and notify, webauthn:extension:credBlob: true, webauthn:extension:largeBlob: true, webauthn:extension:minPinLength: true, webauthn:extension:prf: true, webauthn:virtualAuthenticators: true}
Session ID: d04a13082fc010a2469e88982c4999d5

===================================================================================================

2023-08-14 16:30:20:08S +0530 [OFF ] com.NewVision.InnoVision.engine.commands.SwitchTo switchToDefaultContent:null
org.openqa.selenium.NoSuchWindowException: no such window: target window already closed
from unknown error: web view not found
  (Session info: chrome=115.0.5790.171)
Build info: version: '3.141.59', revision: 'e82be7d358', time: '2018-11-14T08:17:03'
System info: host: 'SHAILJAR', ip: '10.20.0.31', os.name: 'Windows 11', os.arch: 'amd64', os.version: '10.0', java.version: '20.0.1'
Driver info: org.openqa.selenium.chrome.ChromeDriver
Capabilities {acceptInsecureCerts: false, browserName: chrome, browserVersion: 115.0.5790.171, chrome: {chromedriverVersion: 114.0.5735.90 (386bc09e8f4f..., userDataDir: C:\Users\SHAILJ~1.RAJ\AppDa...}, goog:chromeOptions: {debuggerAddress: localhost:64779}, javascriptEnabled: true, networkConnectionEnabled: false, pageLoadStrategy: normal, platform: WINDOWS, platformName: WINDOWS, proxy: Proxy(), setWindowRect: true, strictFileInteractability: false, timeouts: {implicit: 0, pageLoad: 300000, script: 30000}, unhandledPromptBehavior: dismiss and notify, webauthn:extension:credBlob: true, webauthn:extension:largeBlob: true, webauthn:extension:minPinLength: true, webauthn:extension:prf: true, webauthn:virtualAuthenticators: true}
Session ID: d04a13082fc010a2469e88982c4999d5
	at java.base/jdk.internal.reflect.DirectConstructorHandleAccessor.newInstance(DirectConstructorHandleAccessor.java:67)
	at java.base/java.lang.reflect.Constructor.newInstanceWithCaller(Constructor.java:500)
	at java.base/java.lang.reflect.Constructor.newInstance(Constructor.java:484)
	at org.openqa.selenium.remote.http.W3CHttpResponseCodec.createException(W3CHttpResponseCodec.java:187)
	at org.openqa.selenium.remote.http.W3CHttpResponseCodec.decode(W3CHttpResponseCodec.java:122)
	at org.openqa.selenium.remote.http.W3CHttpResponseCodec.decode(W3CHttpResponseCodec.java:49)
	at org.openqa.selenium.remote.HttpCommandExecutor.execute(HttpCommandExecutor.java:158)
	at org.openqa.selenium.remote.service.DriverCommandExecutor.execute(DriverCommandExecutor.java:83)
	at org.openqa.selenium.remote.RemoteWebDriver.execute(RemoteWebDriver.java:552)
	at org.openqa.selenium.remote.RemoteWebDriver$RemoteTargetLocator.defaultContent(RemoteWebDriver.java:922)
	at com.NewVision.InnoVision.engine.commands.SwitchTo.switchToDefaultContent(SwitchTo.java:180)
	at com.NewVision.InnoVision.engine.support.reflect.MethodExecutor.executeMethod(MethodExecutor.java:39)
	at com.NewVision.InnoVision.engine.execution.run.TestStepRunner.executeAction(TestStepRunner.java:165)
	at com.NewVision.InnoVision.engine.execution.run.TestStepRunner.executeStep(TestStepRunner.java:161)
	at com.NewVision.InnoVision.engine.execution.run.TestStepRunner.executeStep(TestStepRunner.java:147)
	at com.NewVision.InnoVision.engine.execution.run.TestStepRunner.run(TestStepRunner.java:66)
	at com.NewVision.InnoVision.engine.execution.run.TestCaseRunner.runStep(TestCaseRunner.java:397)
	at com.NewVision.InnoVision.engine.execution.run.TestCaseRunner.run(TestCaseRunner.java:348)
	at com.NewVision.InnoVision.engine.core.Task.runIteration(Task.java:127)
	at com.NewVision.InnoVision.engine.core.Task.run(Task.java:83)
	at java.base/java.util.concurrent.ThreadPoolExecutor.runWorker(ThreadPoolExecutor.java:1144)
	at java.base/java.util.concurrent.ThreadPoolExecutor$Worker.run(ThreadPoolExecutor.java:642)
	at java.base/java.lang.Thread.run(Thread.java:1623)

Step:42  | Object: Browser | Action: switchToFrame | Input:*********  | Conditon:  | @14-Aug-2023 16:30:20.020
2023-08-14 16:30:20:08S +0530 [OFF ] com.NewVision.InnoVision.engine.commands.SwitchTo switchToFrame:null
org.openqa.selenium.NoSuchWindowException: no such window: target window already closed
from unknown error: web view not found
  (Session info: chrome=115.0.5790.171)
Build info: version: '3.141.59', revision: 'e82be7d358', time: '2018-11-14T08:17:03'
System info: host: 'SHAILJAR', ip: '10.20.0.31', os.name: 'Windows 11', os.arch: 'amd64', os.version: '10.0', java.version: '20.0.1'
Driver info: org.openqa.selenium.chrome.ChromeDriver
Capabilities {acceptInsecureCerts: false, browserName: chrome, browserVersion: 115.0.5790.171, chrome: {chromedriverVersion: 114.0.5735.90 (386bc09e8f4f..., userDataDir: C:\Users\SHAILJ~1.RAJ\AppDa...}, goog:chromeOptions: {debuggerAddress: localhost:64779}, javascriptEnabled: true, networkConnectionEnabled: false, pageLoadStrategy: normal, platform: WINDOWS, platformName: WINDOWS, proxy: Proxy(), setWindowRect: true, strictFileInteractability: false, timeouts: {implicit: 0, pageLoad: 300000, script: 30000}, unhandledPromptBehavior: dismiss and notify, webauthn:extension:credBlob: true, webauthn:extension:largeBlob: true, webauthn:extension:minPinLength: true, webauthn:extension:prf: true, webauthn:virtualAuthenticators: true}
Session ID: d04a13082fc010a2469e88982c4999d5
*** Element info: {Using=css selector, value=frame[name='main'],iframe[name='main']}
	at java.base/jdk.internal.reflect.DirectConstructorHandleAccessor.newInstance(DirectConstructorHandleAccessor.java:67)
	at java.base/java.lang.reflect.Constructor.newInstanceWithCaller(Constructor.java:500)
	at java.base/java.lang.reflect.Constructor.newInstance(Constructor.java:484)
	at org.openqa.selenium.remote.http.W3CHttpResponseCodec.createException(W3CHttpResponseCodec.java:187)
	at org.openqa.selenium.remote.http.W3CHttpResponseCodec.decode(W3CHttpResponseCodec.java:122)
	at org.openqa.selenium.remote.http.W3CHttpResponseCodec.decode(W3CHttpResponseCodec.java:49)
	at org.openqa.selenium.remote.HttpCommandExecutor.execute(HttpCommandExecutor.java:158)
	at org.openqa.selenium.remote.service.DriverCommandExecutor.execute(DriverCommandExecutor.java:83)
	at org.openqa.selenium.remote.RemoteWebDriver.execute(RemoteWebDriver.java:552)
	at org.openqa.selenium.remote.RemoteWebDriver.findElements(RemoteWebDriver.java:353)
	at org.openqa.selenium.remote.RemoteWebDriver.findElementsByCssSelector(RemoteWebDriver.java:424)
	at org.openqa.selenium.By$ByCssSelector.findElements(By.java:441)
	at org.openqa.selenium.remote.RemoteWebDriver.findElements(RemoteWebDriver.java:311)
	at org.openqa.selenium.remote.RemoteWebDriver$RemoteTargetLocator.frame(RemoteWebDriver.java:878)
	at com.NewVision.InnoVision.engine.commands.SwitchTo.switchToFrame(SwitchTo.java:46)
	at com.NewVision.InnoVision.engine.support.reflect.MethodExecutor.executeMethod(MethodExecutor.java:39)
	at com.NewVision.InnoVision.engine.execution.run.TestStepRunner.executeAction(TestStepRunner.java:165)
	at com.NewVision.InnoVision.engine.execution.run.TestStepRunner.executeStep(TestStepRunner.java:161)
	at com.NewVision.InnoVision.engine.execution.run.TestStepRunner.executeStep(TestStepRunner.java:147)
	at com.NewVision.InnoVision.engine.execution.run.TestStepRunner.run(TestStepRunner.java:66)
	at com.NewVision.InnoVision.engine.execution.run.TestCaseRunner.runStep(TestCaseRunner.java:397)
	at com.NewVision.InnoVision.engine.execution.run.TestCaseRunner.run(TestCaseRunner.java:348)
	at com.NewVision.InnoVision.engine.core.Task.runIteration(Task.java:127)
	at com.NewVision.InnoVision.engine.core.Task.run(Task.java:83)
	at java.base/java.util.concurrent.ThreadPoolExecutor.runWorker(ThreadPoolExecutor.java:1144)
	at java.base/java.util.concurrent.ThreadPoolExecutor$Worker.run(ThreadPoolExecutor.java:642)
	at java.base/java.lang.Thread.run(Thread.java:1623)

[DEBUG]   | no such window: target window already closed
from unknown error: web view not found
  (Session info: chrome=115.0.5790.171)
Build info: version: '3.141.59', revision: 'e82be7d358', time: '2018-11-14T08:17:03'
System info: host: 'SHAILJAR', ip: '10.20.0.31', os.name: 'Windows 11', os.arch: 'amd64', os.version: '10.0', java.version: '20.0.1'
Driver info: org.openqa.selenium.chrome.ChromeDriver
Capabilities {acceptInsecureCerts: false, browserName: chrome, browserVersion: 115.0.5790.171, chrome: {chromedriverVersion: 114.0.5735.90 (386bc09e8f4f..., userDataDir: C:\Users\SHAILJ~1.RAJ\AppDa...}, goog:chromeOptions: {debuggerAddress: localhost:64779}, javascriptEnabled: true, networkConnectionEnabled: false, pageLoadStrategy: normal, platform: WINDOWS, platformName: WINDOWS, proxy: Proxy(), setWindowRect: true, strictFileInteractability: false, timeouts: {implicit: 0, pageLoad: 300000, script: 30000}, unhandledPromptBehavior: dismiss and notify, webauthn:extension:credBlob: true, webauthn:extension:largeBlob: true, webauthn:extension:minPinLength: true, webauthn:extension:prf: true, webauthn:virtualAuthenticators: true}
Session ID: d04a13082fc010a2469e88982c4999d5
*** Element info: {Using=css selector, value=frame[name='main'],iframe[name='main']}

===================================================================================================

Step:43  | Object: Browser | Action: switchToFrame | Input:*********  | Conditon:  | @14-Aug-2023 16:30:20.020
2023-08-14 16:30:20:08S +0530 [OFF ] com.NewVision.InnoVision.engine.commands.SwitchTo switchToFrame:null
org.openqa.selenium.NoSuchWindowException: no such window: target window already closed
from unknown error: web view not found
  (Session info: chrome=115.0.5790.171)
Build info: version: '3.141.59', revision: 'e82be7d358', time: '2018-11-14T08:17:03'
System info: host: 'SHAILJAR', ip: '10.20.0.31', os.name: 'Windows 11', os.arch: 'amd64', os.version: '10.0', java.version: '20.0.1'
Driver info: org.openqa.selenium.chrome.ChromeDriver
Capabilities {acceptInsecureCerts: false, browserName: chrome, browserVersion: 115.0.5790.171, chrome: {chromedriverVersion: 114.0.5735.90 (386bc09e8f4f..., userDataDir: C:\Users\SHAILJ~1.RAJ\AppDa...}, goog:chromeOptions: {debuggerAddress: localhost:64779}, javascriptEnabled: true, networkConnectionEnabled: false, pageLoadStrategy: normal, platform: WINDOWS, platformName: WINDOWS, proxy: Proxy(), setWindowRect: true, strictFileInteractability: false, timeouts: {implicit: 0, pageLoad: 300000, script: 30000}, unhandledPromptBehavior: dismiss and notify, webauthn:extension:credBlob: true, webauthn:extension:largeBlob: true, webauthn:extension:minPinLength: true, webauthn:extension:prf: true, webauthn:virtualAuthenticators: true}
Session ID: d04a13082fc010a2469e88982c4999d5
*** Element info: {Using=css selector, value=frame[name='tabMenu'],iframe[name='tabMenu']}
	at java.base/jdk.internal.reflect.DirectConstructorHandleAccessor.newInstance(DirectConstructorHandleAccessor.java:67)
	at java.base/java.lang.reflect.Constructor.newInstanceWithCaller(Constructor.java:500)
	at java.base/java.lang.reflect.Constructor.newInstance(Constructor.java:484)
	at org.openqa.selenium.remote.http.W3CHttpResponseCodec.createException(W3CHttpResponseCodec.java:187)
	at org.openqa.selenium.remote.http.W3CHttpResponseCodec.decode(W3CHttpResponseCodec.java:122)
	at org.openqa.selenium.remote.http.W3CHttpResponseCodec.decode(W3CHttpResponseCodec.java:49)
	at org.openqa.selenium.remote.HttpCommandExecutor.execute(HttpCommandExecutor.java:158)
	at org.openqa.selenium.remote.service.DriverCommandExecutor.execute(DriverCommandExecutor.java:83)
	at org.openqa.selenium.remote.RemoteWebDriver.execute(RemoteWebDriver.java:552)
	at org.openqa.selenium.remote.RemoteWebDriver.findElements(RemoteWebDriver.java:353)
	at org.openqa.selenium.remote.RemoteWebDriver.findElementsByCssSelector(RemoteWebDriver.java:424)
	at org.openqa.selenium.By$ByCssSelector.findElements(By.java:441)
	at org.openqa.selenium.remote.RemoteWebDriver.findElements(RemoteWebDriver.java:311)
	at org.openqa.selenium.remote.RemoteWebDriver$RemoteTargetLocator.frame(RemoteWebDriver.java:878)
	at com.NewVision.InnoVision.engine.commands.SwitchTo.switchToFrame(SwitchTo.java:46)
	at com.NewVision.InnoVision.engine.support.reflect.MethodExecutor.executeMethod(MethodExecutor.java:39)
	at com.NewVision.InnoVision.engine.execution.run.TestStepRunner.executeAction(TestStepRunner.java:165)
	at com.NewVision.InnoVision.engine.execution.run.TestStepRunner.executeStep(TestStepRunner.java:161)
	at com.NewVision.InnoVision.engine.execution.run.TestStepRunner.executeStep(TestStepRunner.java:147)
	at com.NewVision.InnoVision.engine.execution.run.TestStepRunner.run(TestStepRunner.java:66)
	at com.NewVision.InnoVision.engine.execution.run.TestCaseRunner.runStep(TestCaseRunner.java:397)
	at com.NewVision.InnoVision.engine.execution.run.TestCaseRunner.run(TestCaseRunner.java:348)
	at com.NewVision.InnoVision.engine.core.Task.runIteration(Task.java:127)
	at com.NewVision.InnoVision.engine.core.Task.run(Task.java:83)
	at java.base/java.util.concurrent.ThreadPoolExecutor.runWorker(ThreadPoolExecutor.java:1144)
	at java.base/java.util.concurrent.ThreadPoolExecutor$Worker.run(ThreadPoolExecutor.java:642)
	at java.base/java.lang.Thread.run(Thread.java:1623)

[DEBUG]   | no such window: target window already closed
from unknown error: web view not found
  (Session info: chrome=115.0.5790.171)
Build info: version: '3.141.59', revision: 'e82be7d358', time: '2018-11-14T08:17:03'
System info: host: 'SHAILJAR', ip: '10.20.0.31', os.name: 'Windows 11', os.arch: 'amd64', os.version: '10.0', java.version: '20.0.1'
Driver info: org.openqa.selenium.chrome.ChromeDriver
Capabilities {acceptInsecureCerts: false, browserName: chrome, browserVersion: 115.0.5790.171, chrome: {chromedriverVersion: 114.0.5735.90 (386bc09e8f4f..., userDataDir: C:\Users\SHAILJ~1.RAJ\AppDa...}, goog:chromeOptions: {debuggerAddress: localhost:64779}, javascriptEnabled: true, networkConnectionEnabled: false, pageLoadStrategy: normal, platform: WINDOWS, platformName: WINDOWS, proxy: Proxy(), setWindowRect: true, strictFileInteractability: false, timeouts: {implicit: 0, pageLoad: 300000, script: 30000}, unhandledPromptBehavior: dismiss and notify, webauthn:extension:credBlob: true, webauthn:extension:largeBlob: true, webauthn:extension:minPinLength: true, webauthn:extension:prf: true, webauthn:virtualAuthenticators: true}
Session ID: d04a13082fc010a2469e88982c4999d5
*** Element info: {Using=css selector, value=frame[name='tabMenu'],iframe[name='tabMenu']}

===================================================================================================

Step:44  | Object: Roles1 | Action: clickByJS | Input:*********  | Conditon:  | @14-Aug-2023 16:30:20.020
2023-08-14 16:30:20:08S +0530 [SEVERE] com.NewVision.InnoVision.engine.core.Task runIteration:Driver Chrome Closed / Could not be reached
com.NewVision.InnoVision.engine.execution.exception.DriverClosedException: Driver Chrome Closed / Could not be reached
	at com.NewVision.InnoVision.engine.drivers.SeleniumDriver.isAlive(SeleniumDriver.java:148)
	at com.NewVision.InnoVision.engine.core.CommandControl.canIFindElement(CommandControl.java:108)
	at com.NewVision.InnoVision.engine.core.CommandControl.sync(CommandControl.java:97)
	at com.NewVision.InnoVision.engine.core.CommandControl.sync(CommandControl.java:183)
	at com.NewVision.InnoVision.engine.execution.run.TestStepRunner.executeStep(TestStepRunner.java:160)
	at com.NewVision.InnoVision.engine.execution.run.TestStepRunner.executeStep(TestStepRunner.java:147)
	at com.NewVision.InnoVision.engine.execution.run.TestStepRunner.run(TestStepRunner.java:66)
	at com.NewVision.InnoVision.engine.execution.run.TestCaseRunner.runStep(TestCaseRunner.java:397)
	at com.NewVision.InnoVision.engine.execution.run.TestCaseRunner.run(TestCaseRunner.java:348)
	at com.NewVision.InnoVision.engine.core.Task.runIteration(Task.java:127)
	at com.NewVision.InnoVision.engine.core.Task.run(Task.java:83)
	at java.base/java.util.concurrent.ThreadPoolExecutor.runWorker(ThreadPoolExecutor.java:1144)
	at java.base/java.util.concurrent.ThreadPoolExecutor$Worker.run(ThreadPoolExecutor.java:642)
	at java.base/java.lang.Thread.run(Thread.java:1623)

[FAIL]   | Driver Chrome Closed / Could not be reached

===================================================================================================


---------------------------------------------------
Testcase Name        : To Do scenario:To Do Type
Executed Steps       : 48
Passed Steps         : 31
Failed Steps         : 17
Time Taken           : 00:06:53
-----------------------------------------------------

Run Finished on Mon Aug 14 16:30:20 IST 2023
-----------------------------------------------------
ExecutionDate        : 14-Aug-2023 16-23-27
Executed TestCases   : 1
Passed TestCases     : 0
Failed TestCases     : 1
Time Taken           : 00:06:53
ReportPath           : file:///C:\Users\shailja.rajak\Downloads\InnoVision-2.0-setup\InnoVision-1.0\Projects\C2M\Results\TestDesign\To Do scenario\To Do Type\14-Aug-2023 16-23-27\summary.html
-----------------------------------------------------
[Thread-195] INFO com.NewVision.InnoVision.engine.support.DesktopApi - Trying to Open - C:\Users\shailja.rajak\Downloads\InnoVision-2.0-setup\InnoVision-1.0\Projects\C2M\Results\TestDesign\To Do scenario\To Do Type\14-Aug-2023 16-23-27\summary.html
[Thread-195] INFO com.NewVision.InnoVision.engine.support.DesktopApi - Trying to exec: [explorer] [%s] [C:\Users\shailja.rajak\Downloads\InnoVision-2.0-setup\InnoVision-1.0\Projects\C2M\Results\TestDesign\To Do scenario\To Do Type\14-Aug-2023 16-23-27\summary.html]
