Run Information
========================
NewVision.intelligent.test.scripter.engine :  1.0
java.runtime.name                          :  Java(TM) SE Runtime Environment
java.version                               :  20.0.1
java.home                                  :  C:\Program Files\Java\jdk-20
os.name                                    :  Windows 11
os.arch                                    :  amd64
os.version                                 :  10.0
file.encoding                              :  UTF-8
========================
Run Started on Thu Aug 17 21:46:48 IST 2023

Scenario         :  [To Do scenario]
TestCase         :  [to do entry]
Browser          :  [Chrome]
Browser Version  :  [null]
Platform         :  [null]
----------------------------------------------------------
Initializing Report
Running Iteration :  [Single]

===================================================================================================

Step:1  |  Object:Browser  |  Action:Open  |  Input: %Login_Link%  |  Condition:  | @17-Aug-2023 21:47:03.003
[FAIL]   | java.net.ConnectException: Failed to connect to localhost/[0:0:0:0:0:0:0:1]:16834
Build info: version: '3.141.59', revision: 'e82be7d358', time: '2018-11-14T08:17:03'
System info: host: 'SHAILJAR', ip: '192.168.33.90', os.name: 'Windows 11', os.arch: 'amd64', os.version: '10.0', java.version: '20.0.1'
Driver info: driver.version: RemoteWebDriver


===================================================================================================

Step:1  |  Object:Browser  |  Action:Open  |  Input: %Login_Link%  |  Condition:  | @17-Aug-2023 21:47:03.003
[FAIL]   | java.net.ConnectException: Failed to connect to localhost/[0:0:0:0:0:0:0:1]:16834
Build info: version: '3.141.59', revision: 'e82be7d358', time: '2018-11-14T08:17:03'
System info: host: 'SHAILJAR', ip: '192.168.33.90', os.name: 'Windows 11', os.arch: 'amd64', os.version: '10.0', java.version: '20.0.1'
Driver info: driver.version: RemoteWebDriver


===================================================================================================

Step:2  |  Object:j_username  |  Action:Click  |  Input:   |  Condition:  | @17-Aug-2023 21:47:03.003
[FAIL]   | Driver Chrome Closed / Could not be reached

---------------------------------------------------
Testcase Name        : To Do scenario:to do entry
Executed Steps       : 3
Passed Steps         : 0
Failed Steps         : 3
Time Taken           : 00:00:15
---------------------------------------------------

