Run Information
========================
NewVision.intelligent.test.scripter.engine : 1.0
java.runtime.name    : Java(TM) SE Runtime Environment
java.version         : 20.0.1
java.home            : C:\Program Files\Java\jdk-20
os.name              : Windows 11
os.arch              : amd64
os.version           : 10.0
file.encoding        : UTF-8
========================
Run Started on Mon Aug 07 09:56:11 IST 2023
Loading Browser Profile
Loading RunManager
[Scenario:To Do scenario] [TestCase: to do entry] [Description: Test Run] [Browser: Chrome] [BrowserVersion: default] [Platform: ANY][ExistingBrowser: false]
Initializing Report
[Thread-12] WARN com.NewVision.InnoVision.engine.core.TMIntegration - TM integration disabled for testcases running via design mode
ApiLink not available!!
Run Manager true
Continue Execution true
Shutting Down Thread as there is no need for SelectiveThreading
Running Iteration 1
Launching Chrome
Launching Local Driver
[pool-5-thread-1] ERROR io.github.bonigarcia.wdm.online.HttpClient - Error HTTP 404 executing https://chromedriver.storage.googleapis.com/LATEST_RELEASE_115
[pool-5-thread-1] WARN io.github.bonigarcia.wdm.versions.VersionDetector - Exception reading https://chromedriver.storage.googleapis.com/LATEST_RELEASE_115 to get latest version of chromedriver (Error HTTP 404 executing https://chromedriver.storage.googleapis.com/LATEST_RELEASE_115)
[pool-5-thread-1] INFO io.github.bonigarcia.wdm.WebDriverManager - Exporting webdriver.chrome.driver as C:\Users\shailja.rajak\.cache\selenium\chromedriver\win32\114.0.5735.90\chromedriver.exe
Starting ChromeDriver 114.0.5735.90 (386bc09e8f4f2e025eddae123f36f6263096ae49-refs/branch-heads/5735@{#1052}) on port 54595
Only local connections are allowed.
Please see https://chromedriver.chromium.org/security-considerations for suggestions on keeping ChromeDriver safe.
ChromeDriver was started successfully.
[1691382373.366][WARNING]: This version of ChromeDriver has not been tested with Chrome version 115.
2023-08-07 09:56:13:08S +0530 [INFO] org.openqa.selenium.remote.ProtocolHandshake createSession:Detected dialect: W3C
Chrome Launched
Step:1   | Object: Browser | Action: Open | Input:*********  | Conditon:  | @07-Aug-2023 09:56:13.013
2023-08-07 09:56:18:08S +0530 [OFF ] com.NewVision.InnoVision.engine.commands.Basic Open:null
org.openqa.selenium.WebDriverException: unknown error: net::ERR_CONNECTION_REFUSED
  (Session info: chrome=115.0.5790.111)
Build info: version: '3.141.59', revision: 'e82be7d358', time: '2018-11-14T08:17:03'
System info: host: 'SHAILJAR', ip: '10.20.0.60', os.name: 'Windows 11', os.arch: 'amd64', os.version: '10.0', java.version: '20.0.1'
Driver info: org.openqa.selenium.chrome.ChromeDriver
Capabilities {acceptInsecureCerts: false, browserName: chrome, browserVersion: 115.0.5790.111, chrome: {chromedriverVersion: 114.0.5735.90 (386bc09e8f4f..., userDataDir: C:\Users\SHAILJ~1.RAJ\AppDa...}, goog:chromeOptions: {debuggerAddress: localhost:63786}, javascriptEnabled: true, networkConnectionEnabled: false, pageLoadStrategy: normal, platform: WINDOWS, platformName: WINDOWS, proxy: Proxy(), setWindowRect: true, strictFileInteractability: false, timeouts: {implicit: 0, pageLoad: 300000, script: 30000}, unhandledPromptBehavior: dismiss and notify, webauthn:extension:credBlob: true, webauthn:extension:largeBlob: true, webauthn:extension:minPinLength: true, webauthn:extension:prf: true, webauthn:virtualAuthenticators: true}
Session ID: 239b731f5a778e58b1be5c37d93e73b9
	at java.base/jdk.internal.reflect.DirectConstructorHandleAccessor.newInstance(DirectConstructorHandleAccessor.java:67)
	at java.base/java.lang.reflect.Constructor.newInstanceWithCaller(Constructor.java:500)
	at java.base/java.lang.reflect.Constructor.newInstance(Constructor.java:484)
	at org.openqa.selenium.remote.http.W3CHttpResponseCodec.createException(W3CHttpResponseCodec.java:187)
	at org.openqa.selenium.remote.http.W3CHttpResponseCodec.decode(W3CHttpResponseCodec.java:122)
	at org.openqa.selenium.remote.http.W3CHttpResponseCodec.decode(W3CHttpResponseCodec.java:49)
	at org.openqa.selenium.remote.HttpCommandExecutor.execute(HttpCommandExecutor.java:158)
	at org.openqa.selenium.remote.service.DriverCommandExecutor.execute(DriverCommandExecutor.java:83)
	at org.openqa.selenium.remote.RemoteWebDriver.execute(RemoteWebDriver.java:552)
	at org.openqa.selenium.remote.RemoteWebDriver.get(RemoteWebDriver.java:277)
	at com.NewVision.InnoVision.engine.commands.Basic.Open(Basic.java:199)
	at com.NewVision.InnoVision.engine.support.reflect.MethodExecutor.executeMethod(MethodExecutor.java:39)
	at com.NewVision.InnoVision.engine.execution.run.TestStepRunner.executeAction(TestStepRunner.java:165)
	at com.NewVision.InnoVision.engine.execution.run.TestStepRunner.executeStep(TestStepRunner.java:161)
	at com.NewVision.InnoVision.engine.execution.run.TestStepRunner.executeStep(TestStepRunner.java:147)
	at com.NewVision.InnoVision.engine.execution.run.TestStepRunner.run(TestStepRunner.java:66)
	at com.NewVision.InnoVision.engine.execution.run.TestCaseRunner.runStep(TestCaseRunner.java:397)
	at com.NewVision.InnoVision.engine.execution.run.TestCaseRunner.run(TestCaseRunner.java:348)
	at com.NewVision.InnoVision.engine.execution.run.TestCaseRunner.run(TestCaseRunner.java:389)
	at com.NewVision.InnoVision.engine.execution.run.TestStepRunner.executeTestCase(TestStepRunner.java:137)
	at com.NewVision.InnoVision.engine.execution.run.TestStepRunner.execute(TestStepRunner.java:118)
	at com.NewVision.InnoVision.engine.execution.run.TestStepRunner.run(TestStepRunner.java:63)
	at com.NewVision.InnoVision.engine.execution.run.TestCaseRunner.runStep(TestCaseRunner.java:397)
	at com.NewVision.InnoVision.engine.execution.run.TestCaseRunner.run(TestCaseRunner.java:348)
	at com.NewVision.InnoVision.engine.core.Task.runIteration(Task.java:127)
	at com.NewVision.InnoVision.engine.core.Task.run(Task.java:83)
	at java.base/java.util.concurrent.ThreadPoolExecutor.runWorker(ThreadPoolExecutor.java:1144)
	at java.base/java.util.concurrent.ThreadPoolExecutor$Worker.run(ThreadPoolExecutor.java:642)
	at java.base/java.lang.Thread.run(Thread.java:1623)

[FAIL]   | unknown error: net::ERR_CONNECTION_REFUSED
  (Session info: chrome=115.0.5790.111)
Build info: version: '3.141.59', revision: 'e82be7d358', time: '2018-11-14T08:17:03'
System info: host: 'SHAILJAR', ip: '10.20.0.60', os.name: 'Windows 11', os.arch: 'amd64', os.version: '10.0', java.version: '20.0.1'
Driver info: org.openqa.selenium.chrome.ChromeDriver
Capabilities {acceptInsecureCerts: false, browserName: chrome, browserVersion: 115.0.5790.111, chrome: {chromedriverVersion: 114.0.5735.90 (386bc09e8f4f..., userDataDir: C:\Users\SHAILJ~1.RAJ\AppDa...}, goog:chromeOptions: {debuggerAddress: localhost:63786}, javascriptEnabled: true, networkConnectionEnabled: false, pageLoadStrategy: normal, platform: WINDOWS, platformName: WINDOWS, proxy: Proxy(), setWindowRect: true, strictFileInteractability: false, timeouts: {implicit: 0, pageLoad: 300000, script: 30000}, unhandledPromptBehavior: dismiss and notify, webauthn:extension:credBlob: true, webauthn:extension:largeBlob: true, webauthn:extension:minPinLength: true, webauthn:extension:prf: true, webauthn:virtualAuthenticators: true}
Session ID: 239b731f5a778e58b1be5c37d93e73b9

===================================================================================================

[FAIL]   | unknown error: net::ERR_CONNECTION_REFUSED
  (Session info: chrome=115.0.5790.111)
Build info: version: '3.141.59', revision: 'e82be7d358', time: '2018-11-14T08:17:03'
System info: host: 'SHAILJAR', ip: '10.20.0.60', os.name: 'Windows 11', os.arch: 'amd64', os.version: '10.0', java.version: '20.0.1'
Driver info: org.openqa.selenium.chrome.ChromeDriver
Capabilities {acceptInsecureCerts: false, browserName: chrome, browserVersion: 115.0.5790.111, chrome: {chromedriverVersion: 114.0.5735.90 (386bc09e8f4f..., userDataDir: C:\Users\SHAILJ~1.RAJ\AppDa...}, goog:chromeOptions: {debuggerAddress: localhost:63786}, javascriptEnabled: true, networkConnectionEnabled: false, pageLoadStrategy: normal, platform: WINDOWS, platformName: WINDOWS, proxy: Proxy(), setWindowRect: true, strictFileInteractability: false, timeouts: {implicit: 0, pageLoad: 300000, script: 30000}, unhandledPromptBehavior: dismiss and notify, webauthn:extension:credBlob: true, webauthn:extension:largeBlob: true, webauthn:extension:minPinLength: true, webauthn:extension:prf: true, webauthn:virtualAuthenticators: true}
Session ID: 239b731f5a778e58b1be5c37d93e73b9

===================================================================================================

2023-08-07 09:56:19:08S +0530 [SEVERE] com.NewVision.InnoVision.engine.execution.run.TestCaseRunner onRuntimeException:unknown error: net::ERR_CONNECTION_REFUSED
  (Session info: chrome=115.0.5790.111)
Build info: version: '3.141.59', revision: 'e82be7d358', time: '2018-11-14T08:17:03'
System info: host: 'SHAILJAR', ip: '10.20.0.60', os.name: 'Windows 11', os.arch: 'amd64', os.version: '10.0', java.version: '20.0.1'
Driver info: org.openqa.selenium.chrome.ChromeDriver
Capabilities {acceptInsecureCerts: false, browserName: chrome, browserVersion: 115.0.5790.111, chrome: {chromedriverVersion: 114.0.5735.90 (386bc09e8f4f..., userDataDir: C:\Users\SHAILJ~1.RAJ\AppDa...}, goog:chromeOptions: {debuggerAddress: localhost:63786}, javascriptEnabled: true, networkConnectionEnabled: false, pageLoadStrategy: normal, platform: WINDOWS, platformName: WINDOWS, proxy: Proxy(), setWindowRect: true, strictFileInteractability: false, timeouts: {implicit: 0, pageLoad: 300000, script: 30000}, unhandledPromptBehavior: dismiss and notify, webauthn:extension:credBlob: true, webauthn:extension:largeBlob: true, webauthn:extension:minPinLength: true, webauthn:extension:prf: true, webauthn:virtualAuthenticators: true}
Session ID: 239b731f5a778e58b1be5c37d93e73b9
com.NewVision.InnoVision.engine.execution.exception.ForcedException: unknown error: net::ERR_CONNECTION_REFUSED
  (Session info: chrome=115.0.5790.111)
Build info: version: '3.141.59', revision: 'e82be7d358', time: '2018-11-14T08:17:03'
System info: host: 'SHAILJAR', ip: '10.20.0.60', os.name: 'Windows 11', os.arch: 'amd64', os.version: '10.0', java.version: '20.0.1'
Driver info: org.openqa.selenium.chrome.ChromeDriver
Capabilities {acceptInsecureCerts: false, browserName: chrome, browserVersion: 115.0.5790.111, chrome: {chromedriverVersion: 114.0.5735.90 (386bc09e8f4f..., userDataDir: C:\Users\SHAILJ~1.RAJ\AppDa...}, goog:chromeOptions: {debuggerAddress: localhost:63786}, javascriptEnabled: true, networkConnectionEnabled: false, pageLoadStrategy: normal, platform: WINDOWS, platformName: WINDOWS, proxy: Proxy(), setWindowRect: true, strictFileInteractability: false, timeouts: {implicit: 0, pageLoad: 300000, script: 30000}, unhandledPromptBehavior: dismiss and notify, webauthn:extension:credBlob: true, webauthn:extension:largeBlob: true, webauthn:extension:minPinLength: true, webauthn:extension:prf: true, webauthn:virtualAuthenticators: true}
Session ID: 239b731f5a778e58b1be5c37d93e73b9
	at com.NewVision.InnoVision.engine.commands.Basic.Open(Basic.java:208)
	at com.NewVision.InnoVision.engine.support.reflect.MethodExecutor.executeMethod(MethodExecutor.java:39)
	at com.NewVision.InnoVision.engine.execution.run.TestStepRunner.executeAction(TestStepRunner.java:165)
	at com.NewVision.InnoVision.engine.execution.run.TestStepRunner.executeStep(TestStepRunner.java:161)
	at com.NewVision.InnoVision.engine.execution.run.TestStepRunner.executeStep(TestStepRunner.java:147)
	at com.NewVision.InnoVision.engine.execution.run.TestStepRunner.run(TestStepRunner.java:66)
	at com.NewVision.InnoVision.engine.execution.run.TestCaseRunner.runStep(TestCaseRunner.java:397)
	at com.NewVision.InnoVision.engine.execution.run.TestCaseRunner.run(TestCaseRunner.java:348)
	at com.NewVision.InnoVision.engine.execution.run.TestCaseRunner.run(TestCaseRunner.java:389)
	at com.NewVision.InnoVision.engine.execution.run.TestStepRunner.executeTestCase(TestStepRunner.java:137)
	at com.NewVision.InnoVision.engine.execution.run.TestStepRunner.execute(TestStepRunner.java:118)
	at com.NewVision.InnoVision.engine.execution.run.TestStepRunner.run(TestStepRunner.java:63)
	at com.NewVision.InnoVision.engine.execution.run.TestCaseRunner.runStep(TestCaseRunner.java:397)
	at com.NewVision.InnoVision.engine.execution.run.TestCaseRunner.run(TestCaseRunner.java:348)
	at com.NewVision.InnoVision.engine.core.Task.runIteration(Task.java:127)
	at com.NewVision.InnoVision.engine.core.Task.run(Task.java:83)
	at java.base/java.util.concurrent.ThreadPoolExecutor.runWorker(ThreadPoolExecutor.java:1144)
	at java.base/java.util.concurrent.ThreadPoolExecutor$Worker.run(ThreadPoolExecutor.java:642)
	at java.base/java.lang.Thread.run(Thread.java:1623)

Step:2   | Object: j_username | Action: Click | Input:*********  | Conditon:  | @07-Aug-2023 09:56:19.019
2023-08-07 09:56:19:08S +0530 [SEVERE] com.NewVision.InnoVision.engine.core.Task runIteration:Driver Chrome Closed / Could not be reached
com.NewVision.InnoVision.engine.execution.exception.DriverClosedException: Driver Chrome Closed / Could not be reached
	at com.NewVision.InnoVision.engine.drivers.SeleniumDriver.isAlive(SeleniumDriver.java:148)
	at com.NewVision.InnoVision.engine.core.CommandControl.canIFindElement(CommandControl.java:108)
	at com.NewVision.InnoVision.engine.core.CommandControl.sync(CommandControl.java:97)
	at com.NewVision.InnoVision.engine.core.CommandControl.sync(CommandControl.java:183)
	at com.NewVision.InnoVision.engine.execution.run.TestStepRunner.executeStep(TestStepRunner.java:160)
	at com.NewVision.InnoVision.engine.execution.run.TestStepRunner.executeStep(TestStepRunner.java:147)
	at com.NewVision.InnoVision.engine.execution.run.TestStepRunner.run(TestStepRunner.java:66)
	at com.NewVision.InnoVision.engine.execution.run.TestCaseRunner.runStep(TestCaseRunner.java:397)
	at com.NewVision.InnoVision.engine.execution.run.TestCaseRunner.run(TestCaseRunner.java:348)
	at com.NewVision.InnoVision.engine.execution.run.TestCaseRunner.run(TestCaseRunner.java:389)
	at com.NewVision.InnoVision.engine.execution.run.TestStepRunner.executeTestCase(TestStepRunner.java:137)
	at com.NewVision.InnoVision.engine.execution.run.TestStepRunner.execute(TestStepRunner.java:118)
	at com.NewVision.InnoVision.engine.execution.run.TestStepRunner.run(TestStepRunner.java:63)
	at com.NewVision.InnoVision.engine.execution.run.TestCaseRunner.runStep(TestCaseRunner.java:397)
	at com.NewVision.InnoVision.engine.execution.run.TestCaseRunner.run(TestCaseRunner.java:348)
	at com.NewVision.InnoVision.engine.core.Task.runIteration(Task.java:127)
	at com.NewVision.InnoVision.engine.core.Task.run(Task.java:83)
	at java.base/java.util.concurrent.ThreadPoolExecutor.runWorker(ThreadPoolExecutor.java:1144)
	at java.base/java.util.concurrent.ThreadPoolExecutor$Worker.run(ThreadPoolExecutor.java:642)
	at java.base/java.lang.Thread.run(Thread.java:1623)

[FAIL]   | Driver Chrome Closed / Could not be reached

===================================================================================================


---------------------------------------------------
Testcase Name        : To Do scenario:to do entry
Executed Steps       : 3
Passed Steps         : 0
Failed Steps         : 3
Time Taken           : 00:00:08
-----------------------------------------------------

Run Finished on Mon Aug 07 09:56:19 IST 2023
-----------------------------------------------------
ExecutionDate        : 07-Aug-2023 09-56-11
Executed TestCases   : 1
Passed TestCases     : 0
Failed TestCases     : 1
Time Taken           : 00:00:08
ReportPath           : file:///C:\Users\shailja.rajak\Downloads\InnoVision-2.0-setup\InnoVision-1.0\Projects\C2M\Results\TestDesign\To Do scenario\to do entry\07-Aug-2023 09-56-11\summary.html
-----------------------------------------------------
[Thread-12] INFO com.NewVision.InnoVision.engine.support.DesktopApi - Trying to Open - C:\Users\shailja.rajak\Downloads\InnoVision-2.0-setup\InnoVision-1.0\Projects\C2M\Results\TestDesign\To Do scenario\to do entry\07-Aug-2023 09-56-11\summary.html
[Thread-12] INFO com.NewVision.InnoVision.engine.support.DesktopApi - Trying to exec: [explorer] [%s] [C:\Users\shailja.rajak\Downloads\InnoVision-2.0-setup\InnoVision-1.0\Projects\C2M\Results\TestDesign\To Do scenario\to do entry\07-Aug-2023 09-56-11\summary.html]
